<?xml version="1.0" encoding="UTF-8"?>
<coverage generated="1644002979053" clover="3.2.0">
  <project timestamp="1644002979053" name="All files">
    <metrics statements="480" coveredstatements="321" conditionals="183" coveredconditionals="98" methods="221" coveredmethods="139" elements="884" coveredelements="558" complexity="0" loc="480" ncloc="480" packages="25" files="73" classes="73"/>
    <package name="src">
      <metrics statements="15" coveredstatements="15" conditionals="1" coveredconditionals="1" methods="7" coveredmethods="7"/>
      <file name="test-utils.tsx" path="/Users/zeigfreid/Github/edvisor/Brainstorm/brainstorm/src/test-utils.tsx">
        <metrics statements="15" coveredstatements="15" conditionals="1" coveredconditionals="1" methods="7" coveredmethods="7"/>
        <line num="10" count="3" type="stmt"/>
        <line num="11" count="18" type="stmt"/>
        <line num="18" count="3" type="stmt"/>
        <line num="20" count="1" type="stmt"/>
        <line num="31" count="1" type="stmt"/>
        <line num="43" count="3" type="stmt"/>
        <line num="45" count="3" type="stmt"/>
        <line num="46" count="3" type="stmt"/>
        <line num="49" count="3" type="stmt"/>
        <line num="50" count="18" type="stmt"/>
        <line num="51" count="18" type="stmt"/>
        <line num="54" count="3" type="stmt"/>
        <line num="55" count="3" type="stmt"/>
        <line num="58" count="3" type="cond" truecount="1" falsecount="0"/>
        <line num="59" count="18" type="stmt"/>
      </file>
    </package>
    <package name="src.atoms._entry">
      <metrics statements="41" coveredstatements="31" conditionals="5" coveredconditionals="4" methods="20" coveredmethods="12"/>
      <file name="ApolloProvider.tsx" path="/Users/zeigfreid/Github/edvisor/Brainstorm/brainstorm/src/atoms/_entry/ApolloProvider.tsx">
        <metrics statements="2" coveredstatements="2" conditionals="0" coveredconditionals="0" methods="1" coveredmethods="1"/>
        <line num="11" count="18" type="stmt"/>
        <line num="13" count="18" type="stmt"/>
      </file>
      <file name="Brainstorm.tsx" path="/Users/zeigfreid/Github/edvisor/Brainstorm/brainstorm/src/atoms/_entry/Brainstorm.tsx">
        <metrics statements="10" coveredstatements="4" conditionals="0" coveredconditionals="0" methods="6" coveredmethods="1"/>
        <line num="11" count="2" type="stmt"/>
        <line num="23" count="0" type="stmt"/>
        <line num="24" count="0" type="stmt"/>
        <line num="25" count="0" type="stmt"/>
        <line num="39" count="0" type="stmt"/>
        <line num="41" count="0" type="stmt"/>
        <line num="52" count="4" type="stmt"/>
        <line num="53" count="0" type="stmt"/>
        <line num="58" count="4" type="stmt"/>
        <line num="60" count="4" type="stmt"/>
      </file>
      <file name="buildApolloClient.ts" path="/Users/zeigfreid/Github/edvisor/Brainstorm/brainstorm/src/atoms/_entry/buildApolloClient.ts">
        <metrics statements="24" coveredstatements="22" conditionals="5" coveredconditionals="4" methods="10" coveredmethods="9"/>
        <line num="18" count="0" type="stmt"/>
        <line num="23" count="6" type="stmt"/>
        <line num="24" count="15" type="stmt"/>
        <line num="26" count="15" type="stmt"/>
        <line num="34" count="6" type="stmt"/>
        <line num="42" count="3" type="stmt"/>
        <line num="47" count="28" type="stmt"/>
        <line num="48" count="28" type="stmt"/>
        <line num="50" count="28" type="stmt"/>
        <line num="54" count="43" type="cond" truecount="2" falsecount="1"/>
        <line num="55" count="4" type="stmt"/>
        <line num="56" count="39" type="stmt"/>
        <line num="57" count="0" type="stmt"/>
        <line num="68" count="21" type="cond" truecount="2" falsecount="0"/>
        <line num="69" count="18" type="stmt"/>
        <line num="72" count="3" type="stmt"/>
        <line num="73" count="15" type="stmt"/>
        <line num="74" count="15" type="stmt"/>
        <line num="76" count="15" type="stmt"/>
        <line num="78" count="15" type="stmt"/>
        <line num="80" count="13" type="stmt"/>
        <line num="82" count="13" type="stmt"/>
        <line num="88" count="3" type="stmt"/>
        <line num="93" count="3" type="stmt"/>
      </file>
      <file name="buildBrainstormBridge.ts" path="/Users/zeigfreid/Github/edvisor/Brainstorm/brainstorm/src/atoms/_entry/buildBrainstormBridge.ts">
        <metrics statements="5" coveredstatements="3" conditionals="0" coveredconditionals="0" methods="3" coveredmethods="1"/>
        <line num="10" count="2" type="stmt"/>
        <line num="11" count="55" type="stmt"/>
        <line num="15" count="2" type="stmt"/>
        <line num="20" count="0" type="stmt"/>
        <line num="24" count="0" type="stmt"/>
      </file>
      <file name="index.ts" path="/Users/zeigfreid/Github/edvisor/Brainstorm/brainstorm/src/atoms/_entry/index.ts">
        <metrics statements="0" coveredstatements="0" conditionals="0" coveredconditionals="0" methods="0" coveredmethods="0"/>
      </file>
    </package>
    <package name="src.atoms.components">
      <metrics statements="0" coveredstatements="0" conditionals="0" coveredconditionals="0" methods="0" coveredmethods="0"/>
      <file name="index.ts" path="/Users/zeigfreid/Github/edvisor/Brainstorm/brainstorm/src/atoms/components/index.ts">
        <metrics statements="0" coveredstatements="0" conditionals="0" coveredconditionals="0" methods="0" coveredmethods="0"/>
      </file>
    </package>
    <package name="src.atoms.components.ClickOutside">
      <metrics statements="13" coveredstatements="6" conditionals="4" coveredconditionals="0" methods="6" coveredmethods="4"/>
      <file name="ClickOutside.tsx" path="/Users/zeigfreid/Github/edvisor/Brainstorm/brainstorm/src/atoms/components/ClickOutside/ClickOutside.tsx">
        <metrics statements="13" coveredstatements="6" conditionals="4" coveredconditionals="0" methods="6" coveredmethods="4"/>
        <line num="17" count="22" type="stmt"/>
        <line num="19" count="22" type="stmt"/>
        <line num="20" count="22" type="stmt"/>
        <line num="25" count="22" type="stmt"/>
        <line num="30" count="22" type="stmt"/>
        <line num="34" count="0" type="cond" truecount="0" falsecount="2"/>
        <line num="35" count="0" type="stmt"/>
        <line num="41" count="0" type="stmt"/>
        <line num="42" count="0" type="stmt"/>
        <line num="44" count="0" type="cond" truecount="0" falsecount="2"/>
        <line num="45" count="0" type="stmt"/>
        <line num="48" count="0" type="stmt"/>
        <line num="52" count="35" type="stmt"/>
      </file>
      <file name="index.ts" path="/Users/zeigfreid/Github/edvisor/Brainstorm/brainstorm/src/atoms/components/ClickOutside/index.ts">
        <metrics statements="0" coveredstatements="0" conditionals="0" coveredconditionals="0" methods="0" coveredmethods="0"/>
      </file>
    </package>
    <package name="src.atoms.components.Nothing">
      <metrics statements="1" coveredstatements="1" conditionals="0" coveredconditionals="0" methods="1" coveredmethods="1"/>
      <file name="Nothing.tsx" path="/Users/zeigfreid/Github/edvisor/Brainstorm/brainstorm/src/atoms/components/Nothing/Nothing.tsx">
        <metrics statements="1" coveredstatements="1" conditionals="0" coveredconditionals="0" methods="1" coveredmethods="1"/>
        <line num="4" count="40" type="stmt"/>
      </file>
      <file name="index.ts" path="/Users/zeigfreid/Github/edvisor/Brainstorm/brainstorm/src/atoms/components/Nothing/index.ts">
        <metrics statements="0" coveredstatements="0" conditionals="0" coveredconditionals="0" methods="0" coveredmethods="0"/>
      </file>
    </package>
    <package name="src.atoms.components.Typography">
      <metrics statements="5" coveredstatements="5" conditionals="4" coveredconditionals="2" methods="2" coveredmethods="2"/>
      <file name="Typography.tsx" path="/Users/zeigfreid/Github/edvisor/Brainstorm/brainstorm/src/atoms/components/Typography/Typography.tsx">
        <metrics statements="5" coveredstatements="5" conditionals="4" coveredconditionals="2" methods="2" coveredmethods="2"/>
        <line num="13" count="55" type="cond" truecount="1" falsecount="1"/>
        <line num="21" count="55" type="stmt"/>
        <line num="23" count="55" type="stmt"/>
        <line num="25" count="55" type="cond" truecount="1" falsecount="1"/>
        <line num="28" count="2" type="stmt"/>
      </file>
      <file name="index.ts" path="/Users/zeigfreid/Github/edvisor/Brainstorm/brainstorm/src/atoms/components/Typography/index.ts">
        <metrics statements="0" coveredstatements="0" conditionals="0" coveredconditionals="0" methods="0" coveredmethods="0"/>
      </file>
    </package>
    <package name="src.atoms.helpers">
      <metrics statements="12" coveredstatements="6" conditionals="12" coveredconditionals="8" methods="9" coveredmethods="6"/>
      <file name="assert.ts" path="/Users/zeigfreid/Github/edvisor/Brainstorm/brainstorm/src/atoms/helpers/assert.ts">
        <metrics statements="2" coveredstatements="1" conditionals="3" coveredconditionals="2" methods="1" coveredmethods="1"/>
        <line num="2" count="258" type="cond" truecount="1" falsecount="1"/>
        <line num="3" count="0" type="stmt"/>
      </file>
      <file name="assertNever.ts" path="/Users/zeigfreid/Github/edvisor/Brainstorm/brainstorm/src/atoms/helpers/assertNever.ts">
        <metrics statements="1" coveredstatements="0" conditionals="0" coveredconditionals="0" methods="1" coveredmethods="0"/>
        <line num="2" count="0" type="stmt"/>
      </file>
      <file name="index.ts" path="/Users/zeigfreid/Github/edvisor/Brainstorm/brainstorm/src/atoms/helpers/index.ts">
        <metrics statements="0" coveredstatements="0" conditionals="0" coveredconditionals="0" methods="0" coveredmethods="0"/>
      </file>
      <file name="safeNavigation.ts" path="/Users/zeigfreid/Github/edvisor/Brainstorm/brainstorm/src/atoms/helpers/safeNavigation.ts">
        <metrics statements="8" coveredstatements="5" conditionals="9" coveredconditionals="6" methods="6" coveredmethods="5"/>
        <line num="9" count="913" type="cond" truecount="2" falsecount="0"/>
        <line num="14" count="478" type="stmt"/>
        <line num="19" count="102" type="cond" truecount="3" falsecount="0"/>
        <line num="40" count="11" type="cond" truecount="1" falsecount="1"/>
        <line num="41" count="0" type="stmt"/>
        <line num="47" count="0" type="cond" truecount="0" falsecount="2"/>
        <line num="48" count="0" type="stmt"/>
        <line num="53" count="36" type="stmt"/>
      </file>
      <file name="toString.ts" path="/Users/zeigfreid/Github/edvisor/Brainstorm/brainstorm/src/atoms/helpers/toString.ts">
        <metrics statements="1" coveredstatements="0" conditionals="0" coveredconditionals="0" methods="1" coveredmethods="0"/>
        <line num="4" count="0" type="stmt"/>
      </file>
    </package>
    <package name="src.atoms.helpers.type-safety">
      <metrics statements="64" coveredstatements="21" conditionals="40" coveredconditionals="3" methods="24" coveredmethods="8"/>
      <file name="index.ts" path="/Users/zeigfreid/Github/edvisor/Brainstorm/brainstorm/src/atoms/helpers/type-safety/index.ts">
        <metrics statements="0" coveredstatements="0" conditionals="0" coveredconditionals="0" methods="0" coveredmethods="0"/>
      </file>
      <file name="type-guard.ts" path="/Users/zeigfreid/Github/edvisor/Brainstorm/brainstorm/src/atoms/helpers/type-safety/type-guard.ts">
        <metrics statements="64" coveredstatements="21" conditionals="40" coveredconditionals="3" methods="24" coveredmethods="8"/>
        <line num="7" count="0" type="stmt"/>
        <line num="11" count="0" type="stmt"/>
        <line num="16" count="0" type="stmt"/>
        <line num="21" count="0" type="cond" truecount="0" falsecount="2"/>
        <line num="25" count="0" type="stmt"/>
        <line num="29" count="0" type="stmt"/>
        <line num="32" count="5" type="stmt"/>
        <line num="36" count="86" type="stmt"/>
        <line num="45" count="5" type="stmt"/>
        <line num="48" count="0" type="stmt"/>
        <line num="49" count="0" type="cond" truecount="0" falsecount="2"/>
        <line num="51" count="5" type="stmt"/>
        <line num="56" count="0" type="stmt"/>
        <line num="57" count="0" type="cond" truecount="0" falsecount="2"/>
        <line num="58" count="0" type="stmt"/>
        <line num="61" count="0" type="cond" truecount="0" falsecount="2"/>
        <line num="62" count="0" type="stmt"/>
        <line num="65" count="0" type="stmt"/>
        <line num="72" count="0" type="stmt"/>
        <line num="73" count="0" type="cond" truecount="0" falsecount="2"/>
        <line num="74" count="0" type="stmt"/>
        <line num="77" count="0" type="cond" truecount="0" falsecount="2"/>
        <line num="78" count="0" type="cond" truecount="0" falsecount="2"/>
        <line num="81" count="0" type="cond" truecount="0" falsecount="2"/>
        <line num="82" count="0" type="cond" truecount="0" falsecount="2"/>
        <line num="83" count="0" type="stmt"/>
        <line num="86" count="0" type="stmt"/>
        <line num="89" count="0" type="cond" truecount="0" falsecount="2"/>
        <line num="90" count="0" type="cond" truecount="0" falsecount="2"/>
        <line num="93" count="0" type="stmt"/>
        <line num="97" count="5" type="stmt"/>
        <line num="98" count="0" type="cond" truecount="0" falsecount="2"/>
        <line num="100" count="0" type="cond" truecount="0" falsecount="2"/>
        <line num="102" count="0" type="stmt"/>
        <line num="105" count="0" type="cond" truecount="0" falsecount="2"/>
        <line num="107" count="0" type="stmt"/>
        <line num="111" count="0" type="stmt"/>
        <line num="118" count="43" type="stmt"/>
        <line num="119" count="43" type="stmt"/>
        <line num="120" count="43" type="stmt"/>
        <line num="121" count="43" type="stmt"/>
        <line num="125" count="86" type="cond" truecount="1" falsecount="1"/>
        <line num="126" count="86" type="stmt"/>
        <line num="129" count="0" type="cond" truecount="0" falsecount="2"/>
        <line num="130" count="0" type="stmt"/>
        <line num="132" count="0" type="stmt"/>
        <line num="133" count="0" type="cond" truecount="0" falsecount="2"/>
        <line num="134" count="0" type="stmt"/>
        <line num="137" count="0" type="stmt"/>
        <line num="141" count="0" type="cond" truecount="0" falsecount="2"/>
        <line num="142" count="0" type="stmt"/>
        <line num="145" count="0" type="stmt"/>
        <line num="150" count="3" type="stmt"/>
        <line num="151" count="43" type="cond" truecount="1" falsecount="1"/>
        <line num="152" count="0" type="stmt"/>
        <line num="155" count="43" type="stmt"/>
        <line num="157" count="43" type="stmt"/>
        <line num="159" count="43" type="stmt"/>
        <line num="160" count="43" type="stmt"/>
        <line num="161" count="43" type="stmt"/>
        <line num="163" count="43" type="cond" truecount="1" falsecount="1"/>
        <line num="164" count="0" type="stmt"/>
        <line num="167" count="43" type="stmt"/>
        <line num="173" count="3" type="stmt"/>
      </file>
    </package>
    <package name="src.atoms.hooks">
      <metrics statements="2" coveredstatements="2" conditionals="0" coveredconditionals="0" methods="2" coveredmethods="2"/>
      <file name="index.ts" path="/Users/zeigfreid/Github/edvisor/Brainstorm/brainstorm/src/atoms/hooks/index.ts">
        <metrics statements="0" coveredstatements="0" conditionals="0" coveredconditionals="0" methods="0" coveredmethods="0"/>
      </file>
      <file name="useAppContext.ts" path="/Users/zeigfreid/Github/edvisor/Brainstorm/brainstorm/src/atoms/hooks/useAppContext.ts">
        <metrics statements="1" coveredstatements="1" conditionals="0" coveredconditionals="0" methods="1" coveredmethods="1"/>
        <line num="5" count="55" type="stmt"/>
      </file>
      <file name="useQuery.ts" path="/Users/zeigfreid/Github/edvisor/Brainstorm/brainstorm/src/atoms/hooks/useQuery.ts">
        <metrics statements="1" coveredstatements="1" conditionals="0" coveredconditionals="0" methods="1" coveredmethods="1"/>
        <line num="9" count="23" type="stmt"/>
      </file>
    </package>
    <package name="src.clients.el-agents.components.MultiSelectCourseCategoryByTaxonomy">
      <metrics statements="44" coveredstatements="44" conditionals="19" coveredconditionals="17" methods="21" coveredmethods="20"/>
      <file name="MultiSelectCourseCategoryByTaxonomy.tsx" path="/Users/zeigfreid/Github/edvisor/Brainstorm/brainstorm/src/clients/el-agents/components/MultiSelectCourseCategoryByTaxonomy/MultiSelectCourseCategoryByTaxonomy.tsx">
        <metrics statements="44" coveredstatements="44" conditionals="19" coveredconditionals="17" methods="21" coveredmethods="20"/>
        <line num="35" count="23" type="stmt"/>
        <line num="37" count="23" type="stmt"/>
        <line num="38" count="23" type="stmt"/>
        <line num="39" count="46" type="stmt"/>
        <line num="41" count="220" type="cond" truecount="2" falsecount="0"/>
        <line num="42" count="201" type="stmt"/>
        <line num="46" count="95" type="stmt"/>
        <line num="48" count="19" type="cond" truecount="3" falsecount="0"/>
        <line num="51" count="55" type="stmt"/>
        <line num="55" count="23" type="stmt"/>
        <line num="58" count="2" type="stmt"/>
        <line num="60" count="4" type="stmt"/>
        <line num="61" count="4" type="stmt"/>
        <line num="63" count="4" type="stmt"/>
        <line num="65" count="3" type="stmt"/>
        <line num="72" count="23" type="stmt"/>
        <line num="73" count="46" type="stmt"/>
        <line num="74" count="46" type="stmt"/>
        <line num="76" count="46" type="stmt"/>
        <line num="77" count="46" type="stmt"/>
        <line num="79" count="46" type="stmt"/>
        <line num="80" count="46" type="stmt"/>
        <line num="81" count="7" type="stmt"/>
        <line num="83" count="46" type="stmt"/>
        <line num="84" count="7" type="stmt"/>
        <line num="86" count="46" type="cond" truecount="4" falsecount="0"/>
        <line num="87" count="18" type="stmt"/>
        <line num="117" count="28" type="stmt"/>
        <line num="119" count="28" type="stmt"/>
        <line num="120" count="43" type="cond" truecount="2" falsecount="0"/>
        <line num="121" count="38" type="stmt"/>
        <line num="123" count="28" type="stmt"/>
        <line num="125" count="28" type="stmt"/>
        <line num="126" count="28" type="cond" truecount="2" falsecount="0"/>
        <line num="127" count="28" type="stmt"/>
        <line num="130" count="28" type="stmt"/>
        <line num="132" count="28" type="stmt"/>
        <line num="139" count="2" type="stmt"/>
        <line num="141" count="2" type="stmt"/>
        <line num="150" count="2" type="stmt"/>
        <line num="151" count="5" type="stmt"/>
        <line num="152" count="2" type="stmt"/>
        <line num="156" count="23" type="stmt"/>
        <line num="164" count="56" type="stmt"/>
      </file>
    </package>
    <package name="src.clients.el-agents.components.MultiSelectCourseCategoryByTaxonomy.helpers">
      <metrics statements="35" coveredstatements="34" conditionals="21" coveredconditionals="19" methods="25" coveredmethods="25"/>
      <file name="NestedSetModelHelpers.ts" path="/Users/zeigfreid/Github/edvisor/Brainstorm/brainstorm/src/clients/el-agents/components/MultiSelectCourseCategoryByTaxonomy/helpers/NestedSetModelHelpers.ts">
        <metrics statements="4" coveredstatements="4" conditionals="5" coveredconditionals="4" methods="6" coveredmethods="6"/>
        <line num="10" count="22" type="cond" truecount="2" falsecount="0"/>
        <line num="14" count="11" type="stmt"/>
        <line num="20" count="22" type="stmt"/>
        <line num="24" count="22" type="cond" truecount="2" falsecount="1"/>
      </file>
      <file name="createMenuItemsFromNestedOptions.ts" path="/Users/zeigfreid/Github/edvisor/Brainstorm/brainstorm/src/clients/el-agents/components/MultiSelectCourseCategoryByTaxonomy/helpers/createMenuItemsFromNestedOptions.ts">
        <metrics statements="13" coveredstatements="12" conditionals="4" coveredconditionals="3" methods="5" coveredmethods="5"/>
        <line num="6" count="1" type="stmt"/>
        <line num="7" count="28" type="stmt"/>
        <line num="8" count="21" type="cond" truecount="3" falsecount="1"/>
        <line num="9" count="21" type="stmt"/>
        <line num="11" count="0" type="stmt"/>
        <line num="17" count="28" type="stmt"/>
        <line num="28" count="1" type="stmt"/>
        <line num="48" count="1" type="stmt"/>
        <line num="49" count="18" type="stmt"/>
        <line num="50" count="18" type="stmt"/>
        <line num="52" count="5" type="stmt"/>
        <line num="53" count="1" type="stmt"/>
        <line num="54" count="5" type="stmt"/>
      </file>
      <file name="index.ts" path="/Users/zeigfreid/Github/edvisor/Brainstorm/brainstorm/src/clients/el-agents/components/MultiSelectCourseCategoryByTaxonomy/helpers/index.ts">
        <metrics statements="0" coveredstatements="0" conditionals="0" coveredconditionals="0" methods="0" coveredmethods="0"/>
      </file>
      <file name="leftRightTreeParser.ts" path="/Users/zeigfreid/Github/edvisor/Brainstorm/brainstorm/src/clients/el-agents/components/MultiSelectCourseCategoryByTaxonomy/helpers/leftRightTreeParser.ts">
        <metrics statements="17" coveredstatements="17" conditionals="12" coveredconditionals="12" methods="13" coveredmethods="13"/>
        <line num="18" count="30" type="stmt"/>
        <line num="19" count="72" type="cond" truecount="3" falsecount="0"/>
        <line num="22" count="30" type="stmt"/>
        <line num="33" count="36" type="cond" truecount="4" falsecount="0"/>
        <line num="34" count="12" type="stmt"/>
        <line num="37" count="24" type="cond" truecount="2" falsecount="0"/>
        <line num="44" count="47" type="cond" truecount="3" falsecount="0"/>
        <line num="46" count="47" type="stmt"/>
        <line num="49" count="30" type="stmt"/>
        <line num="51" count="30" type="stmt"/>
        <line num="52" count="28" type="stmt"/>
        <line num="53" count="17" type="stmt"/>
        <line num="61" count="28" type="stmt"/>
        <line num="65" count="28" type="stmt"/>
        <line num="68" count="28" type="stmt"/>
        <line num="69" count="8" type="stmt"/>
        <line num="74" count="28" type="stmt"/>
      </file>
      <file name="toSelectOption.ts" path="/Users/zeigfreid/Github/edvisor/Brainstorm/brainstorm/src/clients/el-agents/components/MultiSelectCourseCategoryByTaxonomy/helpers/toSelectOption.ts">
        <metrics statements="1" coveredstatements="1" conditionals="0" coveredconditionals="0" methods="1" coveredmethods="1"/>
        <line num="5" count="28" type="stmt"/>
      </file>
    </package>
    <package name="src.clients.el-agents.components.MultiSelectCourseCategoryByTaxonomy.hooks">
      <metrics statements="39" coveredstatements="38" conditionals="10" coveredconditionals="9" methods="15" coveredmethods="15"/>
      <file name="index.ts" path="/Users/zeigfreid/Github/edvisor/Brainstorm/brainstorm/src/clients/el-agents/components/MultiSelectCourseCategoryByTaxonomy/hooks/index.ts">
        <metrics statements="0" coveredstatements="0" conditionals="0" coveredconditionals="0" methods="0" coveredmethods="0"/>
      </file>
      <file name="useNestedSetModelByTaxonomy.ts" path="/Users/zeigfreid/Github/edvisor/Brainstorm/brainstorm/src/clients/el-agents/components/MultiSelectCourseCategoryByTaxonomy/hooks/useNestedSetModelByTaxonomy.ts">
        <metrics statements="26" coveredstatements="26" conditionals="4" coveredconditionals="4" methods="11" coveredmethods="11"/>
        <line num="17" count="84" type="stmt"/>
        <line num="18" count="23" type="stmt"/>
        <line num="19" count="23" type="stmt"/>
        <line num="21" count="23" type="stmt"/>
        <line num="22" count="23" type="stmt"/>
        <line num="24" count="23" type="stmt"/>
        <line num="25" count="2" type="stmt"/>
        <line num="26" count="2" type="stmt"/>
        <line num="27" count="2" type="stmt"/>
        <line num="28" count="2" type="stmt"/>
        <line num="30" count="2" type="stmt"/>
        <line num="33" count="23" type="stmt"/>
        <line num="43" count="25" type="stmt"/>
        <line num="45" count="25" type="stmt"/>
        <line num="46" count="10" type="cond" truecount="2" falsecount="0"/>
        <line num="47" count="8" type="stmt"/>
        <line num="50" count="10" type="stmt"/>
        <line num="52" count="10" type="stmt"/>
        <line num="55" count="25" type="stmt"/>
        <line num="121" count="25" type="stmt"/>
        <line num="124" count="8" type="cond" truecount="2" falsecount="0"/>
        <line num="125" count="7" type="stmt"/>
        <line num="130" count="1" type="stmt"/>
        <line num="131" count="1" type="stmt"/>
        <line num="138" count="48" type="stmt"/>
        <line num="139" count="96" type="stmt"/>
      </file>
      <file name="useQueryCourseCategories.ts" path="/Users/zeigfreid/Github/edvisor/Brainstorm/brainstorm/src/clients/el-agents/components/MultiSelectCourseCategoryByTaxonomy/hooks/useQueryCourseCategories.ts">
        <metrics statements="13" coveredstatements="12" conditionals="6" coveredconditionals="5" methods="4" coveredmethods="4"/>
        <line num="42" count="1" type="stmt"/>
        <line num="75" count="23" type="stmt"/>
        <line num="82" count="11" type="stmt"/>
        <line num="84" count="11" type="stmt"/>
        <line num="88" count="23" type="stmt"/>
        <line num="89" count="23" type="cond" truecount="1" falsecount="1"/>
        <line num="90" count="0" type="stmt"/>
        <line num="93" count="23" type="cond" truecount="4" falsecount="0"/>
        <line num="94" count="12" type="stmt"/>
        <line num="97" count="11" type="stmt"/>
        <line num="103" count="1" type="stmt"/>
        <line num="106" count="116" type="stmt"/>
        <line num="117" count="1" type="stmt"/>
      </file>
    </package>
    <package name="src.common.components">
      <metrics statements="25" coveredstatements="17" conditionals="11" coveredconditionals="8" methods="11" coveredmethods="6"/>
      <file name="Button.tsx" path="/Users/zeigfreid/Github/edvisor/Brainstorm/brainstorm/src/common/components/Button.tsx">
        <metrics statements="5" coveredstatements="1" conditionals="2" coveredconditionals="0" methods="2" coveredmethods="0"/>
        <line num="5" count="1" type="stmt"/>
        <line num="30" count="0" type="stmt"/>
        <line num="32" count="0" type="stmt"/>
        <line num="33" count="0" type="stmt"/>
        <line num="36" count="0" type="stmt"/>
      </file>
      <file name="Fetch.tsx" path="/Users/zeigfreid/Github/edvisor/Brainstorm/brainstorm/src/common/components/Fetch.tsx">
        <metrics statements="17" coveredstatements="16" conditionals="9" coveredconditionals="8" methods="6" coveredmethods="6"/>
        <line num="15" count="2" type="stmt"/>
        <line num="20" count="2" type="cond" truecount="2" falsecount="1"/>
        <line num="22" count="1" type="stmt"/>
        <line num="27" count="1" type="stmt"/>
        <line num="33" count="0" type="stmt"/>
        <line num="39" count="5" type="stmt"/>
        <line num="43" count="5" type="stmt"/>
        <line num="45" count="5" type="stmt"/>
        <line num="46" count="2" type="stmt"/>
        <line num="49" count="1" type="stmt"/>
        <line num="50" count="1" type="stmt"/>
        <line num="51" count="1" type="stmt"/>
        <line num="52" count="1" type="stmt"/>
        <line num="55" count="1" type="stmt"/>
        <line num="58" count="5" type="cond" truecount="2" falsecount="0"/>
        <line num="60" count="5" type="stmt"/>
        <line num="62" count="2" type="stmt"/>
      </file>
      <file name="PostsList.tsx" path="/Users/zeigfreid/Github/edvisor/Brainstorm/brainstorm/src/common/components/PostsList.tsx">
        <metrics statements="3" coveredstatements="0" conditionals="0" coveredconditionals="0" methods="3" coveredmethods="0"/>
        <line num="15" count="0" type="stmt"/>
        <line num="21" count="0" type="stmt"/>
        <line num="22" count="0" type="stmt"/>
      </file>
      <file name="index.ts" path="/Users/zeigfreid/Github/edvisor/Brainstorm/brainstorm/src/common/components/index.ts">
        <metrics statements="0" coveredstatements="0" conditionals="0" coveredconditionals="0" methods="0" coveredmethods="0"/>
      </file>
    </package>
    <package name="src.common.components.AgencyCompanyInfo">
      <metrics statements="10" coveredstatements="2" conditionals="4" coveredconditionals="0" methods="3" coveredmethods="0"/>
      <file name="AgencyCompanyInfo.tsx" path="/Users/zeigfreid/Github/edvisor/Brainstorm/brainstorm/src/common/components/AgencyCompanyInfo/AgencyCompanyInfo.tsx">
        <metrics statements="4" coveredstatements="0" conditionals="0" coveredconditionals="0" methods="2" coveredmethods="0"/>
        <line num="11" count="0" type="stmt"/>
        <line num="13" count="0" type="stmt"/>
        <line num="14" count="0" type="stmt"/>
        <line num="16" count="0" type="stmt"/>
      </file>
      <file name="index.ts" path="/Users/zeigfreid/Github/edvisor/Brainstorm/brainstorm/src/common/components/AgencyCompanyInfo/index.ts">
        <metrics statements="1" coveredstatements="1" conditionals="0" coveredconditionals="0" methods="0" coveredmethods="0"/>
        <line num="3" count="1" type="stmt"/>
      </file>
      <file name="useQueryAgencyCompany.ts" path="/Users/zeigfreid/Github/edvisor/Brainstorm/brainstorm/src/common/components/AgencyCompanyInfo/useQueryAgencyCompany.ts">
        <metrics statements="5" coveredstatements="1" conditionals="4" coveredconditionals="0" methods="1" coveredmethods="0"/>
        <line num="6" count="1" type="stmt"/>
        <line num="35" count="0" type="stmt"/>
        <line num="37" count="0" type="cond" truecount="0" falsecount="2"/>
        <line num="38" count="0" type="stmt"/>
        <line num="41" count="0" type="stmt"/>
      </file>
    </package>
    <package name="src.common.components.BrainstormBridge">
      <metrics statements="4" coveredstatements="1" conditionals="0" coveredconditionals="0" methods="3" coveredmethods="0"/>
      <file name="BrainstormBridge.tsx" path="/Users/zeigfreid/Github/edvisor/Brainstorm/brainstorm/src/common/components/BrainstormBridge/BrainstormBridge.tsx">
        <metrics statements="4" coveredstatements="1" conditionals="0" coveredconditionals="0" methods="3" coveredmethods="0"/>
        <line num="4" count="1" type="stmt"/>
        <line num="20" count="0" type="stmt"/>
        <line num="21" count="0" type="stmt"/>
        <line num="29" count="0" type="stmt"/>
      </file>
      <file name="index.ts" path="/Users/zeigfreid/Github/edvisor/Brainstorm/brainstorm/src/common/components/BrainstormBridge/index.ts">
        <metrics statements="0" coveredstatements="0" conditionals="0" coveredconditionals="0" methods="0" coveredmethods="0"/>
      </file>
    </package>
    <package name="src.common.components.Countries">
      <metrics statements="11" coveredstatements="11" conditionals="8" coveredconditionals="8" methods="2" coveredmethods="2"/>
      <file name="Countries.tsx" path="/Users/zeigfreid/Github/edvisor/Brainstorm/brainstorm/src/common/components/Countries/Countries.tsx">
        <metrics statements="10" coveredstatements="10" conditionals="8" coveredconditionals="8" methods="2" coveredmethods="2"/>
        <line num="11" count="2" type="stmt"/>
        <line num="20" count="2" type="stmt"/>
        <line num="35" count="8" type="cond" truecount="2" falsecount="0"/>
        <line num="37" count="8" type="stmt"/>
        <line num="43" count="8" type="cond" truecount="2" falsecount="0"/>
        <line num="44" count="4" type="cond" truecount="2" falsecount="0"/>
        <line num="46" count="2" type="stmt"/>
        <line num="48" count="2" type="cond" truecount="2" falsecount="0"/>
        <line num="50" count="2" type="stmt"/>
        <line num="53" count="2" type="stmt"/>
      </file>
      <file name="index.tsx" path="/Users/zeigfreid/Github/edvisor/Brainstorm/brainstorm/src/common/components/Countries/index.tsx">
        <metrics statements="1" coveredstatements="1" conditionals="0" coveredconditionals="0" methods="0" coveredmethods="0"/>
        <line num="3" count="1" type="stmt"/>
      </file>
    </package>
    <package name="src.common.components.Input">
      <metrics statements="0" coveredstatements="0" conditionals="0" coveredconditionals="0" methods="0" coveredmethods="0"/>
      <file name="index.ts" path="/Users/zeigfreid/Github/edvisor/Brainstorm/brainstorm/src/common/components/Input/index.ts">
        <metrics statements="0" coveredstatements="0" conditionals="0" coveredconditionals="0" methods="0" coveredmethods="0"/>
      </file>
    </package>
    <package name="src.common.components.Input.LayeredMenu">
      <metrics statements="25" coveredstatements="10" conditionals="10" coveredconditionals="1" methods="15" coveredmethods="4"/>
      <file name="LayeredMultiSelect.tsx" path="/Users/zeigfreid/Github/edvisor/Brainstorm/brainstorm/src/common/components/Input/LayeredMenu/LayeredMultiSelect.tsx">
        <metrics statements="10" coveredstatements="8" conditionals="2" coveredconditionals="1" methods="6" coveredmethods="4"/>
        <line num="18" count="1" type="stmt"/>
        <line num="19" count="22" type="stmt"/>
        <line num="20" count="2" type="cond" truecount="1" falsecount="1"/>
        <line num="22" count="2" type="stmt"/>
        <line num="25" count="22" type="stmt"/>
        <line num="26" count="0" type="stmt"/>
        <line num="28" count="0" type="stmt"/>
        <line num="31" count="22" type="stmt"/>
        <line num="37" count="35" type="stmt"/>
        <line num="49" count="2" type="stmt"/>
      </file>
      <file name="LayeredSelect.tsx" path="/Users/zeigfreid/Github/edvisor/Brainstorm/brainstorm/src/common/components/Input/LayeredMenu/LayeredSelect.tsx">
        <metrics statements="8" coveredstatements="1" conditionals="6" coveredconditionals="0" methods="4" coveredmethods="0"/>
        <line num="19" count="1" type="stmt"/>
        <line num="20" count="0" type="stmt"/>
        <line num="21" count="0" type="cond" truecount="0" falsecount="2"/>
        <line num="23" count="0" type="stmt"/>
        <line num="26" count="0" type="cond" truecount="0" falsecount="2"/>
        <line num="28" count="0" type="stmt"/>
        <line num="35" count="0" type="stmt"/>
        <line num="48" count="0" type="cond" truecount="0" falsecount="2"/>
      </file>
      <file name="StackedMenu.tsx" path="/Users/zeigfreid/Github/edvisor/Brainstorm/brainstorm/src/common/components/Input/LayeredMenu/StackedMenu.tsx">
        <metrics statements="7" coveredstatements="1" conditionals="2" coveredconditionals="0" methods="5" coveredmethods="0"/>
        <line num="11" count="1" type="stmt"/>
        <line num="26" count="0" type="stmt"/>
        <line num="27" count="0" type="stmt"/>
        <line num="28" count="0" type="stmt"/>
        <line num="29" count="0" type="stmt"/>
        <line num="37" count="0" type="stmt"/>
        <line num="38" count="0" type="stmt"/>
      </file>
      <file name="index.ts" path="/Users/zeigfreid/Github/edvisor/Brainstorm/brainstorm/src/common/components/Input/LayeredMenu/index.ts">
        <metrics statements="0" coveredstatements="0" conditionals="0" coveredconditionals="0" methods="0" coveredmethods="0"/>
      </file>
      <file name="metadata.ts" path="/Users/zeigfreid/Github/edvisor/Brainstorm/brainstorm/src/common/components/Input/LayeredMenu/metadata.ts">
        <metrics statements="0" coveredstatements="0" conditionals="0" coveredconditionals="0" methods="0" coveredmethods="0"/>
      </file>
    </package>
    <package name="src.common.components.Input.LayeredMenu.components">
      <metrics statements="60" coveredstatements="38" conditionals="14" coveredconditionals="7" methods="22" coveredmethods="11"/>
      <file name="LayeredMenu.tsx" path="/Users/zeigfreid/Github/edvisor/Brainstorm/brainstorm/src/common/components/Input/LayeredMenu/components/LayeredMenu.tsx">
        <metrics statements="7" coveredstatements="6" conditionals="2" coveredconditionals="2" methods="5" coveredmethods="4"/>
        <line num="11" count="1" type="stmt"/>
        <line num="26" count="35" type="stmt"/>
        <line num="28" count="35" type="stmt"/>
        <line num="30" count="35" type="stmt"/>
        <line num="31" count="0" type="stmt"/>
        <line num="40" count="2" type="stmt"/>
        <line num="41" count="2" type="stmt"/>
      </file>
      <file name="LayeredMenuDropdown.tsx" path="/Users/zeigfreid/Github/edvisor/Brainstorm/brainstorm/src/common/components/Input/LayeredMenu/components/LayeredMenuDropdown.tsx">
        <metrics statements="18" coveredstatements="13" conditionals="8" coveredconditionals="3" methods="7" coveredmethods="5"/>
        <line num="11" count="1" type="stmt"/>
        <line num="12" count="1" type="stmt"/>
        <line num="19" count="1" type="stmt"/>
        <line num="21" count="11" type="stmt"/>
        <line num="27" count="11" type="stmt"/>
        <line num="30" count="11" type="cond" truecount="1" falsecount="1"/>
        <line num="32" count="11" type="stmt"/>
        <line num="33" count="0" type="stmt"/>
        <line num="35" count="0" type="cond" truecount="0" falsecount="2"/>
        <line num="37" count="0" type="stmt"/>
        <line num="40" count="11" type="stmt"/>
        <line num="52" count="16" type="cond" truecount="1" falsecount="1"/>
        <line num="53" count="0" type="stmt"/>
        <line num="54" count="0" type="stmt"/>
        <line num="60" count="16" type="stmt"/>
        <line num="61" count="2" type="stmt"/>
        <line num="72" count="11" type="stmt"/>
        <line num="77" count="16" type="stmt"/>
      </file>
      <file name="LayeredMenuDropdownHelper.ts" path="/Users/zeigfreid/Github/edvisor/Brainstorm/brainstorm/src/common/components/Input/LayeredMenu/components/LayeredMenuDropdownHelper.ts">
        <metrics statements="9" coveredstatements="9" conditionals="2" coveredconditionals="2" methods="2" coveredmethods="2"/>
        <line num="12" count="2" type="stmt"/>
        <line num="13" count="9" type="stmt"/>
        <line num="16" count="9" type="stmt"/>
        <line num="18" count="15" type="stmt"/>
        <line num="19" count="15" type="stmt"/>
        <line num="21" count="15" type="stmt"/>
        <line num="23" count="15" type="cond" truecount="2" falsecount="0"/>
        <line num="25" count="11" type="stmt"/>
        <line num="28" count="5" type="stmt"/>
      </file>
      <file name="StackedMenuDropdown.tsx" path="/Users/zeigfreid/Github/edvisor/Brainstorm/brainstorm/src/common/components/Input/LayeredMenu/components/StackedMenuDropdown.tsx">
        <metrics statements="21" coveredstatements="5" conditionals="2" coveredconditionals="0" methods="8" coveredmethods="0"/>
        <line num="10" count="1" type="stmt"/>
        <line num="20" count="1" type="stmt"/>
        <line num="24" count="1" type="stmt"/>
        <line num="28" count="1" type="stmt"/>
        <line num="35" count="1" type="stmt"/>
        <line num="51" count="0" type="stmt"/>
        <line num="53" count="0" type="stmt"/>
        <line num="54" count="0" type="stmt"/>
        <line num="55" count="0" type="stmt"/>
        <line num="58" count="0" type="stmt"/>
        <line num="59" count="0" type="stmt"/>
        <line num="60" count="0" type="stmt"/>
        <line num="61" count="0" type="stmt"/>
        <line num="64" count="0" type="stmt"/>
        <line num="68" count="0" type="stmt"/>
        <line num="71" count="0" type="cond" truecount="0" falsecount="2"/>
        <line num="72" count="0" type="stmt"/>
        <line num="73" count="0" type="stmt"/>
        <line num="79" count="0" type="stmt"/>
        <line num="80" count="0" type="stmt"/>
        <line num="95" count="0" type="stmt"/>
      </file>
      <file name="index.ts" path="/Users/zeigfreid/Github/edvisor/Brainstorm/brainstorm/src/common/components/Input/LayeredMenu/components/index.ts">
        <metrics statements="0" coveredstatements="0" conditionals="0" coveredconditionals="0" methods="0" coveredmethods="0"/>
      </file>
      <file name="styled.tsx" path="/Users/zeigfreid/Github/edvisor/Brainstorm/brainstorm/src/common/components/Input/LayeredMenu/components/styled.tsx">
        <metrics statements="5" coveredstatements="5" conditionals="0" coveredconditionals="0" methods="0" coveredmethods="0"/>
        <line num="3" count="1" type="stmt"/>
        <line num="22" count="1" type="stmt"/>
        <line num="39" count="1" type="stmt"/>
        <line num="58" count="1" type="stmt"/>
        <line num="69" count="1" type="stmt"/>
      </file>
    </package>
    <package name="src.common.components.Input.MultiSelectBar">
      <metrics statements="8" coveredstatements="8" conditionals="2" coveredconditionals="2" methods="2" coveredmethods="2"/>
      <file name="MultiSelectBar.tsx" path="/Users/zeigfreid/Github/edvisor/Brainstorm/brainstorm/src/common/components/Input/MultiSelectBar/MultiSelectBar.tsx">
        <metrics statements="3" coveredstatements="3" conditionals="2" coveredconditionals="2" methods="2" coveredmethods="2"/>
        <line num="15" count="1" type="stmt"/>
        <line num="16" count="35" type="stmt"/>
        <line num="26" count="7" type="stmt"/>
      </file>
      <file name="index.ts" path="/Users/zeigfreid/Github/edvisor/Brainstorm/brainstorm/src/common/components/Input/MultiSelectBar/index.ts">
        <metrics statements="0" coveredstatements="0" conditionals="0" coveredconditionals="0" methods="0" coveredmethods="0"/>
      </file>
      <file name="styled.ts" path="/Users/zeigfreid/Github/edvisor/Brainstorm/brainstorm/src/common/components/Input/MultiSelectBar/styled.ts">
        <metrics statements="5" coveredstatements="5" conditionals="0" coveredconditionals="0" methods="0" coveredmethods="0"/>
        <line num="3" count="1" type="stmt"/>
        <line num="9" count="1" type="stmt"/>
        <line num="21" count="1" type="stmt"/>
        <line num="28" count="1" type="stmt"/>
        <line num="35" count="1" type="stmt"/>
      </file>
    </package>
    <package name="src.common.components.Input.MultiSelectBar.components">
      <metrics statements="8" coveredstatements="5" conditionals="0" coveredconditionals="0" methods="4" coveredmethods="2"/>
      <file name="MultiSelectBarPill.tsx" path="/Users/zeigfreid/Github/edvisor/Brainstorm/brainstorm/src/common/components/Input/MultiSelectBar/components/MultiSelectBarPill.tsx">
        <metrics statements="4" coveredstatements="1" conditionals="0" coveredconditionals="0" methods="3" coveredmethods="1"/>
        <line num="14" count="7" type="stmt"/>
        <line num="22" count="0" type="stmt"/>
        <line num="26" count="0" type="stmt"/>
        <line num="27" count="0" type="stmt"/>
      </file>
      <file name="index.ts" path="/Users/zeigfreid/Github/edvisor/Brainstorm/brainstorm/src/common/components/Input/MultiSelectBar/components/index.ts">
        <metrics statements="0" coveredstatements="0" conditionals="0" coveredconditionals="0" methods="0" coveredmethods="0"/>
      </file>
      <file name="styled.tsx" path="/Users/zeigfreid/Github/edvisor/Brainstorm/brainstorm/src/common/components/Input/MultiSelectBar/components/styled.tsx">
        <metrics statements="4" coveredstatements="4" conditionals="0" coveredconditionals="0" methods="1" coveredmethods="1"/>
        <line num="4" count="1" type="stmt"/>
        <line num="8" count="1" type="stmt"/>
        <line num="14" count="7" type="stmt"/>
        <line num="21" count="1" type="stmt"/>
      </file>
    </package>
    <package name="src.common.components.Recruit">
      <metrics statements="0" coveredstatements="0" conditionals="0" coveredconditionals="0" methods="0" coveredmethods="0"/>
      <file name="index.ts" path="/Users/zeigfreid/Github/edvisor/Brainstorm/brainstorm/src/common/components/Recruit/index.ts">
        <metrics statements="0" coveredstatements="0" conditionals="0" coveredconditionals="0" methods="0" coveredmethods="0"/>
      </file>
    </package>
    <package name="src.common.components.Recruit.ElementWrapper">
      <metrics statements="2" coveredstatements="1" conditionals="0" coveredconditionals="0" methods="1" coveredmethods="0"/>
      <file name="ElementWrapper.tsx" path="/Users/zeigfreid/Github/edvisor/Brainstorm/brainstorm/src/common/components/Recruit/ElementWrapper/ElementWrapper.tsx">
        <metrics statements="1" coveredstatements="0" conditionals="0" coveredconditionals="0" methods="1" coveredmethods="0"/>
        <line num="9" count="0" type="stmt"/>
      </file>
      <file name="index.ts" path="/Users/zeigfreid/Github/edvisor/Brainstorm/brainstorm/src/common/components/Recruit/ElementWrapper/index.ts">
        <metrics statements="1" coveredstatements="1" conditionals="0" coveredconditionals="0" methods="0" coveredmethods="0"/>
        <line num="3" count="1" type="stmt"/>
      </file>
    </package>
    <package name="src.common.components.StudentInfoCard">
      <metrics statements="6" coveredstatements="3" conditionals="0" coveredconditionals="0" methods="3" coveredmethods="0"/>
      <file name="StudentInfoCard.tsx" path="/Users/zeigfreid/Github/edvisor/Brainstorm/brainstorm/src/common/components/StudentInfoCard/StudentInfoCard.tsx">
        <metrics statements="5" coveredstatements="2" conditionals="0" coveredconditionals="0" methods="3" coveredmethods="0"/>
        <line num="5" count="1" type="stmt"/>
        <line num="21" count="1" type="stmt"/>
        <line num="30" count="0" type="stmt"/>
        <line num="32" count="0" type="stmt"/>
        <line num="40" count="0" type="stmt"/>
      </file>
      <file name="index.ts" path="/Users/zeigfreid/Github/edvisor/Brainstorm/brainstorm/src/common/components/StudentInfoCard/index.ts">
        <metrics statements="1" coveredstatements="1" conditionals="0" coveredconditionals="0" methods="0" coveredmethods="0"/>
        <line num="3" count="1" type="stmt"/>
      </file>
    </package>
    <package name="src.common.helpers">
      <metrics statements="50" coveredstatements="22" conditionals="18" coveredconditionals="9" methods="23" coveredmethods="10"/>
      <file name="DOMHelpers.ts" path="/Users/zeigfreid/Github/edvisor/Brainstorm/brainstorm/src/common/helpers/DOMHelpers.ts">
        <metrics statements="7" coveredstatements="1" conditionals="6" coveredconditionals="0" methods="2" coveredmethods="0"/>
        <line num="4" count="0" type="stmt"/>
        <line num="11" count="2" type="stmt"/>
        <line num="12" count="0" type="cond" truecount="0" falsecount="4"/>
        <line num="13" count="0" type="stmt"/>
        <line num="16" count="0" type="cond" truecount="0" falsecount="2"/>
        <line num="17" count="0" type="stmt"/>
        <line num="20" count="0" type="stmt"/>
      </file>
      <file name="arrayHelpers.ts" path="/Users/zeigfreid/Github/edvisor/Brainstorm/brainstorm/src/common/helpers/arrayHelpers.ts">
        <metrics statements="21" coveredstatements="18" conditionals="10" coveredconditionals="8" methods="10" coveredmethods="7"/>
        <line num="3" count="3" type="stmt"/>
        <line num="6" count="3" type="stmt"/>
        <line num="7" count="9" type="cond" truecount="2" falsecount="0"/>
        <line num="8" count="2" type="stmt"/>
        <line num="10" count="7" type="stmt"/>
        <line num="15" count="3" type="stmt"/>
        <line num="16" count="9" type="cond" truecount="2" falsecount="0"/>
        <line num="17" count="2" type="stmt"/>
        <line num="19" count="7" type="stmt"/>
        <line num="24" count="0" type="stmt"/>
        <line num="28" count="0" type="stmt"/>
        <line num="32" count="2" type="stmt"/>
        <line num="36" count="2" type="cond" truecount="3" falsecount="1"/>
        <line num="37" count="0" type="stmt"/>
        <line num="40" count="2" type="cond" truecount="1" falsecount="1"/>
        <line num="41" count="2" type="stmt"/>
        <line num="42" count="2" type="stmt"/>
        <line num="43" count="2" type="stmt"/>
        <line num="44" count="2" type="stmt"/>
        <line num="45" count="2" type="stmt"/>
        <line num="46" count="2" type="stmt"/>
      </file>
      <file name="index.ts" path="/Users/zeigfreid/Github/edvisor/Brainstorm/brainstorm/src/common/helpers/index.ts">
        <metrics statements="0" coveredstatements="0" conditionals="0" coveredconditionals="0" methods="0" coveredmethods="0"/>
      </file>
      <file name="makeMock.ts" path="/Users/zeigfreid/Github/edvisor/Brainstorm/brainstorm/src/common/helpers/makeMock.ts">
        <metrics statements="3" coveredstatements="3" conditionals="2" coveredconditionals="1" methods="3" coveredmethods="3"/>
        <line num="4" count="1" type="stmt"/>
        <line num="5" count="4" type="stmt"/>
        <line num="6" count="11" type="stmt"/>
      </file>
      <file name="useDebounce.ts" path="/Users/zeigfreid/Github/edvisor/Brainstorm/brainstorm/src/common/helpers/useDebounce.ts">
        <metrics statements="2" coveredstatements="0" conditionals="0" coveredconditionals="0" methods="2" coveredmethods="0"/>
        <line num="6" count="0" type="stmt"/>
        <line num="7" count="0" type="stmt"/>
      </file>
      <file name="useDraft.ts" path="/Users/zeigfreid/Github/edvisor/Brainstorm/brainstorm/src/common/helpers/useDraft.ts">
        <metrics statements="13" coveredstatements="0" conditionals="0" coveredconditionals="0" methods="4" coveredmethods="0"/>
        <line num="21" count="0" type="stmt"/>
        <line num="22" count="0" type="stmt"/>
        <line num="23" count="0" type="stmt"/>
        <line num="25" count="0" type="stmt"/>
        <line num="26" count="0" type="stmt"/>
        <line num="27" count="0" type="stmt"/>
        <line num="30" count="0" type="stmt"/>
        <line num="31" count="0" type="stmt"/>
        <line num="32" count="0" type="stmt"/>
        <line num="35" count="0" type="stmt"/>
        <line num="36" count="0" type="stmt"/>
        <line num="37" count="0" type="stmt"/>
        <line num="40" count="0" type="stmt"/>
      </file>
      <file name="useWeakState.ts" path="/Users/zeigfreid/Github/edvisor/Brainstorm/brainstorm/src/common/helpers/useWeakState.ts">
        <metrics statements="4" coveredstatements="0" conditionals="0" coveredconditionals="0" methods="2" coveredmethods="0"/>
        <line num="17" count="0" type="stmt"/>
        <line num="19" count="0" type="stmt"/>
        <line num="20" count="0" type="stmt"/>
        <line num="23" count="0" type="stmt"/>
      </file>
    </package>
  </project>
</coverage>
