{"/Users/zeigfreid/Github/edvisor/Brainstorm/brainstorm/src/test-utils.tsx": {"path":"/Users/zeigfreid/Github/edvisor/Brainstorm/brainstorm/src/test-utils.tsx","statementMap":{"0":{"start":{"line":10,"column":24},"end":{"line":16,"column":1}},"1":{"start":{"line":11,"column":2},"end":{"line":15,"column":3}},"2":{"start":{"line":18,"column":22},"end":{"line":40,"column":1}},"3":{"start":{"line":20,"column":4},"end":{"line":27,"column":5}},"4":{"start":{"line":31,"column":4},"end":{"line":38,"column":5}},"5":{"start":{"line":43,"column":15},"end":{"line":43,"column":55}},"6":{"start":{"line":45,"column":0},"end":{"line":47,"column":2}},"7":{"start":{"line":46,"column":2},"end":{"line":46,"column":17}},"8":{"start":{"line":49,"column":0},"end":{"line":52,"column":2}},"9":{"start":{"line":50,"column":2},"end":{"line":50,"column":24}},"10":{"start":{"line":51,"column":2},"end":{"line":51,"column":28}},"11":{"start":{"line":54,"column":0},"end":{"line":56,"column":2}},"12":{"start":{"line":55,"column":2},"end":{"line":55,"column":16}},"13":{"start":{"line":58,"column":21},"end":{"line":59,"column":65}},"14":{"start":{"line":59,"column":2},"end":{"line":59,"column":65}}},"fnMap":{"0":{"name":"(anonymous_0)","decl":{"start":{"line":10,"column":24},"end":{"line":10,"column":25}},"loc":{"start":{"line":10,"column":70},"end":{"line":16,"column":1}},"line":10},"1":{"name":"(anonymous_1)","decl":{"start":{"line":19,"column":29},"end":{"line":19,"column":30}},"loc":{"start":{"line":19,"column":49},"end":{"line":28,"column":3}},"line":19},"2":{"name":"(anonymous_2)","decl":{"start":{"line":30,"column":34},"end":{"line":30,"column":35}},"loc":{"start":{"line":30,"column":54},"end":{"line":39,"column":3}},"line":30},"3":{"name":"(anonymous_3)","decl":{"start":{"line":45,"column":10},"end":{"line":45,"column":11}},"loc":{"start":{"line":45,"column":16},"end":{"line":47,"column":1}},"line":45},"4":{"name":"(anonymous_4)","decl":{"start":{"line":49,"column":10},"end":{"line":49,"column":11}},"loc":{"start":{"line":49,"column":16},"end":{"line":52,"column":1}},"line":49},"5":{"name":"(anonymous_5)","decl":{"start":{"line":54,"column":9},"end":{"line":54,"column":10}},"loc":{"start":{"line":54,"column":15},"end":{"line":56,"column":1}},"line":54},"6":{"name":"(anonymous_6)","decl":{"start":{"line":58,"column":21},"end":{"line":58,"column":22}},"loc":{"start":{"line":59,"column":2},"end":{"line":59,"column":65}},"line":59}},"branchMap":{"0":{"loc":{"start":{"line":58,"column":37},"end":{"line":58,"column":49}},"type":"default-arg","locations":[{"start":{"line":58,"column":47},"end":{"line":58,"column":49}}],"line":58}},"s":{"0":3,"1":18,"2":3,"3":1,"4":1,"5":3,"6":3,"7":3,"8":3,"9":18,"10":18,"11":3,"12":3,"13":3,"14":18},"f":{"0":18,"1":1,"2":1,"3":3,"4":18,"5":3,"6":18},"b":{"0":[18]},"_coverageSchema":"1a1c01bbd47fc00a2c39e90264f33305004495a9","hash":"f37b056e8594d7976ce550798457fd6ef5df3cd1"}
,"/Users/zeigfreid/Github/edvisor/Brainstorm/brainstorm/src/atoms/_entry/ApolloProvider.tsx": {"path":"/Users/zeigfreid/Github/edvisor/Brainstorm/brainstorm/src/atoms/_entry/ApolloProvider.tsx","statementMap":{"0":{"start":{"line":11,"column":17},"end":{"line":11,"column":57}},"1":{"start":{"line":13,"column":2},"end":{"line":17,"column":3}}},"fnMap":{"0":{"name":"ApolloProvider","decl":{"start":{"line":10,"column":16},"end":{"line":10,"column":30}},"loc":{"start":{"line":10,"column":75},"end":{"line":18,"column":1}},"line":10}},"branchMap":{},"s":{"0":18,"1":18},"f":{"0":18},"b":{},"_coverageSchema":"1a1c01bbd47fc00a2c39e90264f33305004495a9","hash":"8ee476d6c92ea82301c8de0a79b0a38899f8cbf2"}
,"/Users/zeigfreid/Github/edvisor/Brainstorm/brainstorm/src/atoms/_entry/Brainstorm.tsx": {"path":"/Users/zeigfreid/Github/edvisor/Brainstorm/brainstorm/src/atoms/_entry/Brainstorm.tsx","statementMap":{"0":{"start":{"line":11,"column":26},"end":{"line":13,"column":2}},"1":{"start":{"line":23,"column":4},"end":{"line":23,"column":16}},"2":{"start":{"line":24,"column":4},"end":{"line":24,"column":20}},"3":{"start":{"line":25,"column":4},"end":{"line":25,"column":37}},"4":{"start":{"line":39,"column":23},"end":{"line":39,"column":56}},"5":{"start":{"line":41,"column":4},"end":{"line":47,"column":5}},"6":{"start":{"line":52,"column":42},"end":{"line":56,"column":3}},"7":{"start":{"line":53,"column":4},"end":{"line":55,"column":17}},"8":{"start":{"line":58,"column":2},"end":{"line":58,"column":47}},"9":{"start":{"line":60,"column":2},"end":{"line":60,"column":18}}},"fnMap":{"0":{"name":"(anonymous_0)","decl":{"start":{"line":22,"column":2},"end":{"line":22,"column":3}},"loc":{"start":{"line":22,"column":40},"end":{"line":26,"column":3}},"line":22},"1":{"name":"(anonymous_1)","decl":{"start":{"line":28,"column":2},"end":{"line":28,"column":3}},"loc":{"start":{"line":28,"column":22},"end":{"line":32,"column":3}},"line":28},"2":{"name":"(anonymous_2)","decl":{"start":{"line":34,"column":2},"end":{"line":34,"column":3}},"loc":{"start":{"line":34,"column":25},"end":{"line":36,"column":3}},"line":34},"3":{"name":"(anonymous_3)","decl":{"start":{"line":38,"column":2},"end":{"line":38,"column":3}},"loc":{"start":{"line":38,"column":12},"end":{"line":48,"column":3}},"line":38},"4":{"name":"brainstorm","decl":{"start":{"line":51,"column":16},"end":{"line":51,"column":26}},"loc":{"start":{"line":51,"column":64},"end":{"line":61,"column":1}},"line":51},"5":{"name":"(anonymous_5)","decl":{"start":{"line":52,"column":42},"end":{"line":52,"column":43}},"loc":{"start":{"line":53,"column":4},"end":{"line":55,"column":17}},"line":53}},"branchMap":{},"s":{"0":2,"1":0,"2":0,"3":0,"4":0,"5":0,"6":4,"7":0,"8":4,"9":4},"f":{"0":0,"1":0,"2":0,"3":0,"4":4,"5":0},"b":{},"_coverageSchema":"1a1c01bbd47fc00a2c39e90264f33305004495a9","hash":"c9fb1a95f4da89d098a9844b0544eaa1506a34a1"}
,"/Users/zeigfreid/Github/edvisor/Brainstorm/brainstorm/src/atoms/_entry/buildApolloClient.ts": {"path":"/Users/zeigfreid/Github/edvisor/Brainstorm/brainstorm/src/atoms/_entry/buildApolloClient.ts","statementMap":{"0":{"start":{"line":18,"column":4},"end":{"line":18,"column":93}},"1":{"start":{"line":23,"column":19},"end":{"line":32,"column":4}},"2":{"start":{"line":24,"column":19},"end":{"line":24,"column":33}},"3":{"start":{"line":26,"column":4},"end":{"line":31,"column":5}},"4":{"start":{"line":34,"column":2},"end":{"line":34,"column":47}},"5":{"start":{"line":42,"column":28},"end":{"line":44,"column":2}},"6":{"start":{"line":47,"column":18},"end":{"line":47,"column":40}},"7":{"start":{"line":48,"column":2},"end":{"line":48,"column":104}},"8":{"start":{"line":50,"column":2},"end":{"line":50,"column":34}},"9":{"start":{"line":54,"column":2},"end":{"line":58,"column":3}},"10":{"start":{"line":55,"column":29},"end":{"line":55,"column":40}},"11":{"start":{"line":56,"column":32},"end":{"line":56,"column":43}},"12":{"start":{"line":57,"column":13},"end":{"line":57,"column":25}},"13":{"start":{"line":68,"column":2},"end":{"line":70,"column":3}},"14":{"start":{"line":69,"column":4},"end":{"line":69,"column":18}},"15":{"start":{"line":72,"column":25},"end":{"line":86,"column":3}},"16":{"start":{"line":73,"column":20},"end":{"line":73,"column":42}},"17":{"start":{"line":74,"column":4},"end":{"line":74,"column":106}},"18":{"start":{"line":76,"column":4},"end":{"line":76,"column":29}},"19":{"start":{"line":78,"column":19},"end":{"line":78,"column":61}},"20":{"start":{"line":80,"column":43},"end":{"line":80,"column":61}},"21":{"start":{"line":82,"column":23},"end":{"line":82,"column":68}},"22":{"start":{"line":88,"column":2},"end":{"line":91,"column":4}},"23":{"start":{"line":93,"column":2},"end":{"line":93,"column":16}}},"fnMap":{"0":{"name":"(anonymous_0)","decl":{"start":{"line":17,"column":2},"end":{"line":17,"column":3}},"loc":{"start":{"line":17,"column":57},"end":{"line":19,"column":3}},"line":17},"1":{"name":"EdvisorHttpLink","decl":{"start":{"line":22,"column":9},"end":{"line":22,"column":24}},"loc":{"start":{"line":22,"column":69},"end":{"line":35,"column":1}},"line":22},"2":{"name":"(anonymous_2)","decl":{"start":{"line":23,"column":30},"end":{"line":23,"column":31}},"loc":{"start":{"line":23,"column":90},"end":{"line":32,"column":3}},"line":23},"3":{"name":"checkSource","decl":{"start":{"line":46,"column":9},"end":{"line":46,"column":20}},"loc":{"start":{"line":46,"column":70},"end":{"line":51,"column":1}},"line":46},"4":{"name":"isESource","decl":{"start":{"line":53,"column":9},"end":{"line":53,"column":18}},"loc":{"start":{"line":53,"column":50},"end":{"line":59,"column":1}},"line":53},"5":{"name":"_dangerouslyBuildApolloClient","decl":{"start":{"line":67,"column":16},"end":{"line":67,"column":45}},"loc":{"start":{"line":67,"column":105},"end":{"line":94,"column":1}},"line":67},"6":{"name":"(anonymous_6)","decl":{"start":{"line":72,"column":40},"end":{"line":72,"column":41}},"loc":{"start":{"line":72,"column":64},"end":{"line":77,"column":3}},"line":72},"7":{"name":"(anonymous_7)","decl":{"start":{"line":78,"column":4},"end":{"line":78,"column":5}},"loc":{"start":{"line":78,"column":19},"end":{"line":78,"column":61}},"line":78},"8":{"name":"(anonymous_8)","decl":{"start":{"line":80,"column":19},"end":{"line":80,"column":20}},"loc":{"start":{"line":80,"column":43},"end":{"line":80,"column":61}},"line":80},"9":{"name":"(anonymous_9)","decl":{"start":{"line":82,"column":8},"end":{"line":82,"column":9}},"loc":{"start":{"line":82,"column":23},"end":{"line":82,"column":68}},"line":82}},"branchMap":{"0":{"loc":{"start":{"line":54,"column":2},"end":{"line":58,"column":3}},"type":"switch","locations":[{"start":{"line":55,"column":4},"end":{"line":55,"column":40}},{"start":{"line":56,"column":4},"end":{"line":56,"column":43}},{"start":{"line":57,"column":4},"end":{"line":57,"column":25}}],"line":54},"1":{"loc":{"start":{"line":68,"column":2},"end":{"line":70,"column":3}},"type":"if","locations":[{"start":{"line":68,"column":2},"end":{"line":70,"column":3}},{"start":{},"end":{}}],"line":68}},"s":{"0":0,"1":6,"2":15,"3":15,"4":6,"5":3,"6":28,"7":28,"8":28,"9":43,"10":4,"11":39,"12":0,"13":21,"14":18,"15":3,"16":15,"17":15,"18":15,"19":15,"20":13,"21":13,"22":3,"23":3},"f":{"0":0,"1":6,"2":15,"3":28,"4":43,"5":21,"6":15,"7":15,"8":13,"9":13},"b":{"0":[4,39,0],"1":[18,3]},"_coverageSchema":"1a1c01bbd47fc00a2c39e90264f33305004495a9","hash":"986585c13384ff17bf87fc5023d887eab716ee6a"}
,"/Users/zeigfreid/Github/edvisor/Brainstorm/brainstorm/src/atoms/_entry/buildBrainstormBridge.ts": {"path":"/Users/zeigfreid/Github/edvisor/Brainstorm/brainstorm/src/atoms/_entry/buildBrainstormBridge.ts","statementMap":{"0":{"start":{"line":10,"column":58},"end":{"line":13,"column":1}},"1":{"start":{"line":11,"column":22},"end":{"line":11,"column":25}},"2":{"start":{"line":15,"column":45},"end":{"line":17,"column":1}},"3":{"start":{"line":20,"column":2},"end":{"line":20,"column":26}},"4":{"start":{"line":24,"column":2},"end":{"line":26,"column":4}}},"fnMap":{"0":{"name":"(anonymous_0)","decl":{"start":{"line":11,"column":5},"end":{"line":11,"column":6}},"loc":{"start":{"line":11,"column":22},"end":{"line":11,"column":25}},"line":11},"1":{"name":"_dangerouslyGetBrainstormBridge","decl":{"start":{"line":19,"column":16},"end":{"line":19,"column":47}},"loc":{"start":{"line":19,"column":50},"end":{"line":21,"column":1}},"line":19},"2":{"name":"_dangerouslyUpdateBrainstormBridge","decl":{"start":{"line":23,"column":16},"end":{"line":23,"column":50}},"loc":{"start":{"line":23,"column":111},"end":{"line":27,"column":1}},"line":23}},"branchMap":{},"s":{"0":2,"1":55,"2":2,"3":0,"4":0},"f":{"0":55,"1":0,"2":0},"b":{},"_coverageSchema":"1a1c01bbd47fc00a2c39e90264f33305004495a9","hash":"8c8cb8ea4ceed0ef7158ae909880f89651d4a553"}
,"/Users/zeigfreid/Github/edvisor/Brainstorm/brainstorm/src/atoms/_entry/index.ts": {"path":"/Users/zeigfreid/Github/edvisor/Brainstorm/brainstorm/src/atoms/_entry/index.ts","statementMap":{},"fnMap":{},"branchMap":{},"s":{},"f":{},"b":{},"_coverageSchema":"1a1c01bbd47fc00a2c39e90264f33305004495a9","hash":"d8815126537929216b896d3fa8973cbdb0da9e3f"}
,"/Users/zeigfreid/Github/edvisor/Brainstorm/brainstorm/src/atoms/components/index.ts": {"path":"/Users/zeigfreid/Github/edvisor/Brainstorm/brainstorm/src/atoms/components/index.ts","statementMap":{},"fnMap":{},"branchMap":{},"s":{},"f":{},"b":{},"_coverageSchema":"1a1c01bbd47fc00a2c39e90264f33305004495a9","hash":"60f6ce47cea3c62116eca2eba57106eb0829d109"}
,"/Users/zeigfreid/Github/edvisor/Brainstorm/brainstorm/src/atoms/components/ClickOutside/ClickOutside.tsx": {"path":"/Users/zeigfreid/Github/edvisor/Brainstorm/brainstorm/src/atoms/components/ClickOutside/ClickOutside.tsx","statementMap":{"0":{"start":{"line":17,"column":4},"end":{"line":17,"column":16}},"1":{"start":{"line":19,"column":4},"end":{"line":19,"column":48}},"2":{"start":{"line":20,"column":4},"end":{"line":20,"column":50}},"3":{"start":{"line":25,"column":4},"end":{"line":25,"column":60}},"4":{"start":{"line":30,"column":4},"end":{"line":30,"column":63}},"5":{"start":{"line":34,"column":4},"end":{"line":36,"column":5}},"6":{"start":{"line":35,"column":6},"end":{"line":35,"column":33}},"7":{"start":{"line":41,"column":17},"end":{"line":41,"column":33}},"8":{"start":{"line":42,"column":19},"end":{"line":42,"column":27}},"9":{"start":{"line":44,"column":4},"end":{"line":46,"column":5}},"10":{"start":{"line":45,"column":6},"end":{"line":45,"column":12}},"11":{"start":{"line":48,"column":4},"end":{"line":48,"column":29}},"12":{"start":{"line":52,"column":4},"end":{"line":56,"column":5}}},"fnMap":{"0":{"name":"(anonymous_0)","decl":{"start":{"line":16,"column":2},"end":{"line":16,"column":3}},"loc":{"start":{"line":16,"column":45},"end":{"line":21,"column":3}},"line":16},"1":{"name":"(anonymous_1)","decl":{"start":{"line":23,"column":2},"end":{"line":23,"column":3}},"loc":{"start":{"line":23,"column":31},"end":{"line":26,"column":3}},"line":23},"2":{"name":"(anonymous_2)","decl":{"start":{"line":28,"column":2},"end":{"line":28,"column":3}},"loc":{"start":{"line":28,"column":26},"end":{"line":31,"column":3}},"line":28},"3":{"name":"(anonymous_3)","decl":{"start":{"line":33,"column":2},"end":{"line":33,"column":3}},"loc":{"start":{"line":33,"column":24},"end":{"line":37,"column":3}},"line":33},"4":{"name":"(anonymous_4)","decl":{"start":{"line":40,"column":2},"end":{"line":40,"column":3}},"loc":{"start":{"line":40,"column":59},"end":{"line":49,"column":3}},"line":40},"5":{"name":"(anonymous_5)","decl":{"start":{"line":51,"column":2},"end":{"line":51,"column":3}},"loc":{"start":{"line":51,"column":12},"end":{"line":57,"column":3}},"line":51}},"branchMap":{"0":{"loc":{"start":{"line":34,"column":4},"end":{"line":36,"column":5}},"type":"if","locations":[{"start":{"line":34,"column":4},"end":{"line":36,"column":5}},{"start":{},"end":{}}],"line":34},"1":{"loc":{"start":{"line":44,"column":4},"end":{"line":46,"column":5}},"type":"if","locations":[{"start":{"line":44,"column":4},"end":{"line":46,"column":5}},{"start":{},"end":{}}],"line":44}},"s":{"0":22,"1":22,"2":22,"3":22,"4":22,"5":0,"6":0,"7":0,"8":0,"9":0,"10":0,"11":0,"12":35},"f":{"0":22,"1":22,"2":22,"3":0,"4":0,"5":35},"b":{"0":[0,0],"1":[0,0]},"_coverageSchema":"1a1c01bbd47fc00a2c39e90264f33305004495a9","hash":"b9024f1361791b2895d35d6c08777a2888f32348"}
,"/Users/zeigfreid/Github/edvisor/Brainstorm/brainstorm/src/atoms/components/ClickOutside/index.ts": {"path":"/Users/zeigfreid/Github/edvisor/Brainstorm/brainstorm/src/atoms/components/ClickOutside/index.ts","statementMap":{},"fnMap":{},"branchMap":{},"s":{},"f":{},"b":{},"_coverageSchema":"1a1c01bbd47fc00a2c39e90264f33305004495a9","hash":"c0927b990db0b0a5d62af33679ff06d3230bedf2"}
,"/Users/zeigfreid/Github/edvisor/Brainstorm/brainstorm/src/atoms/components/Nothing/Nothing.tsx": {"path":"/Users/zeigfreid/Github/edvisor/Brainstorm/brainstorm/src/atoms/components/Nothing/Nothing.tsx","statementMap":{"0":{"start":{"line":4,"column":2},"end":{"line":4,"column":14}}},"fnMap":{"0":{"name":"Nothing","decl":{"start":{"line":3,"column":16},"end":{"line":3,"column":23}},"loc":{"start":{"line":3,"column":27},"end":{"line":5,"column":1}},"line":3}},"branchMap":{},"s":{"0":40},"f":{"0":40},"b":{},"_coverageSchema":"1a1c01bbd47fc00a2c39e90264f33305004495a9","hash":"b1b63accd57943fb203d8fe494ea35c810de3629"}
,"/Users/zeigfreid/Github/edvisor/Brainstorm/brainstorm/src/atoms/components/Nothing/index.ts": {"path":"/Users/zeigfreid/Github/edvisor/Brainstorm/brainstorm/src/atoms/components/Nothing/index.ts","statementMap":{},"fnMap":{},"branchMap":{},"s":{},"f":{},"b":{},"_coverageSchema":"1a1c01bbd47fc00a2c39e90264f33305004495a9","hash":"91767b6c9e77c9af6f3fc0721e0ba0230c20e5c4"}
,"/Users/zeigfreid/Github/edvisor/Brainstorm/brainstorm/src/atoms/components/Typography/Typography.tsx": {"path":"/Users/zeigfreid/Github/edvisor/Brainstorm/brainstorm/src/atoms/components/Typography/Typography.tsx","statementMap":{"0":{"start":{"line":13,"column":2},"end":{"line":13,"column":59}},"1":{"start":{"line":21,"column":16},"end":{"line":21,"column":31}},"2":{"start":{"line":23,"column":2},"end":{"line":23,"column":109}},"3":{"start":{"line":25,"column":2},"end":{"line":25,"column":98}},"4":{"start":{"line":28,"column":21},"end":{"line":28,"column":53}}},"fnMap":{"0":{"name":"isReactText","decl":{"start":{"line":12,"column":9},"end":{"line":12,"column":20}},"loc":{"start":{"line":12,"column":54},"end":{"line":14,"column":1}},"line":12},"1":{"name":"TranslatedText","decl":{"start":{"line":20,"column":9},"end":{"line":20,"column":23}},"loc":{"start":{"line":20,"column":80},"end":{"line":26,"column":1}},"line":20}},"branchMap":{"0":{"loc":{"start":{"line":13,"column":9},"end":{"line":13,"column":59}},"type":"binary-expr","locations":[{"start":{"line":13,"column":9},"end":{"line":13,"column":32}},{"start":{"line":13,"column":36},"end":{"line":13,"column":59}}],"line":13},"1":{"loc":{"start":{"line":25,"column":29},"end":{"line":25,"column":56}},"type":"cond-expr","locations":[{"start":{"line":25,"column":45},"end":{"line":25,"column":47}},{"start":{"line":25,"column":50},"end":{"line":25,"column":56}}],"line":25}},"s":{"0":55,"1":55,"2":55,"3":55,"4":2},"f":{"0":55,"1":55},"b":{"0":[55,0],"1":[0,55]},"_coverageSchema":"1a1c01bbd47fc00a2c39e90264f33305004495a9","hash":"502a03327132390f1570652cc56728356005e50f"}
,"/Users/zeigfreid/Github/edvisor/Brainstorm/brainstorm/src/atoms/components/Typography/index.ts": {"path":"/Users/zeigfreid/Github/edvisor/Brainstorm/brainstorm/src/atoms/components/Typography/index.ts","statementMap":{},"fnMap":{},"branchMap":{},"s":{},"f":{},"b":{},"_coverageSchema":"1a1c01bbd47fc00a2c39e90264f33305004495a9","hash":"146b695e0dcea6fbe017c8aca44be4803da4d445"}
,"/Users/zeigfreid/Github/edvisor/Brainstorm/brainstorm/src/atoms/helpers/assert.ts": {"path":"/Users/zeigfreid/Github/edvisor/Brainstorm/brainstorm/src/atoms/helpers/assert.ts","statementMap":{"0":{"start":{"line":2,"column":2},"end":{"line":4,"column":3}},"1":{"start":{"line":3,"column":4},"end":{"line":3,"column":24}}},"fnMap":{"0":{"name":"assert","decl":{"start":{"line":1,"column":16},"end":{"line":1,"column":22}},"loc":{"start":{"line":1,"column":88},"end":{"line":5,"column":1}},"line":1}},"branchMap":{"0":{"loc":{"start":{"line":1,"column":43},"end":{"line":1,"column":67}},"type":"default-arg","locations":[{"start":{"line":1,"column":49},"end":{"line":1,"column":67}}],"line":1},"1":{"loc":{"start":{"line":2,"column":2},"end":{"line":4,"column":3}},"type":"if","locations":[{"start":{"line":2,"column":2},"end":{"line":4,"column":3}},{"start":{},"end":{}}],"line":2}},"s":{"0":258,"1":0},"f":{"0":258},"b":{"0":[158],"1":[0,258]},"_coverageSchema":"1a1c01bbd47fc00a2c39e90264f33305004495a9","hash":"3aec948435e62fd81bef4e3c09fce1f4d330670d"}
,"/Users/zeigfreid/Github/edvisor/Brainstorm/brainstorm/src/atoms/helpers/assertNever.ts": {"path":"/Users/zeigfreid/Github/edvisor/Brainstorm/brainstorm/src/atoms/helpers/assertNever.ts","statementMap":{"0":{"start":{"line":2,"column":2},"end":{"line":2,"column":50}}},"fnMap":{"0":{"name":"assertNever","decl":{"start":{"line":1,"column":16},"end":{"line":1,"column":27}},"loc":{"start":{"line":1,"column":46},"end":{"line":3,"column":1}},"line":1}},"branchMap":{},"s":{"0":0},"f":{"0":0},"b":{},"_coverageSchema":"1a1c01bbd47fc00a2c39e90264f33305004495a9","hash":"0dff37c8c2b8630bbfc82dcd3cfe5c0b45d5539e"}
,"/Users/zeigfreid/Github/edvisor/Brainstorm/brainstorm/src/atoms/helpers/index.ts": {"path":"/Users/zeigfreid/Github/edvisor/Brainstorm/brainstorm/src/atoms/helpers/index.ts","statementMap":{},"fnMap":{},"branchMap":{},"s":{},"f":{},"b":{},"_coverageSchema":"1a1c01bbd47fc00a2c39e90264f33305004495a9","hash":"9c4a811b1c959252f8904cd92bdd019fbbd2a811"}
,"/Users/zeigfreid/Github/edvisor/Brainstorm/brainstorm/src/atoms/helpers/safeNavigation.ts": {"path":"/Users/zeigfreid/Github/edvisor/Brainstorm/brainstorm/src/atoms/helpers/safeNavigation.ts","statementMap":{"0":{"start":{"line":9,"column":2},"end":{"line":9,"column":42}},"1":{"start":{"line":14,"column":2},"end":{"line":14,"column":24}},"2":{"start":{"line":19,"column":2},"end":{"line":19,"column":69}},"3":{"start":{"line":40,"column":2},"end":{"line":42,"column":3}},"4":{"start":{"line":41,"column":4},"end":{"line":41,"column":15}},"5":{"start":{"line":47,"column":2},"end":{"line":49,"column":3}},"6":{"start":{"line":48,"column":4},"end":{"line":48,"column":14}},"7":{"start":{"line":53,"column":2},"end":{"line":53,"column":24}}},"fnMap":{"0":{"name":"isDefined","decl":{"start":{"line":7,"column":16},"end":{"line":7,"column":25}},"loc":{"start":{"line":7,"column":74},"end":{"line":10,"column":1}},"line":7},"1":{"name":"isNil","decl":{"start":{"line":13,"column":16},"end":{"line":13,"column":21}},"loc":{"start":{"line":13,"column":77},"end":{"line":15,"column":1}},"line":13},"2":{"name":"isEmpty","decl":{"start":{"line":18,"column":16},"end":{"line":18,"column":23}},"loc":{"start":{"line":18,"column":64},"end":{"line":20,"column":1}},"line":18},"3":{"name":"safelyCallEffect","decl":{"start":{"line":39,"column":16},"end":{"line":39,"column":32}},"loc":{"start":{"line":39,"column":82},"end":{"line":43,"column":1}},"line":39},"4":{"name":"safelyCallEffect0","decl":{"start":{"line":46,"column":16},"end":{"line":46,"column":33}},"loc":{"start":{"line":46,"column":59},"end":{"line":50,"column":1}},"line":46},"5":{"name":"hasFirstElement","decl":{"start":{"line":52,"column":16},"end":{"line":52,"column":31}},"loc":{"start":{"line":52,"column":57},"end":{"line":54,"column":1}},"line":52}},"branchMap":{"0":{"loc":{"start":{"line":9,"column":9},"end":{"line":9,"column":42}},"type":"binary-expr","locations":[{"start":{"line":9,"column":9},"end":{"line":9,"column":26}},{"start":{"line":9,"column":30},"end":{"line":9,"column":42}}],"line":9},"1":{"loc":{"start":{"line":19,"column":9},"end":{"line":19,"column":69}},"type":"binary-expr","locations":[{"start":{"line":19,"column":9},"end":{"line":19,"column":25}},{"start":{"line":19,"column":30},"end":{"line":19,"column":48}},{"start":{"line":19,"column":52},"end":{"line":19,"column":68}}],"line":19},"2":{"loc":{"start":{"line":40,"column":2},"end":{"line":42,"column":3}},"type":"if","locations":[{"start":{"line":40,"column":2},"end":{"line":42,"column":3}},{"start":{},"end":{}}],"line":40},"3":{"loc":{"start":{"line":47,"column":2},"end":{"line":49,"column":3}},"type":"if","locations":[{"start":{"line":47,"column":2},"end":{"line":49,"column":3}},{"start":{},"end":{}}],"line":47}},"s":{"0":913,"1":478,"2":102,"3":11,"4":0,"5":0,"6":0,"7":36},"f":{"0":913,"1":478,"2":102,"3":11,"4":0,"5":36},"b":{"0":[913,520],"1":[102,102,21],"2":[0,11],"3":[0,0]},"_coverageSchema":"1a1c01bbd47fc00a2c39e90264f33305004495a9","hash":"13a9d283f072feee4c9d95f4ea896f727a45cdd5"}
,"/Users/zeigfreid/Github/edvisor/Brainstorm/brainstorm/src/atoms/helpers/toString.ts": {"path":"/Users/zeigfreid/Github/edvisor/Brainstorm/brainstorm/src/atoms/helpers/toString.ts","statementMap":{"0":{"start":{"line":4,"column":2},"end":{"line":4,"column":37}}},"fnMap":{"0":{"name":"stringify","decl":{"start":{"line":3,"column":16},"end":{"line":3,"column":25}},"loc":{"start":{"line":3,"column":49},"end":{"line":5,"column":1}},"line":3}},"branchMap":{},"s":{"0":0},"f":{"0":0},"b":{},"_coverageSchema":"1a1c01bbd47fc00a2c39e90264f33305004495a9","hash":"1e96d7a0c50c71af276cea4ac4076372cd11aff2"}
,"/Users/zeigfreid/Github/edvisor/Brainstorm/brainstorm/src/atoms/helpers/type-safety/index.ts": {"path":"/Users/zeigfreid/Github/edvisor/Brainstorm/brainstorm/src/atoms/helpers/type-safety/index.ts","statementMap":{},"fnMap":{},"branchMap":{},"s":{},"f":{},"b":{},"_coverageSchema":"1a1c01bbd47fc00a2c39e90264f33305004495a9","hash":"175be4fb1e6271d2b3f650ed548c46c714a9530d"}
,"/Users/zeigfreid/Github/edvisor/Brainstorm/brainstorm/src/atoms/helpers/type-safety/type-guard.ts": {"path":"/Users/zeigfreid/Github/edvisor/Brainstorm/brainstorm/src/atoms/helpers/type-safety/type-guard.ts","statementMap":{"0":{"start":{"line":7,"column":2},"end":{"line":7,"column":34}},"1":{"start":{"line":11,"column":2},"end":{"line":11,"column":35}},"2":{"start":{"line":16,"column":2},"end":{"line":16,"column":34}},"3":{"start":{"line":21,"column":2},"end":{"line":21,"column":61}},"4":{"start":{"line":25,"column":2},"end":{"line":25,"column":34}},"5":{"start":{"line":29,"column":2},"end":{"line":29,"column":30}},"6":{"start":{"line":32,"column":27},"end":{"line":32,"column":32}},"7":{"start":{"line":36,"column":2},"end":{"line":36,"column":36}},"8":{"start":{"line":45,"column":30},"end":{"line":49,"column":66}},"9":{"start":{"line":48,"column":5},"end":{"line":49,"column":66}},"10":{"start":{"line":48,"column":45},"end":{"line":49,"column":66}},"11":{"start":{"line":49,"column":28},"end":{"line":49,"column":65}},"12":{"start":{"line":51,"column":24},"end":{"line":51,"column":100}},"13":{"start":{"line":51,"column":69},"end":{"line":51,"column":100}},"14":{"start":{"line":56,"column":2},"end":{"line":66,"column":3}},"15":{"start":{"line":57,"column":4},"end":{"line":59,"column":5}},"16":{"start":{"line":58,"column":6},"end":{"line":58,"column":18}},"17":{"start":{"line":61,"column":4},"end":{"line":63,"column":5}},"18":{"start":{"line":62,"column":6},"end":{"line":62,"column":30}},"19":{"start":{"line":65,"column":4},"end":{"line":65,"column":39}},"20":{"start":{"line":72,"column":2},"end":{"line":94,"column":3}},"21":{"start":{"line":73,"column":4},"end":{"line":75,"column":5}},"22":{"start":{"line":74,"column":6},"end":{"line":74,"column":17}},"23":{"start":{"line":77,"column":4},"end":{"line":79,"column":5}},"24":{"start":{"line":78,"column":6},"end":{"line":78,"column":40}},"25":{"start":{"line":81,"column":4},"end":{"line":87,"column":5}},"26":{"start":{"line":82,"column":6},"end":{"line":84,"column":7}},"27":{"start":{"line":83,"column":8},"end":{"line":83,"column":35}},"28":{"start":{"line":86,"column":6},"end":{"line":86,"column":18}},"29":{"start":{"line":89,"column":4},"end":{"line":91,"column":5}},"30":{"start":{"line":90,"column":6},"end":{"line":90,"column":51}},"31":{"start":{"line":93,"column":4},"end":{"line":93,"column":16}},"32":{"start":{"line":97,"column":17},"end":{"line":112,"column":1}},"33":{"start":{"line":98,"column":15},"end":{"line":98,"column":75}},"34":{"start":{"line":100,"column":2},"end":{"line":103,"column":3}},"35":{"start":{"line":102,"column":4},"end":{"line":102,"column":101}},"36":{"start":{"line":105,"column":2},"end":{"line":108,"column":3}},"37":{"start":{"line":107,"column":4},"end":{"line":107,"column":69}},"38":{"start":{"line":111,"column":2},"end":{"line":111,"column":123}},"39":{"start":{"line":118,"column":23},"end":{"line":122,"column":1}},"40":{"start":{"line":118,"column":66},"end":{"line":122,"column":1}},"41":{"start":{"line":119,"column":15},"end":{"line":119,"column":25}},"42":{"start":{"line":120,"column":2},"end":{"line":120,"column":25}},"43":{"start":{"line":121,"column":2},"end":{"line":121,"column":26}},"44":{"start":{"line":125,"column":2},"end":{"line":127,"column":3}},"45":{"start":{"line":126,"column":4},"end":{"line":126,"column":15}},"46":{"start":{"line":129,"column":2},"end":{"line":139,"column":3}},"47":{"start":{"line":130,"column":22},"end":{"line":130,"column":29}},"48":{"start":{"line":132,"column":4},"end":{"line":138,"column":5}},"49":{"start":{"line":133,"column":6},"end":{"line":135,"column":7}},"50":{"start":{"line":134,"column":8},"end":{"line":134,"column":20}},"51":{"start":{"line":137,"column":6},"end":{"line":137,"column":48}},"52":{"start":{"line":141,"column":2},"end":{"line":143,"column":3}},"53":{"start":{"line":142,"column":4},"end":{"line":142,"column":26}},"54":{"start":{"line":145,"column":2},"end":{"line":145,"column":75}},"55":{"start":{"line":150,"column":2},"end":{"line":169,"column":3}},"56":{"start":{"line":151,"column":4},"end":{"line":153,"column":5}},"57":{"start":{"line":152,"column":6},"end":{"line":152,"column":18}},"58":{"start":{"line":155,"column":21},"end":{"line":155,"column":35}},"59":{"start":{"line":157,"column":4},"end":{"line":168,"column":26}},"60":{"start":{"line":159,"column":22},"end":{"line":159,"column":30}},"61":{"start":{"line":160,"column":19},"end":{"line":160,"column":45}},"62":{"start":{"line":161,"column":21},"end":{"line":161,"column":34}},"63":{"start":{"line":163,"column":6},"end":{"line":165,"column":7}},"64":{"start":{"line":164,"column":8},"end":{"line":164,"column":36}},"65":{"start":{"line":167,"column":6},"end":{"line":167,"column":19}},"66":{"start":{"line":173,"column":2},"end":{"line":173,"column":25}}},"fnMap":{"0":{"name":"isString","decl":{"start":{"line":6,"column":16},"end":{"line":6,"column":24}},"loc":{"start":{"line":6,"column":58},"end":{"line":8,"column":1}},"line":6},"1":{"name":"isBoolean","decl":{"start":{"line":10,"column":16},"end":{"line":10,"column":25}},"loc":{"start":{"line":10,"column":60},"end":{"line":12,"column":1}},"line":10},"2":{"name":"isNumber","decl":{"start":{"line":15,"column":16},"end":{"line":15,"column":24}},"loc":{"start":{"line":15,"column":58},"end":{"line":17,"column":1}},"line":15},"3":{"name":"isActuallyNumber","decl":{"start":{"line":20,"column":16},"end":{"line":20,"column":32}},"loc":{"start":{"line":20,"column":66},"end":{"line":22,"column":1}},"line":20},"4":{"name":"isObject","decl":{"start":{"line":24,"column":16},"end":{"line":24,"column":24}},"loc":{"start":{"line":24,"column":75},"end":{"line":26,"column":1}},"line":24},"5":{"name":"isDate","decl":{"start":{"line":28,"column":16},"end":{"line":28,"column":22}},"loc":{"start":{"line":28,"column":54},"end":{"line":30,"column":1}},"line":28},"6":{"name":"isFunction","decl":{"start":{"line":35,"column":9},"end":{"line":35,"column":19}},"loc":{"start":{"line":35,"column":55},"end":{"line":37,"column":1}},"line":35},"7":{"name":"(anonymous_7)","decl":{"start":{"line":45,"column":30},"end":{"line":45,"column":31}},"loc":{"start":{"line":48,"column":5},"end":{"line":49,"column":66}},"line":48},"8":{"name":"(anonymous_8)","decl":{"start":{"line":48,"column":5},"end":{"line":48,"column":6}},"loc":{"start":{"line":48,"column":45},"end":{"line":49,"column":66}},"line":48},"9":{"name":"(anonymous_9)","decl":{"start":{"line":49,"column":11},"end":{"line":49,"column":12}},"loc":{"start":{"line":49,"column":28},"end":{"line":49,"column":65}},"line":49},"10":{"name":"(anonymous_10)","decl":{"start":{"line":51,"column":24},"end":{"line":51,"column":25}},"loc":{"start":{"line":51,"column":69},"end":{"line":51,"column":100}},"line":51},"11":{"name":"array","decl":{"start":{"line":53,"column":16},"end":{"line":53,"column":21}},"loc":{"start":{"line":55,"column":18},"end":{"line":67,"column":1}},"line":55},"12":{"name":"(anonymous_12)","decl":{"start":{"line":56,"column":9},"end":{"line":56,"column":10}},"loc":{"start":{"line":56,"column":43},"end":{"line":66,"column":3}},"line":56},"13":{"name":"optional","decl":{"start":{"line":69,"column":16},"end":{"line":69,"column":24}},"loc":{"start":{"line":71,"column":28},"end":{"line":95,"column":1}},"line":71},"14":{"name":"(anonymous_14)","decl":{"start":{"line":72,"column":9},"end":{"line":72,"column":10}},"loc":{"start":{"line":72,"column":53},"end":{"line":94,"column":3}},"line":72},"15":{"name":"(anonymous_15)","decl":{"start":{"line":97,"column":17},"end":{"line":97,"column":18}},"loc":{"start":{"line":97,"column":99},"end":{"line":112,"column":1}},"line":97},"16":{"name":"(anonymous_16)","decl":{"start":{"line":118,"column":23},"end":{"line":118,"column":24}},"loc":{"start":{"line":118,"column":66},"end":{"line":122,"column":1}},"line":118},"17":{"name":"(anonymous_17)","decl":{"start":{"line":118,"column":66},"end":{"line":118,"column":67}},"loc":{"start":{"line":118,"column":97},"end":{"line":122,"column":1}},"line":118},"18":{"name":"recoverRule","decl":{"start":{"line":124,"column":16},"end":{"line":124,"column":27}},"loc":{"start":{"line":124,"column":96},"end":{"line":146,"column":1}},"line":124},"19":{"name":"(anonymous_19)","decl":{"start":{"line":132,"column":11},"end":{"line":132,"column":12}},"loc":{"start":{"line":132,"column":43},"end":{"line":138,"column":5}},"line":132},"20":{"name":"typeGuard","decl":{"start":{"line":148,"column":9},"end":{"line":148,"column":18}},"loc":{"start":{"line":148,"column":55},"end":{"line":170,"column":1}},"line":148},"21":{"name":"(anonymous_21)","decl":{"start":{"line":150,"column":9},"end":{"line":150,"column":10}},"loc":{"start":{"line":150,"column":33},"end":{"line":169,"column":3}},"line":150},"22":{"name":"(anonymous_22)","decl":{"start":{"line":157,"column":36},"end":{"line":157,"column":37}},"loc":{"start":{"line":157,"column":53},"end":{"line":168,"column":5}},"line":157},"23":{"name":"buildTypeGuard","decl":{"start":{"line":172,"column":16},"end":{"line":172,"column":30}},"loc":{"start":{"line":172,"column":77},"end":{"line":174,"column":1}},"line":172}},"branchMap":{"0":{"loc":{"start":{"line":21,"column":9},"end":{"line":21,"column":61}},"type":"binary-expr","locations":[{"start":{"line":21,"column":9},"end":{"line":21,"column":32}},{"start":{"line":21,"column":36},"end":{"line":21,"column":61}}],"line":21},"1":{"loc":{"start":{"line":49,"column":28},"end":{"line":49,"column":65}},"type":"binary-expr","locations":[{"start":{"line":49,"column":28},"end":{"line":49,"column":42}},{"start":{"line":49,"column":46},"end":{"line":49,"column":65}}],"line":49},"2":{"loc":{"start":{"line":57,"column":4},"end":{"line":59,"column":5}},"type":"if","locations":[{"start":{"line":57,"column":4},"end":{"line":59,"column":5}},{"start":{},"end":{}}],"line":57},"3":{"loc":{"start":{"line":61,"column":4},"end":{"line":63,"column":5}},"type":"if","locations":[{"start":{"line":61,"column":4},"end":{"line":63,"column":5}},{"start":{},"end":{}}],"line":61},"4":{"loc":{"start":{"line":73,"column":4},"end":{"line":75,"column":5}},"type":"if","locations":[{"start":{"line":73,"column":4},"end":{"line":75,"column":5}},{"start":{},"end":{}}],"line":73},"5":{"loc":{"start":{"line":77,"column":4},"end":{"line":79,"column":5}},"type":"if","locations":[{"start":{"line":77,"column":4},"end":{"line":79,"column":5}},{"start":{},"end":{}}],"line":77},"6":{"loc":{"start":{"line":78,"column":13},"end":{"line":78,"column":40}},"type":"binary-expr","locations":[{"start":{"line":78,"column":13},"end":{"line":78,"column":25}},{"start":{"line":78,"column":29},"end":{"line":78,"column":40}}],"line":78},"7":{"loc":{"start":{"line":81,"column":4},"end":{"line":87,"column":5}},"type":"if","locations":[{"start":{"line":81,"column":4},"end":{"line":87,"column":5}},{"start":{},"end":{}}],"line":81},"8":{"loc":{"start":{"line":82,"column":6},"end":{"line":84,"column":7}},"type":"if","locations":[{"start":{"line":82,"column":6},"end":{"line":84,"column":7}},{"start":{},"end":{}}],"line":82},"9":{"loc":{"start":{"line":89,"column":4},"end":{"line":91,"column":5}},"type":"if","locations":[{"start":{"line":89,"column":4},"end":{"line":91,"column":5}},{"start":{},"end":{}}],"line":89},"10":{"loc":{"start":{"line":90,"column":13},"end":{"line":90,"column":51}},"type":"binary-expr","locations":[{"start":{"line":90,"column":13},"end":{"line":90,"column":25}},{"start":{"line":90,"column":29},"end":{"line":90,"column":51}}],"line":90},"11":{"loc":{"start":{"line":98,"column":15},"end":{"line":98,"column":75}},"type":"cond-expr","locations":[{"start":{"line":98,"column":39},"end":{"line":98,"column":49}},{"start":{"line":98,"column":52},"end":{"line":98,"column":75}}],"line":98},"12":{"loc":{"start":{"line":100,"column":2},"end":{"line":103,"column":3}},"type":"if","locations":[{"start":{"line":100,"column":2},"end":{"line":103,"column":3}},{"start":{},"end":{}}],"line":100},"13":{"loc":{"start":{"line":105,"column":2},"end":{"line":108,"column":3}},"type":"if","locations":[{"start":{"line":105,"column":2},"end":{"line":108,"column":3}},{"start":{},"end":{}}],"line":105},"14":{"loc":{"start":{"line":125,"column":2},"end":{"line":127,"column":3}},"type":"if","locations":[{"start":{"line":125,"column":2},"end":{"line":127,"column":3}},{"start":{},"end":{}}],"line":125},"15":{"loc":{"start":{"line":129,"column":2},"end":{"line":139,"column":3}},"type":"if","locations":[{"start":{"line":129,"column":2},"end":{"line":139,"column":3}},{"start":{},"end":{}}],"line":129},"16":{"loc":{"start":{"line":133,"column":6},"end":{"line":135,"column":7}},"type":"if","locations":[{"start":{"line":133,"column":6},"end":{"line":135,"column":7}},{"start":{},"end":{}}],"line":133},"17":{"loc":{"start":{"line":141,"column":2},"end":{"line":143,"column":3}},"type":"if","locations":[{"start":{"line":141,"column":2},"end":{"line":143,"column":3}},{"start":{},"end":{}}],"line":141},"18":{"loc":{"start":{"line":151,"column":4},"end":{"line":153,"column":5}},"type":"if","locations":[{"start":{"line":151,"column":4},"end":{"line":153,"column":5}},{"start":{},"end":{}}],"line":151},"19":{"loc":{"start":{"line":163,"column":6},"end":{"line":165,"column":7}},"type":"if","locations":[{"start":{"line":163,"column":6},"end":{"line":165,"column":7}},{"start":{},"end":{}}],"line":163}},"s":{"0":0,"1":0,"2":0,"3":0,"4":0,"5":0,"6":5,"7":86,"8":5,"9":0,"10":0,"11":0,"12":5,"13":0,"14":0,"15":0,"16":0,"17":0,"18":0,"19":0,"20":0,"21":0,"22":0,"23":0,"24":0,"25":0,"26":0,"27":0,"28":0,"29":0,"30":0,"31":0,"32":5,"33":0,"34":0,"35":0,"36":0,"37":0,"38":0,"39":5,"40":43,"41":43,"42":43,"43":43,"44":86,"45":86,"46":0,"47":0,"48":0,"49":0,"50":0,"51":0,"52":0,"53":0,"54":0,"55":3,"56":43,"57":0,"58":43,"59":43,"60":43,"61":43,"62":43,"63":43,"64":0,"65":43,"66":3},"f":{"0":0,"1":0,"2":0,"3":0,"4":0,"5":0,"6":86,"7":0,"8":0,"9":0,"10":0,"11":0,"12":0,"13":0,"14":0,"15":0,"16":43,"17":43,"18":86,"19":0,"20":3,"21":43,"22":43,"23":3},"b":{"0":[0,0],"1":[0,0],"2":[0,0],"3":[0,0],"4":[0,0],"5":[0,0],"6":[0,0],"7":[0,0],"8":[0,0],"9":[0,0],"10":[0,0],"11":[0,0],"12":[0,0],"13":[0,0],"14":[86,0],"15":[0,0],"16":[0,0],"17":[0,0],"18":[0,43],"19":[0,43]},"_coverageSchema":"1a1c01bbd47fc00a2c39e90264f33305004495a9","hash":"38ee012f73c1afd7128d561d6c041556dbc7d088"}
,"/Users/zeigfreid/Github/edvisor/Brainstorm/brainstorm/src/atoms/hooks/index.ts": {"path":"/Users/zeigfreid/Github/edvisor/Brainstorm/brainstorm/src/atoms/hooks/index.ts","statementMap":{},"fnMap":{},"branchMap":{},"s":{},"f":{},"b":{},"_coverageSchema":"1a1c01bbd47fc00a2c39e90264f33305004495a9","hash":"5c5eb82929a2267c67371d381640c7704fe47c2f"}
,"/Users/zeigfreid/Github/edvisor/Brainstorm/brainstorm/src/atoms/hooks/useAppContext.ts": {"path":"/Users/zeigfreid/Github/edvisor/Brainstorm/brainstorm/src/atoms/hooks/useAppContext.ts","statementMap":{"0":{"start":{"line":5,"column":2},"end":{"line":5,"column":31}}},"fnMap":{"0":{"name":"useAppContext","decl":{"start":{"line":4,"column":16},"end":{"line":4,"column":29}},"loc":{"start":{"line":4,"column":32},"end":{"line":6,"column":1}},"line":4}},"branchMap":{},"s":{"0":55},"f":{"0":55},"b":{},"_coverageSchema":"1a1c01bbd47fc00a2c39e90264f33305004495a9","hash":"c61304ee689413dc0399eef3675cb5351faf9f78"}
,"/Users/zeigfreid/Github/edvisor/Brainstorm/brainstorm/src/atoms/hooks/useQuery.ts": {"path":"/Users/zeigfreid/Github/edvisor/Brainstorm/brainstorm/src/atoms/hooks/useQuery.ts","statementMap":{"0":{"start":{"line":9,"column":2},"end":{"line":14,"column":4}}},"fnMap":{"0":{"name":"useQuery","decl":{"start":{"line":4,"column":16},"end":{"line":4,"column":24}},"loc":{"start":{"line":8,"column":34},"end":{"line":15,"column":1}},"line":8}},"branchMap":{},"s":{"0":23},"f":{"0":23},"b":{},"_coverageSchema":"1a1c01bbd47fc00a2c39e90264f33305004495a9","hash":"dad8539a50a1a3d04b8c83c2a3868ce25b0cc372"}
,"/Users/zeigfreid/Github/edvisor/Brainstorm/brainstorm/src/clients/el-agents/components/MultiSelectCourseCategoryByTaxonomy/MultiSelectCourseCategoryByTaxonomy.tsx": {"path":"/Users/zeigfreid/Github/edvisor/Brainstorm/brainstorm/src/clients/el-agents/components/MultiSelectCourseCategoryByTaxonomy/MultiSelectCourseCategoryByTaxonomy.tsx","statementMap":{"0":{"start":{"line":35,"column":27},"end":{"line":35,"column":53}},"1":{"start":{"line":37,"column":29},"end":{"line":37,"column":34}},"2":{"start":{"line":38,"column":27},"end":{"line":53,"column":4}},"3":{"start":{"line":39,"column":4},"end":{"line":52,"column":5}},"4":{"start":{"line":41,"column":8},"end":{"line":43,"column":9}},"5":{"start":{"line":42,"column":10},"end":{"line":42,"column":64}},"6":{"start":{"line":46,"column":38},"end":{"line":46,"column":142}},"7":{"start":{"line":46,"column":76},"end":{"line":46,"column":141}},"8":{"start":{"line":48,"column":8},"end":{"line":49,"column":134}},"9":{"start":{"line":51,"column":49},"end":{"line":51,"column":109}},"10":{"start":{"line":55,"column":59},"end":{"line":70,"column":4}},"11":{"start":{"line":58,"column":6},"end":{"line":68,"column":7}},"12":{"start":{"line":60,"column":31},"end":{"line":60,"column":52}},"13":{"start":{"line":61,"column":10},"end":{"line":61,"column":41}},"14":{"start":{"line":63,"column":10},"end":{"line":66,"column":11}},"15":{"start":{"line":65,"column":62},"end":{"line":65,"column":80}},"16":{"start":{"line":72,"column":23},"end":{"line":154,"column":4}},"17":{"start":{"line":73,"column":25},"end":{"line":73,"column":52}},"18":{"start":{"line":74,"column":4},"end":{"line":74,"column":35}},"19":{"start":{"line":76,"column":29},"end":{"line":76,"column":46}},"20":{"start":{"line":77,"column":4},"end":{"line":77,"column":39}},"21":{"start":{"line":79,"column":43},"end":{"line":79,"column":92}},"22":{"start":{"line":80,"column":30},"end":{"line":81,"column":77}},"23":{"start":{"line":81,"column":28},"end":{"line":81,"column":76}},"24":{"start":{"line":83,"column":37},"end":{"line":84,"column":71}},"25":{"start":{"line":84,"column":28},"end":{"line":84,"column":70}},"26":{"start":{"line":86,"column":4},"end":{"line":98,"column":5}},"27":{"start":{"line":87,"column":6},"end":{"line":97,"column":7}},"28":{"start":{"line":117,"column":33},"end":{"line":117,"column":75}},"29":{"start":{"line":119,"column":35},"end":{"line":121,"column":138}},"30":{"start":{"line":120,"column":28},"end":{"line":120,"column":89}},"31":{"start":{"line":121,"column":28},"end":{"line":121,"column":137}},"32":{"start":{"line":121,"column":86},"end":{"line":121,"column":135}},"33":{"start":{"line":123,"column":26},"end":{"line":123,"column":118}},"34":{"start":{"line":125,"column":31},"end":{"line":125,"column":57}},"35":{"start":{"line":126,"column":37},"end":{"line":126,"column":153}},"36":{"start":{"line":127,"column":22},"end":{"line":127,"column":80}},"37":{"start":{"line":130,"column":26},"end":{"line":130,"column":87}},"38":{"start":{"line":132,"column":4},"end":{"line":147,"column":5}},"39":{"start":{"line":139,"column":43},"end":{"line":139,"column":80}},"40":{"start":{"line":141,"column":10},"end":{"line":143,"column":11}},"41":{"start":{"line":150,"column":6},"end":{"line":150,"column":41}},"42":{"start":{"line":151,"column":39},"end":{"line":151,"column":140}},"43":{"start":{"line":151,"column":77},"end":{"line":151,"column":139}},"44":{"start":{"line":151,"column":110},"end":{"line":151,"column":138}},"45":{"start":{"line":152,"column":6},"end":{"line":152,"column":37}},"46":{"start":{"line":156,"column":2},"end":{"line":160,"column":3}},"47":{"start":{"line":164,"column":2},"end":{"line":164,"column":67}},"48":{"start":{"line":164,"column":48},"end":{"line":164,"column":66}}},"fnMap":{"0":{"name":"MultiSelectCourseCategoryByTaxonomy","decl":{"start":{"line":34,"column":16},"end":{"line":34,"column":51}},"loc":{"start":{"line":34,"column":103},"end":{"line":161,"column":1}},"line":34},"1":{"name":"(anonymous_1)","decl":{"start":{"line":38,"column":46},"end":{"line":38,"column":47}},"loc":{"start":{"line":38,"column":64},"end":{"line":53,"column":3}},"line":38},"2":{"name":"(anonymous_2)","decl":{"start":{"line":40,"column":10},"end":{"line":40,"column":11}},"loc":{"start":{"line":40,"column":41},"end":{"line":50,"column":7}},"line":40},"3":{"name":"(anonymous_3)","decl":{"start":{"line":46,"column":62},"end":{"line":46,"column":63}},"loc":{"start":{"line":46,"column":76},"end":{"line":46,"column":141}},"line":46},"4":{"name":"(anonymous_4)","decl":{"start":{"line":51,"column":18},"end":{"line":51,"column":19}},"loc":{"start":{"line":51,"column":49},"end":{"line":51,"column":109}},"line":51},"5":{"name":"(anonymous_5)","decl":{"start":{"line":56,"column":14},"end":{"line":56,"column":15}},"loc":{"start":{"line":56,"column":41},"end":{"line":69,"column":5}},"line":56},"6":{"name":"(anonymous_6)","decl":{"start":{"line":59,"column":31},"end":{"line":59,"column":32}},"loc":{"start":{"line":59,"column":50},"end":{"line":67,"column":9}},"line":59},"7":{"name":"(anonymous_7)","decl":{"start":{"line":65,"column":48},"end":{"line":65,"column":49}},"loc":{"start":{"line":65,"column":62},"end":{"line":65,"column":80}},"line":65},"8":{"name":"(anonymous_8)","decl":{"start":{"line":72,"column":46},"end":{"line":72,"column":47}},"loc":{"start":{"line":72,"column":83},"end":{"line":154,"column":3}},"line":72},"9":{"name":"(anonymous_9)","decl":{"start":{"line":81,"column":14},"end":{"line":81,"column":15}},"loc":{"start":{"line":81,"column":28},"end":{"line":81,"column":76}},"line":81},"10":{"name":"(anonymous_10)","decl":{"start":{"line":84,"column":14},"end":{"line":84,"column":15}},"loc":{"start":{"line":84,"column":28},"end":{"line":84,"column":70}},"line":84},"11":{"name":"(anonymous_11)","decl":{"start":{"line":92,"column":20},"end":{"line":92,"column":21}},"loc":{"start":{"line":92,"column":26},"end":{"line":94,"column":11}},"line":92},"12":{"name":"(anonymous_12)","decl":{"start":{"line":120,"column":14},"end":{"line":120,"column":15}},"loc":{"start":{"line":120,"column":28},"end":{"line":120,"column":89}},"line":120},"13":{"name":"(anonymous_13)","decl":{"start":{"line":121,"column":14},"end":{"line":121,"column":15}},"loc":{"start":{"line":121,"column":28},"end":{"line":121,"column":137}},"line":121},"14":{"name":"(anonymous_14)","decl":{"start":{"line":121,"column":64},"end":{"line":121,"column":65}},"loc":{"start":{"line":121,"column":86},"end":{"line":121,"column":135}},"line":121},"15":{"name":"(anonymous_15)","decl":{"start":{"line":137,"column":18},"end":{"line":137,"column":19}},"loc":{"start":{"line":137,"column":39},"end":{"line":144,"column":9}},"line":137},"16":{"name":"toSelectedCategories","decl":{"start":{"line":149,"column":13},"end":{"line":149,"column":33}},"loc":{"start":{"line":149,"column":69},"end":{"line":153,"column":5}},"line":149},"17":{"name":"(anonymous_17)","decl":{"start":{"line":151,"column":63},"end":{"line":151,"column":64}},"loc":{"start":{"line":151,"column":77},"end":{"line":151,"column":139}},"line":151},"18":{"name":"(anonymous_18)","decl":{"start":{"line":151,"column":98},"end":{"line":151,"column":99}},"loc":{"start":{"line":151,"column":110},"end":{"line":151,"column":138}},"line":151},"19":{"name":"uniqByContentId","decl":{"start":{"line":163,"column":9},"end":{"line":163,"column":24}},"loc":{"start":{"line":163,"column":63},"end":{"line":165,"column":1}},"line":163},"20":{"name":"(anonymous_20)","decl":{"start":{"line":164,"column":34},"end":{"line":164,"column":35}},"loc":{"start":{"line":164,"column":48},"end":{"line":164,"column":66}},"line":164}},"branchMap":{"0":{"loc":{"start":{"line":41,"column":8},"end":{"line":43,"column":9}},"type":"if","locations":[{"start":{"line":41,"column":8},"end":{"line":43,"column":9}},{"start":{},"end":{}}],"line":41},"1":{"loc":{"start":{"line":48,"column":15},"end":{"line":49,"column":134}},"type":"binary-expr","locations":[{"start":{"line":48,"column":15},"end":{"line":48,"column":62}},{"start":{"line":49,"column":14},"end":{"line":49,"column":65}},{"start":{"line":49,"column":69},"end":{"line":49,"column":133}}],"line":48},"2":{"loc":{"start":{"line":86,"column":4},"end":{"line":98,"column":5}},"type":"if","locations":[{"start":{"line":86,"column":4},"end":{"line":98,"column":5}},{"start":{},"end":{}}],"line":86},"3":{"loc":{"start":{"line":86,"column":8},"end":{"line":86,"column":47}},"type":"binary-expr","locations":[{"start":{"line":86,"column":8},"end":{"line":86,"column":17}},{"start":{"line":86,"column":21},"end":{"line":86,"column":47}}],"line":86},"4":{"loc":{"start":{"line":95,"column":23},"end":{"line":95,"column":86}},"type":"cond-expr","locations":[{"start":{"line":95,"column":57},"end":{"line":95,"column":59}},{"start":{"line":95,"column":62},"end":{"line":95,"column":86}}],"line":95},"5":{"loc":{"start":{"line":120,"column":28},"end":{"line":120,"column":89}},"type":"binary-expr","locations":[{"start":{"line":120,"column":28},"end":{"line":120,"column":39}},{"start":{"line":120,"column":43},"end":{"line":120,"column":89}}],"line":120},"6":{"loc":{"start":{"line":126,"column":37},"end":{"line":126,"column":153}},"type":"cond-expr","locations":[{"start":{"line":126,"column":69},"end":{"line":126,"column":132}},{"start":{"line":126,"column":135},"end":{"line":126,"column":153}}],"line":126},"7":{"loc":{"start":{"line":145,"column":21},"end":{"line":145,"column":84}},"type":"cond-expr","locations":[{"start":{"line":145,"column":55},"end":{"line":145,"column":57}},{"start":{"line":145,"column":60},"end":{"line":145,"column":84}}],"line":145},"8":{"loc":{"start":{"line":158,"column":7},"end":{"line":158,"column":90}},"type":"cond-expr","locations":[{"start":{"line":158,"column":35},"end":{"line":158,"column":75}},{"start":{"line":158,"column":78},"end":{"line":158,"column":90}}],"line":158}},"s":{"0":23,"1":23,"2":23,"3":46,"4":220,"5":201,"6":19,"7":95,"8":19,"9":55,"10":23,"11":2,"12":4,"13":4,"14":4,"15":3,"16":23,"17":46,"18":46,"19":46,"20":46,"21":46,"22":46,"23":7,"24":46,"25":7,"26":46,"27":18,"28":28,"29":28,"30":43,"31":38,"32":19,"33":28,"34":28,"35":28,"36":28,"37":28,"38":28,"39":2,"40":2,"41":2,"42":2,"43":5,"44":5,"45":2,"46":23,"47":56,"48":38},"f":{"0":23,"1":46,"2":220,"3":95,"4":55,"5":2,"6":4,"7":3,"8":46,"9":7,"10":7,"11":0,"12":43,"13":38,"14":19,"15":2,"16":2,"17":5,"18":5,"19":56,"20":38},"b":{"0":[201,19],"1":[19,10,10],"2":[18,28],"3":[46,23],"4":[0,18],"5":[43,11],"6":[5,23],"7":[0,28],"8":[12,11]},"_coverageSchema":"1a1c01bbd47fc00a2c39e90264f33305004495a9","hash":"e7a81ad297e322d33b2d7cbb1793e74df295f151"}
,"/Users/zeigfreid/Github/edvisor/Brainstorm/brainstorm/src/clients/el-agents/components/MultiSelectCourseCategoryByTaxonomy/helpers/NestedSetModelHelpers.ts": {"path":"/Users/zeigfreid/Github/edvisor/Brainstorm/brainstorm/src/clients/el-agents/components/MultiSelectCourseCategoryByTaxonomy/helpers/NestedSetModelHelpers.ts","statementMap":{"0":{"start":{"line":10,"column":2},"end":{"line":10,"column":69}},"1":{"start":{"line":14,"column":2},"end":{"line":14,"column":72}},"2":{"start":{"line":14,"column":39},"end":{"line":14,"column":71}},"3":{"start":{"line":20,"column":2},"end":{"line":20,"column":69}},"4":{"start":{"line":20,"column":40},"end":{"line":20,"column":68}},"5":{"start":{"line":24,"column":2},"end":{"line":24,"column":129}}},"fnMap":{"0":{"name":"isDescendentOf","decl":{"start":{"line":9,"column":16},"end":{"line":9,"column":30}},"loc":{"start":{"line":9,"column":74},"end":{"line":11,"column":1}},"line":9},"1":{"name":"isDescendentOfSome","decl":{"start":{"line":13,"column":16},"end":{"line":13,"column":34}},"loc":{"start":{"line":13,"column":82},"end":{"line":15,"column":1}},"line":13},"2":{"name":"(anonymous_2)","decl":{"start":{"line":14,"column":25},"end":{"line":14,"column":26}},"loc":{"start":{"line":14,"column":39},"end":{"line":14,"column":71}},"line":14},"3":{"name":"isLeaf","decl":{"start":{"line":19,"column":16},"end":{"line":19,"column":22}},"loc":{"start":{"line":19,"column":69},"end":{"line":21,"column":1}},"line":19},"4":{"name":"(anonymous_4)","decl":{"start":{"line":20,"column":26},"end":{"line":20,"column":27}},"loc":{"start":{"line":20,"column":40},"end":{"line":20,"column":68}},"line":20},"5":{"name":"isChildOf","decl":{"start":{"line":23,"column":16},"end":{"line":23,"column":25}},"loc":{"start":{"line":23,"column":76},"end":{"line":25,"column":1}},"line":23}},"branchMap":{"0":{"loc":{"start":{"line":10,"column":9},"end":{"line":10,"column":69}},"type":"binary-expr","locations":[{"start":{"line":10,"column":9},"end":{"line":10,"column":36}},{"start":{"line":10,"column":40},"end":{"line":10,"column":69}}],"line":10},"1":{"loc":{"start":{"line":24,"column":9},"end":{"line":24,"column":129}},"type":"binary-expr","locations":[{"start":{"line":24,"column":9},"end":{"line":24,"column":43}},{"start":{"line":24,"column":47},"end":{"line":24,"column":83}},{"start":{"line":24,"column":87},"end":{"line":24,"column":129}}],"line":24}},"s":{"0":22,"1":11,"2":11,"3":14,"4":22,"5":22},"f":{"0":22,"1":11,"2":11,"3":14,"4":22,"5":22},"b":{"0":[22,16],"1":[22,4,0]},"_coverageSchema":"1a1c01bbd47fc00a2c39e90264f33305004495a9","hash":"0b6d3218519436640f8c04b4ff83dd5ca9daff31"}
,"/Users/zeigfreid/Github/edvisor/Brainstorm/brainstorm/src/clients/el-agents/components/MultiSelectCourseCategoryByTaxonomy/helpers/createMenuItemsFromNestedOptions.ts": {"path":"/Users/zeigfreid/Github/edvisor/Brainstorm/brainstorm/src/clients/el-agents/components/MultiSelectCourseCategoryByTaxonomy/helpers/createMenuItemsFromNestedOptions.ts","statementMap":{"0":{"start":{"line":6,"column":48},"end":{"line":18,"column":1}},"1":{"start":{"line":7,"column":17},"end":{"line":16,"column":4}},"2":{"start":{"line":8,"column":4},"end":{"line":15,"column":5}},"3":{"start":{"line":9,"column":6},"end":{"line":9,"column":35}},"4":{"start":{"line":11,"column":6},"end":{"line":14,"column":7}},"5":{"start":{"line":17,"column":2},"end":{"line":17,"column":15}},"6":{"start":{"line":28,"column":35},"end":{"line":47,"column":1}},"7":{"start":{"line":48,"column":35},"end":{"line":51,"column":6}},"8":{"start":{"line":49,"column":2},"end":{"line":49,"column":24}},"9":{"start":{"line":50,"column":2},"end":{"line":50,"column":13}},"10":{"start":{"line":52,"column":22},"end":{"line":52,"column":116}},"11":{"start":{"line":52,"column":59},"end":{"line":52,"column":116}},"12":{"start":{"line":53,"column":59},"end":{"line":55,"column":1}},"13":{"start":{"line":54,"column":2},"end":{"line":54,"column":45}}},"fnMap":{"0":{"name":"(anonymous_0)","decl":{"start":{"line":6,"column":48},"end":{"line":6,"column":49}},"loc":{"start":{"line":6,"column":128},"end":{"line":18,"column":1}},"line":6},"1":{"name":"(anonymous_1)","decl":{"start":{"line":7,"column":65},"end":{"line":7,"column":66}},"loc":{"start":{"line":7,"column":77},"end":{"line":16,"column":3}},"line":7},"2":{"name":"(anonymous_2)","decl":{"start":{"line":48,"column":94},"end":{"line":48,"column":95}},"loc":{"start":{"line":48,"column":121},"end":{"line":51,"column":1}},"line":48},"3":{"name":"(anonymous_3)","decl":{"start":{"line":52,"column":22},"end":{"line":52,"column":23}},"loc":{"start":{"line":52,"column":59},"end":{"line":52,"column":116}},"line":52},"4":{"name":"(anonymous_4)","decl":{"start":{"line":53,"column":59},"end":{"line":53,"column":60}},"loc":{"start":{"line":53,"column":148},"end":{"line":55,"column":1}},"line":53}},"branchMap":{"0":{"loc":{"start":{"line":8,"column":4},"end":{"line":15,"column":5}},"type":"if","locations":[{"start":{"line":8,"column":4},"end":{"line":15,"column":5}},{"start":{"line":10,"column":11},"end":{"line":15,"column":5}}],"line":8},"1":{"loc":{"start":{"line":8,"column":8},"end":{"line":8,"column":58}},"type":"binary-expr","locations":[{"start":{"line":8,"column":8},"end":{"line":8,"column":30}},{"start":{"line":8,"column":34},"end":{"line":8,"column":58}}],"line":8}},"s":{"0":1,"1":28,"2":21,"3":21,"4":0,"5":28,"6":1,"7":1,"8":18,"9":18,"10":1,"11":5,"12":1,"13":5},"f":{"0":28,"1":21,"2":18,"3":5,"4":5},"b":{"0":[21,0],"1":[21,21]},"_coverageSchema":"1a1c01bbd47fc00a2c39e90264f33305004495a9","hash":"b26a70a9d48ee719d735ba99508f20d63c9dac40"}
,"/Users/zeigfreid/Github/edvisor/Brainstorm/brainstorm/src/clients/el-agents/components/MultiSelectCourseCategoryByTaxonomy/helpers/index.ts": {"path":"/Users/zeigfreid/Github/edvisor/Brainstorm/brainstorm/src/clients/el-agents/components/MultiSelectCourseCategoryByTaxonomy/helpers/index.ts","statementMap":{},"fnMap":{},"branchMap":{},"s":{},"f":{},"b":{},"_coverageSchema":"1a1c01bbd47fc00a2c39e90264f33305004495a9","hash":"6efe43111a2347b0d9a6df8eeb3d62fb5491ce18"}
,"/Users/zeigfreid/Github/edvisor/Brainstorm/brainstorm/src/clients/el-agents/components/MultiSelectCourseCategoryByTaxonomy/helpers/leftRightTreeParser.ts": {"path":"/Users/zeigfreid/Github/edvisor/Brainstorm/brainstorm/src/clients/el-agents/components/MultiSelectCourseCategoryByTaxonomy/helpers/leftRightTreeParser.ts","statementMap":{"0":{"start":{"line":18,"column":21},"end":{"line":20,"column":4}},"1":{"start":{"line":19,"column":4},"end":{"line":19,"column":104}},"2":{"start":{"line":22,"column":2},"end":{"line":29,"column":5}},"3":{"start":{"line":22,"column":40},"end":{"line":29,"column":3}},"4":{"start":{"line":33,"column":2},"end":{"line":35,"column":3}},"5":{"start":{"line":34,"column":4},"end":{"line":34,"column":16}},"6":{"start":{"line":37,"column":2},"end":{"line":37,"column":75}},"7":{"start":{"line":44,"column":22},"end":{"line":44,"column":151}},"8":{"start":{"line":44,"column":88},"end":{"line":44,"column":151}},"9":{"start":{"line":46,"column":6},"end":{"line":46,"column":58}},"10":{"start":{"line":46,"column":34},"end":{"line":46,"column":57}},"11":{"start":{"line":49,"column":6},"end":{"line":49,"column":49}},"12":{"start":{"line":51,"column":29},"end":{"line":51,"column":102}},"13":{"start":{"line":51,"column":65},"end":{"line":51,"column":101}},"14":{"start":{"line":52,"column":20},"end":{"line":60,"column":9}},"15":{"start":{"line":53,"column":52},"end":{"line":60,"column":7}},"16":{"start":{"line":61,"column":4},"end":{"line":61,"column":48}},"17":{"start":{"line":65,"column":4},"end":{"line":65,"column":26}},"18":{"start":{"line":68,"column":4},"end":{"line":70,"column":5}},"19":{"start":{"line":69,"column":6},"end":{"line":69,"column":45}},"20":{"start":{"line":74,"column":4},"end":{"line":74,"column":23}}},"fnMap":{"0":{"name":"mapLeftRightChildrenToTree","decl":{"start":{"line":16,"column":9},"end":{"line":16,"column":35}},"loc":{"start":{"line":16,"column":170},"end":{"line":30,"column":1}},"line":16},"1":{"name":"(anonymous_1)","decl":{"start":{"line":18,"column":47},"end":{"line":18,"column":48}},"loc":{"start":{"line":18,"column":62},"end":{"line":20,"column":3}},"line":18},"2":{"name":"(anonymous_2)","decl":{"start":{"line":22,"column":24},"end":{"line":22,"column":25}},"loc":{"start":{"line":22,"column":40},"end":{"line":29,"column":3}},"line":22},"3":{"name":"hasSingleTopParentWithChildren","decl":{"start":{"line":32,"column":9},"end":{"line":32,"column":39}},"loc":{"start":{"line":32,"column":135},"end":{"line":38,"column":1}},"line":32},"4":{"name":"(anonymous_4)","decl":{"start":{"line":43,"column":2},"end":{"line":43,"column":3}},"loc":{"start":{"line":43,"column":90},"end":{"line":62,"column":3}},"line":43},"5":{"name":"(anonymous_5)","decl":{"start":{"line":44,"column":22},"end":{"line":44,"column":23}},"loc":{"start":{"line":44,"column":88},"end":{"line":44,"column":151}},"line":44},"6":{"name":"findParentNode","decl":{"start":{"line":45,"column":13},"end":{"line":45,"column":27}},"loc":{"start":{"line":45,"column":102},"end":{"line":47,"column":5}},"line":45},"7":{"name":"(anonymous_7)","decl":{"start":{"line":46,"column":24},"end":{"line":46,"column":25}},"loc":{"start":{"line":46,"column":34},"end":{"line":46,"column":57}},"line":46},"8":{"name":"isRootNode","decl":{"start":{"line":48,"column":13},"end":{"line":48,"column":23}},"loc":{"start":{"line":48,"column":98},"end":{"line":50,"column":5}},"line":48},"9":{"name":"(anonymous_9)","decl":{"start":{"line":51,"column":55},"end":{"line":51,"column":56}},"loc":{"start":{"line":51,"column":65},"end":{"line":51,"column":101}},"line":51},"10":{"name":"(anonymous_10)","decl":{"start":{"line":53,"column":11},"end":{"line":53,"column":12}},"loc":{"start":{"line":53,"column":52},"end":{"line":60,"column":7}},"line":53},"11":{"name":"(anonymous_11)","decl":{"start":{"line":64,"column":2},"end":{"line":64,"column":3}},"loc":{"start":{"line":64,"column":53},"end":{"line":71,"column":3}},"line":64},"12":{"name":"(anonymous_12)","decl":{"start":{"line":73,"column":2},"end":{"line":73,"column":3}},"loc":{"start":{"line":73,"column":22},"end":{"line":75,"column":3}},"line":73}},"branchMap":{"0":{"loc":{"start":{"line":19,"column":12},"end":{"line":19,"column":103}},"type":"binary-expr","locations":[{"start":{"line":19,"column":12},"end":{"line":19,"column":40}},{"start":{"line":19,"column":44},"end":{"line":19,"column":74}},{"start":{"line":19,"column":78},"end":{"line":19,"column":103}}],"line":19},"1":{"loc":{"start":{"line":33,"column":2},"end":{"line":35,"column":3}},"type":"if","locations":[{"start":{"line":33,"column":2},"end":{"line":35,"column":3}},{"start":{},"end":{}}],"line":33},"2":{"loc":{"start":{"line":33,"column":6},"end":{"line":33,"column":49}},"type":"binary-expr","locations":[{"start":{"line":33,"column":6},"end":{"line":33,"column":20}},{"start":{"line":33,"column":24},"end":{"line":33,"column":49}}],"line":33},"3":{"loc":{"start":{"line":37,"column":10},"end":{"line":37,"column":74}},"type":"binary-expr","locations":[{"start":{"line":37,"column":10},"end":{"line":37,"column":40}},{"start":{"line":37,"column":44},"end":{"line":37,"column":74}}],"line":37},"4":{"loc":{"start":{"line":44,"column":88},"end":{"line":44,"column":151}},"type":"binary-expr","locations":[{"start":{"line":44,"column":88},"end":{"line":44,"column":103}},{"start":{"line":44,"column":107},"end":{"line":44,"column":124}},{"start":{"line":44,"column":128},"end":{"line":44,"column":151}}],"line":44}},"s":{"0":30,"1":72,"2":30,"3":13,"4":36,"5":12,"6":24,"7":28,"8":47,"9":30,"10":47,"11":30,"12":28,"13":30,"14":28,"15":17,"16":28,"17":28,"18":28,"19":8,"20":28},"f":{"0":30,"1":72,"2":13,"3":36,"4":28,"5":47,"6":30,"7":47,"8":30,"9":30,"10":17,"11":28,"12":28},"b":{"0":[72,21,13],"1":[12,24],"2":[36,36],"3":[24,24],"4":[47,16,13]},"_coverageSchema":"1a1c01bbd47fc00a2c39e90264f33305004495a9","hash":"1296f3628c7c1677d8b8d667b5c737a06aac1b76"}
,"/Users/zeigfreid/Github/edvisor/Brainstorm/brainstorm/src/clients/el-agents/components/MultiSelectCourseCategoryByTaxonomy/helpers/toSelectOption.ts": {"path":"/Users/zeigfreid/Github/edvisor/Brainstorm/brainstorm/src/clients/el-agents/components/MultiSelectCourseCategoryByTaxonomy/helpers/toSelectOption.ts","statementMap":{"0":{"start":{"line":5,"column":2},"end":{"line":8,"column":3}}},"fnMap":{"0":{"name":"toSelectOption","decl":{"start":{"line":4,"column":16},"end":{"line":4,"column":30}},"loc":{"start":{"line":4,"column":96},"end":{"line":9,"column":1}},"line":4}},"branchMap":{},"s":{"0":28},"f":{"0":28},"b":{},"_coverageSchema":"1a1c01bbd47fc00a2c39e90264f33305004495a9","hash":"c2b83b09b1acc9f43789b5ac444750cfe5fbecbb"}
,"/Users/zeigfreid/Github/edvisor/Brainstorm/brainstorm/src/clients/el-agents/components/MultiSelectCourseCategoryByTaxonomy/hooks/index.ts": {"path":"/Users/zeigfreid/Github/edvisor/Brainstorm/brainstorm/src/clients/el-agents/components/MultiSelectCourseCategoryByTaxonomy/hooks/index.ts","statementMap":{},"fnMap":{},"branchMap":{},"s":{},"f":{},"b":{},"_coverageSchema":"1a1c01bbd47fc00a2c39e90264f33305004495a9","hash":"c773e8976781cbd50549bf6655aac6912f3e5d7c"}
,"/Users/zeigfreid/Github/edvisor/Brainstorm/brainstorm/src/clients/el-agents/components/MultiSelectCourseCategoryByTaxonomy/hooks/useNestedSetModelByTaxonomy.ts": {"path":"/Users/zeigfreid/Github/edvisor/Brainstorm/brainstorm/src/clients/el-agents/components/MultiSelectCourseCategoryByTaxonomy/hooks/useNestedSetModelByTaxonomy.ts","statementMap":{"0":{"start":{"line":17,"column":24},"end":{"line":17,"column":109}},"1":{"start":{"line":17,"column":47},"end":{"line":17,"column":108}},"2":{"start":{"line":17,"column":81},"end":{"line":17,"column":89}},"3":{"start":{"line":18,"column":30},"end":{"line":18,"column":53}},"4":{"start":{"line":19,"column":29},"end":{"line":19,"column":57}},"5":{"start":{"line":21,"column":21},"end":{"line":21,"column":37}},"6":{"start":{"line":22,"column":29},"end":{"line":22,"column":58}},"7":{"start":{"line":24,"column":23},"end":{"line":31,"column":3}},"8":{"start":{"line":25,"column":26},"end":{"line":25,"column":57}},"9":{"start":{"line":26,"column":32},"end":{"line":26,"column":55}},"10":{"start":{"line":27,"column":31},"end":{"line":27,"column":59}},"11":{"start":{"line":28,"column":33},"end":{"line":28,"column":62}},"12":{"start":{"line":30,"column":4},"end":{"line":30,"column":45}},"13":{"start":{"line":33,"column":2},"end":{"line":37,"column":3}},"14":{"start":{"line":43,"column":27},"end":{"line":43,"column":39}},"15":{"start":{"line":45,"column":19},"end":{"line":53,"column":19}},"16":{"start":{"line":46,"column":6},"end":{"line":48,"column":7}},"17":{"start":{"line":47,"column":8},"end":{"line":47,"column":38}},"18":{"start":{"line":50,"column":6},"end":{"line":50,"column":43}},"19":{"start":{"line":52,"column":6},"end":{"line":52,"column":16}},"20":{"start":{"line":55,"column":4},"end":{"line":55,"column":26}},"21":{"start":{"line":121,"column":4},"end":{"line":133,"column":17}},"22":{"start":{"line":124,"column":6},"end":{"line":126,"column":7}},"23":{"start":{"line":125,"column":8},"end":{"line":125,"column":23}},"24":{"start":{"line":130,"column":6},"end":{"line":132,"column":25}},"25":{"start":{"line":131,"column":26},"end":{"line":131,"column":60}},"26":{"start":{"line":138,"column":4},"end":{"line":140,"column":6}},"27":{"start":{"line":139,"column":6},"end":{"line":139,"column":29}}},"fnMap":{"0":{"name":"useNestedSetModelByTaxonomy","decl":{"start":{"line":16,"column":16},"end":{"line":16,"column":43}},"loc":{"start":{"line":16,"column":164},"end":{"line":142,"column":1}},"line":16},"1":{"name":"(anonymous_1)","decl":{"start":{"line":17,"column":37},"end":{"line":17,"column":38}},"loc":{"start":{"line":17,"column":47},"end":{"line":17,"column":108}},"line":17},"2":{"name":"(anonymous_2)","decl":{"start":{"line":17,"column":69},"end":{"line":17,"column":70}},"loc":{"start":{"line":17,"column":81},"end":{"line":17,"column":89}},"line":17},"3":{"name":"(anonymous_3)","decl":{"start":{"line":24,"column":23},"end":{"line":24,"column":24}},"loc":{"start":{"line":24,"column":63},"end":{"line":31,"column":3}},"line":24},"4":{"name":"stratify","decl":{"start":{"line":42,"column":11},"end":{"line":42,"column":19}},"loc":{"start":{"line":42,"column":33},"end":{"line":93,"column":3}},"line":42},"5":{"name":"(anonymous_5)","decl":{"start":{"line":45,"column":32},"end":{"line":45,"column":33}},"loc":{"start":{"line":45,"column":47},"end":{"line":53,"column":5}},"line":45},"6":{"name":"rectify","decl":{"start":{"line":120,"column":11},"end":{"line":120,"column":18}},"loc":{"start":{"line":120,"column":35},"end":{"line":134,"column":3}},"line":120},"7":{"name":"(anonymous_7)","decl":{"start":{"line":121,"column":34},"end":{"line":121,"column":35}},"loc":{"start":{"line":121,"column":60},"end":{"line":133,"column":5}},"line":121},"8":{"name":"(anonymous_8)","decl":{"start":{"line":131,"column":16},"end":{"line":131,"column":17}},"loc":{"start":{"line":131,"column":26},"end":{"line":131,"column":60}},"line":131},"9":{"name":"partition","decl":{"start":{"line":137,"column":11},"end":{"line":137,"column":20}},"loc":{"start":{"line":137,"column":34},"end":{"line":141,"column":3}},"line":137},"10":{"name":"(anonymous_10)","decl":{"start":{"line":138,"column":32},"end":{"line":138,"column":33}},"loc":{"start":{"line":138,"column":44},"end":{"line":140,"column":5}},"line":138}},"branchMap":{"0":{"loc":{"start":{"line":46,"column":6},"end":{"line":48,"column":7}},"type":"if","locations":[{"start":{"line":46,"column":6},"end":{"line":48,"column":7}},{"start":{},"end":{}}],"line":46},"1":{"loc":{"start":{"line":124,"column":6},"end":{"line":126,"column":7}},"type":"if","locations":[{"start":{"line":124,"column":6},"end":{"line":126,"column":7}},{"start":{},"end":{}}],"line":124}},"s":{"0":23,"1":58,"2":84,"3":23,"4":23,"5":23,"6":23,"7":23,"8":2,"9":2,"10":2,"11":2,"12":2,"13":23,"14":25,"15":25,"16":10,"17":8,"18":10,"19":10,"20":25,"21":25,"22":8,"23":7,"24":1,"25":1,"26":48,"27":96},"f":{"0":23,"1":58,"2":84,"3":2,"4":25,"5":10,"6":25,"7":8,"8":1,"9":48,"10":96},"b":{"0":[8,2],"1":[7,1]},"_coverageSchema":"1a1c01bbd47fc00a2c39e90264f33305004495a9","hash":"e87bac08321e6faf9360d355de0112a0879f027f"}
,"/Users/zeigfreid/Github/edvisor/Brainstorm/brainstorm/src/clients/el-agents/components/MultiSelectCourseCategoryByTaxonomy/hooks/useQueryCourseCategories.ts": {"path":"/Users/zeigfreid/Github/edvisor/Brainstorm/brainstorm/src/clients/el-agents/components/MultiSelectCourseCategoryByTaxonomy/hooks/useQueryCourseCategories.ts","statementMap":{"0":{"start":{"line":42,"column":42},"end":{"line":58,"column":1}},"1":{"start":{"line":75,"column":35},"end":{"line":86,"column":4}},"2":{"start":{"line":82,"column":26},"end":{"line":82,"column":46}},"3":{"start":{"line":84,"column":6},"end":{"line":84,"column":88}},"4":{"start":{"line":88,"column":2},"end":{"line":98,"column":54}},"5":{"start":{"line":89,"column":4},"end":{"line":91,"column":5}},"6":{"start":{"line":90,"column":6},"end":{"line":90,"column":36}},"7":{"start":{"line":93,"column":4},"end":{"line":95,"column":5}},"8":{"start":{"line":94,"column":6},"end":{"line":94,"column":15}},"9":{"start":{"line":97,"column":4},"end":{"line":97,"column":62}},"10":{"start":{"line":103,"column":40},"end":{"line":103,"column":74}},"11":{"start":{"line":106,"column":2},"end":{"line":114,"column":3}},"12":{"start":{"line":117,"column":20},"end":{"line":125,"column":1}}},"fnMap":{"0":{"name":"useQueryCourseCategoriesByTaxonomy","decl":{"start":{"line":74,"column":16},"end":{"line":74,"column":50}},"loc":{"start":{"line":74,"column":119},"end":{"line":99,"column":1}},"line":74},"1":{"name":"(anonymous_1)","decl":{"start":{"line":81,"column":17},"end":{"line":81,"column":18}},"loc":{"start":{"line":81,"column":27},"end":{"line":85,"column":5}},"line":81},"2":{"name":"(anonymous_2)","decl":{"start":{"line":88,"column":17},"end":{"line":88,"column":18}},"loc":{"start":{"line":88,"column":23},"end":{"line":98,"column":3}},"line":88},"3":{"name":"toCourseCategory","decl":{"start":{"line":105,"column":9},"end":{"line":105,"column":25}},"loc":{"start":{"line":105,"column":84},"end":{"line":115,"column":1}},"line":105}},"branchMap":{"0":{"loc":{"start":{"line":89,"column":4},"end":{"line":91,"column":5}},"type":"if","locations":[{"start":{"line":89,"column":4},"end":{"line":91,"column":5}},{"start":{},"end":{}}],"line":89},"1":{"loc":{"start":{"line":93,"column":4},"end":{"line":95,"column":5}},"type":"if","locations":[{"start":{"line":93,"column":4},"end":{"line":95,"column":5}},{"start":{},"end":{}}],"line":93},"2":{"loc":{"start":{"line":93,"column":8},"end":{"line":93,"column":30}},"type":"binary-expr","locations":[{"start":{"line":93,"column":8},"end":{"line":93,"column":19}},{"start":{"line":93,"column":23},"end":{"line":93,"column":30}}],"line":93}},"s":{"0":1,"1":23,"2":11,"3":11,"4":23,"5":23,"6":0,"7":23,"8":12,"9":11,"10":1,"11":116,"12":1},"f":{"0":23,"1":11,"2":23,"3":116},"b":{"0":[0,23],"1":[12,11],"2":[23,11]},"_coverageSchema":"1a1c01bbd47fc00a2c39e90264f33305004495a9","hash":"45652c38ddc934604bbd108a1e5f90a27527035c"}
,"/Users/zeigfreid/Github/edvisor/Brainstorm/brainstorm/src/common/components/Button.tsx": {"path":"/Users/zeigfreid/Github/edvisor/Brainstorm/brainstorm/src/common/components/Button.tsx","statementMap":{"0":{"start":{"line":5,"column":16},"end":{"line":19,"column":1}},"1":{"start":{"line":30,"column":28},"end":{"line":30,"column":39}},"2":{"start":{"line":32,"column":22},"end":{"line":34,"column":3}},"3":{"start":{"line":33,"column":4},"end":{"line":33,"column":23}},"4":{"start":{"line":36,"column":2},"end":{"line":40,"column":3}}},"fnMap":{"0":{"name":"Button","decl":{"start":{"line":29,"column":16},"end":{"line":29,"column":22}},"loc":{"start":{"line":29,"column":47},"end":{"line":41,"column":1}},"line":29},"1":{"name":"(anonymous_1)","decl":{"start":{"line":32,"column":22},"end":{"line":32,"column":23}},"loc":{"start":{"line":32,"column":28},"end":{"line":34,"column":3}},"line":32}},"branchMap":{"0":{"loc":{"start":{"line":38,"column":7},"end":{"line":38,"column":46}},"type":"cond-expr","locations":[{"start":{"line":38,"column":25},"end":{"line":38,"column":29}},{"start":{"line":38,"column":32},"end":{"line":38,"column":46}}],"line":38}},"s":{"0":1,"1":0,"2":0,"3":0,"4":0},"f":{"0":0,"1":0},"b":{"0":[0,0]},"_coverageSchema":"1a1c01bbd47fc00a2c39e90264f33305004495a9","hash":"5c2d8187e7fee4e36a5474fb014810a1eda9ced0"}
,"/Users/zeigfreid/Github/edvisor/Brainstorm/brainstorm/src/common/components/Fetch.tsx": {"path":"/Users/zeigfreid/Github/edvisor/Brainstorm/brainstorm/src/common/components/Fetch.tsx","statementMap":{"0":{"start":{"line":15,"column":29},"end":{"line":17,"column":1}},"1":{"start":{"line":20,"column":2},"end":{"line":35,"column":3}},"2":{"start":{"line":22,"column":6},"end":{"line":24,"column":7}},"3":{"start":{"line":27,"column":6},"end":{"line":30,"column":7}},"4":{"start":{"line":33,"column":6},"end":{"line":33,"column":18}},"5":{"start":{"line":39,"column":40},"end":{"line":42,"column":3}},"6":{"start":{"line":43,"column":44},"end":{"line":43,"column":59}},"7":{"start":{"line":45,"column":24},"end":{"line":56,"column":8}},"8":{"start":{"line":46,"column":4},"end":{"line":56,"column":8}},"9":{"start":{"line":49,"column":23},"end":{"line":49,"column":31}},"10":{"start":{"line":50,"column":27},"end":{"line":50,"column":31}},"11":{"start":{"line":51,"column":8},"end":{"line":51,"column":45}},"12":{"start":{"line":52,"column":8},"end":{"line":52,"column":30}},"13":{"start":{"line":55,"column":8},"end":{"line":55,"column":56}},"14":{"start":{"line":58,"column":21},"end":{"line":58,"column":59}},"15":{"start":{"line":60,"column":2},"end":{"line":68,"column":3}},"16":{"start":{"line":62,"column":29},"end":{"line":62,"column":47}}},"fnMap":{"0":{"name":"greetingReducer","decl":{"start":{"line":19,"column":9},"end":{"line":19,"column":24}},"loc":{"start":{"line":19,"column":57},"end":{"line":36,"column":1}},"line":19},"1":{"name":"Fetch","decl":{"start":{"line":38,"column":16},"end":{"line":38,"column":21}},"loc":{"start":{"line":38,"column":48},"end":{"line":69,"column":1}},"line":38},"2":{"name":"(anonymous_2)","decl":{"start":{"line":45,"column":24},"end":{"line":45,"column":25}},"loc":{"start":{"line":46,"column":4},"end":{"line":56,"column":8}},"line":46},"3":{"name":"(anonymous_3)","decl":{"start":{"line":48,"column":12},"end":{"line":48,"column":13}},"loc":{"start":{"line":48,"column":57},"end":{"line":53,"column":7}},"line":48},"4":{"name":"(anonymous_4)","decl":{"start":{"line":54,"column":13},"end":{"line":54,"column":14}},"loc":{"start":{"line":54,"column":33},"end":{"line":56,"column":7}},"line":54},"5":{"name":"(anonymous_5)","decl":{"start":{"line":62,"column":23},"end":{"line":62,"column":24}},"loc":{"start":{"line":62,"column":29},"end":{"line":62,"column":47}},"line":62}},"branchMap":{"0":{"loc":{"start":{"line":20,"column":2},"end":{"line":35,"column":3}},"type":"switch","locations":[{"start":{"line":21,"column":4},"end":{"line":25,"column":5}},{"start":{"line":26,"column":4},"end":{"line":31,"column":5}},{"start":{"line":32,"column":4},"end":{"line":34,"column":5}}],"line":20},"1":{"loc":{"start":{"line":58,"column":21},"end":{"line":58,"column":59}},"type":"cond-expr","locations":[{"start":{"line":58,"column":37},"end":{"line":58,"column":41}},{"start":{"line":58,"column":44},"end":{"line":58,"column":59}}],"line":58},"2":{"loc":{"start":{"line":65,"column":7},"end":{"line":65,"column":45}},"type":"binary-expr","locations":[{"start":{"line":65,"column":7},"end":{"line":65,"column":22}},{"start":{"line":65,"column":26},"end":{"line":65,"column":45}}],"line":65},"3":{"loc":{"start":{"line":66,"column":7},"end":{"line":66,"column":72}},"type":"binary-expr","locations":[{"start":{"line":66,"column":7},"end":{"line":66,"column":26}},{"start":{"line":66,"column":30},"end":{"line":66,"column":72}}],"line":66}},"s":{"0":2,"1":2,"2":1,"3":1,"4":0,"5":5,"6":5,"7":5,"8":2,"9":1,"10":1,"11":1,"12":1,"13":1,"14":5,"15":5,"16":2},"f":{"0":2,"1":5,"2":2,"3":1,"4":1,"5":2},"b":{"0":[1,1,0],"1":[1,4],"2":[5,2],"3":[5,1]},"_coverageSchema":"1a1c01bbd47fc00a2c39e90264f33305004495a9","hash":"58fda2f72d873eb66446ce8333ebe0927c196887"}
,"/Users/zeigfreid/Github/edvisor/Brainstorm/brainstorm/src/common/components/PostsList.tsx": {"path":"/Users/zeigfreid/Github/edvisor/Brainstorm/brainstorm/src/common/components/PostsList.tsx","statementMap":{"0":{"start":{"line":15,"column":2},"end":{"line":27,"column":3}},"1":{"start":{"line":21,"column":10},"end":{"line":23,"column":15}},"2":{"start":{"line":22,"column":35},"end":{"line":22,"column":53}}},"fnMap":{"0":{"name":"PostsList","decl":{"start":{"line":14,"column":16},"end":{"line":14,"column":25}},"loc":{"start":{"line":14,"column":63},"end":{"line":28,"column":1}},"line":14},"1":{"name":"(anonymous_1)","decl":{"start":{"line":20,"column":19},"end":{"line":20,"column":20}},"loc":{"start":{"line":21,"column":10},"end":{"line":23,"column":15}},"line":21},"2":{"name":"(anonymous_2)","decl":{"start":{"line":22,"column":29},"end":{"line":22,"column":30}},"loc":{"start":{"line":22,"column":35},"end":{"line":22,"column":53}},"line":22}},"branchMap":{},"s":{"0":0,"1":0,"2":0},"f":{"0":0,"1":0,"2":0},"b":{},"_coverageSchema":"1a1c01bbd47fc00a2c39e90264f33305004495a9","hash":"0908837bb37e836077a0e2b45a2bcd67f8224513"}
,"/Users/zeigfreid/Github/edvisor/Brainstorm/brainstorm/src/common/components/index.ts": {"path":"/Users/zeigfreid/Github/edvisor/Brainstorm/brainstorm/src/common/components/index.ts","statementMap":{},"fnMap":{},"branchMap":{},"s":{},"f":{},"b":{},"_coverageSchema":"1a1c01bbd47fc00a2c39e90264f33305004495a9","hash":"e523e9ff6298b972e006233a86acc96cf32a90c0"}
[...]
,"/Users/zeigfreid/Github/edvisor/Brainstorm/brainstorm/src/common/components/Input/MultiSelectBar/index.ts": {"path":"/Users/zeigfreid/Github/edvisor/Brainstorm/brainstorm/src/common/components/Input/MultiSelectBar/index.ts","statementMap":{},"fnMap":{},"branchMap":{},"s":{},"f":{},"b":{},"_coverageSchema":"1a1c01bbd47fc00a2c39e90264f33305004495a9","hash":"84c9285080ef2bc5fb03ed4ebf70e4f27143c9c1"}
,"/Users/zeigfreid/Github/edvisor/Brainstorm/brainstorm/src/common/components/Input/MultiSelectBar/styled.ts": {"path":"/Users/zeigfreid/Github/edvisor/Brainstorm/brainstorm/src/common/components/Input/MultiSelectBar/styled.ts","statementMap":{"0":{"start":{"line":3,"column":28},"end":{"line":6,"column":1}},"1":{"start":{"line":9,"column":28},"end":{"line":19,"column":1}},"2":{"start":{"line":21,"column":33},"end":{"line":26,"column":1}},"3":{"start":{"line":28,"column":42},"end":{"line":33,"column":1}},"4":{"start":{"line":35,"column":27},"end":{"line":37,"column":1}}},"fnMap":{},"branchMap":{},"s":{"0":1,"1":1,"2":1,"3":1,"4":1},"f":{},"b":{},"_coverageSchema":"1a1c01bbd47fc00a2c39e90264f33305004495a9","hash":"79148ce014ca2335acd327978662b8d42eece9c0"}
,"/Users/zeigfreid/Github/edvisor/Brainstorm/brainstorm/src/common/components/Input/MultiSelectBar/components/MultiSelectBarPill.tsx": {"path":"/Users/zeigfreid/Github/edvisor/Brainstorm/brainstorm/src/common/components/Input/MultiSelectBar/components/MultiSelectBarPill.tsx","statementMap":{"0":{"start":{"line":14,"column":2},"end":{"line":19,"column":3}},"1":{"start":{"line":22,"column":4},"end":{"line":22,"column":23}},"2":{"start":{"line":26,"column":4},"end":{"line":26,"column":42}},"3":{"start":{"line":27,"column":4},"end":{"line":27,"column":25}}},"fnMap":{"0":{"name":"MultiSelectBarPill","decl":{"start":{"line":12,"column":16},"end":{"line":12,"column":34}},"loc":{"start":{"line":12,"column":69},"end":{"line":29,"column":1}},"line":12},"1":{"name":"suppressClickEvent","decl":{"start":{"line":21,"column":11},"end":{"line":21,"column":29}},"loc":{"start":{"line":21,"column":52},"end":{"line":23,"column":3}},"line":21},"2":{"name":"handleCloseClick","decl":{"start":{"line":25,"column":11},"end":{"line":25,"column":27}},"loc":{"start":{"line":25,"column":50},"end":{"line":28,"column":3}},"line":25}},"branchMap":{},"s":{"0":7,"1":0,"2":0,"3":0},"f":{"0":7,"1":0,"2":0},"b":{},"_coverageSchema":"1a1c01bbd47fc00a2c39e90264f33305004495a9","hash":"6f086f3a179c725673d4ff6d38ad8f982b9f8b9e"}
,"/Users/zeigfreid/Github/edvisor/Brainstorm/brainstorm/src/common/components/Input/MultiSelectBar/components/index.ts": {"path":"/Users/zeigfreid/Github/edvisor/Brainstorm/brainstorm/src/common/components/Input/MultiSelectBar/components/index.ts","statementMap":{},"fnMap":{},"branchMap":{},"s":{},"f":{},"b":{},"_coverageSchema":"1a1c01bbd47fc00a2c39e90264f33305004495a9","hash":"ff32feec7a5867df72833c50deb8e2197923d122"}
,"/Users/zeigfreid/Github/edvisor/Brainstorm/brainstorm/src/common/components/Input/MultiSelectBar/components/styled.tsx": {"path":"/Users/zeigfreid/Github/edvisor/Brainstorm/brainstorm/src/common/components/Input/MultiSelectBar/components/styled.tsx","statementMap":{"0":{"start":{"line":4,"column":22},"end":{"line":6,"column":1}},"1":{"start":{"line":8,"column":21},"end":{"line":11,"column":1}},"2":{"start":{"line":14,"column":2},"end":{"line":18,"column":3}},"3":{"start":{"line":21,"column":20},"end":{"line":37,"column":1}}},"fnMap":{"0":{"name":"IconCloseClickable","decl":{"start":{"line":13,"column":16},"end":{"line":13,"column":34}},"loc":{"start":{"line":13,"column":103},"end":{"line":19,"column":1}},"line":13}},"branchMap":{},"s":{"0":1,"1":1,"2":7,"3":1},"f":{"0":7},"b":{},"_coverageSchema":"1a1c01bbd47fc00a2c39e90264f33305004495a9","hash":"49d293853b23431488942a873fa1be9a44e3a1a4"}
,"/Users/zeigfreid/Github/edvisor/Brainstorm/brainstorm/src/common/components/Recruit/index.ts": {"path":"/Users/zeigfreid/Github/edvisor/Brainstorm/brainstorm/src/common/components/Recruit/index.ts","statementMap":{},"fnMap":{},"branchMap":{},"s":{},"f":{},"b":{},"_coverageSchema":"1a1c01bbd47fc00a2c39e90264f33305004495a9","hash":"47996516cc219c10e4507536c8b34233ee6057ed"}
,"/Users/zeigfreid/Github/edvisor/Brainstorm/brainstorm/src/common/components/Recruit/ElementWrapper/ElementWrapper.tsx": {"path":"/Users/zeigfreid/Github/edvisor/Brainstorm/brainstorm/src/common/components/Recruit/ElementWrapper/ElementWrapper.tsx","statementMap":{"0":{"start":{"line":9,"column":2},"end":{"line":11,"column":3}}},"fnMap":{"0":{"name":"ElementWrapper","decl":{"start":{"line":8,"column":16},"end":{"line":8,"column":30}},"loc":{"start":{"line":8,"column":62},"end":{"line":12,"column":1}},"line":8}},"branchMap":{},"s":{"0":0},"f":{"0":0},"b":{},"_coverageSchema":"1a1c01bbd47fc00a2c39e90264f33305004495a9","hash":"cc574b1bc4fa83936a1658dcfc2af53cd99c9dda"}
,"/Users/zeigfreid/Github/edvisor/Brainstorm/brainstorm/src/common/components/Recruit/ElementWrapper/index.ts": {"path":"/Users/zeigfreid/Github/edvisor/Brainstorm/brainstorm/src/common/components/Recruit/ElementWrapper/index.ts","statementMap":{"0":{"start":{"line":3,"column":30},"end":{"line":3,"column":46}}},"fnMap":{},"branchMap":{},"s":{"0":1},"f":{},"b":{},"_coverageSchema":"1a1c01bbd47fc00a2c39e90264f33305004495a9","hash":"1c004562297c44418bc8291af19cfe90349f206f"}
,"/Users/zeigfreid/Github/edvisor/Brainstorm/brainstorm/src/common/components/StudentInfoCard/StudentInfoCard.tsx": {"path":"/Users/zeigfreid/Github/edvisor/Brainstorm/brainstorm/src/common/components/StudentInfoCard/StudentInfoCard.tsx","statementMap":{"0":{"start":{"line":5,"column":13},"end":{"line":19,"column":1}},"1":{"start":{"line":21,"column":14},"end":{"line":27,"column":1}},"2":{"start":{"line":30,"column":28},"end":{"line":30,"column":39}},"3":{"start":{"line":32,"column":2},"end":{"line":69,"column":3}},"4":{"start":{"line":40,"column":60},"end":{"line":40,"column":88}},"5":{"start":{"line":40,"column":79},"end":{"line":40,"column":87}}},"fnMap":{"0":{"name":"StudentInfoCard","decl":{"start":{"line":29,"column":16},"end":{"line":29,"column":31}},"loc":{"start":{"line":29,"column":35},"end":{"line":70,"column":1}},"line":29},"1":{"name":"(anonymous_1)","decl":{"start":{"line":40,"column":54},"end":{"line":40,"column":55}},"loc":{"start":{"line":40,"column":60},"end":{"line":40,"column":88}},"line":40},"2":{"name":"(anonymous_2)","decl":{"start":{"line":40,"column":69},"end":{"line":40,"column":70}},"loc":{"start":{"line":40,"column":79},"end":{"line":40,"column":87}},"line":40}},"branchMap":{},"s":{"0":1,"1":1,"2":0,"3":0,"4":0,"5":0},"f":{"0":0,"1":0,"2":0},"b":{},"_coverageSchema":"1a1c01bbd47fc00a2c39e90264f33305004495a9","hash":"cf57ea3361b332a0a6f365fa91713335409854e8"}
,"/Users/zeigfreid/Github/edvisor/Brainstorm/brainstorm/src/common/components/StudentInfoCard/index.ts": {"path":"/Users/zeigfreid/Github/edvisor/Brainstorm/brainstorm/src/common/components/StudentInfoCard/index.ts","statementMap":{"0":{"start":{"line":3,"column":31},"end":{"line":3,"column":47}}},"fnMap":{},"branchMap":{},"s":{"0":1},"f":{},"b":{},"_coverageSchema":"1a1c01bbd47fc00a2c39e90264f33305004495a9","hash":"4d613f0ce19a55e9a3b07d287a176efdb6d56fce"}
,"/Users/zeigfreid/Github/edvisor/Brainstorm/brainstorm/src/common/helpers/DOMHelpers.ts": {"path":"/Users/zeigfreid/Github/edvisor/Brainstorm/brainstorm/src/common/helpers/DOMHelpers.ts","statementMap":{"0":{"start":{"line":4,"column":2},"end":{"line":4,"column":28}},"1":{"start":{"line":11,"column":45},"end":{"line":21,"column":1}},"2":{"start":{"line":12,"column":2},"end":{"line":14,"column":3}},"3":{"start":{"line":13,"column":4},"end":{"line":13,"column":16}},"4":{"start":{"line":16,"column":2},"end":{"line":18,"column":3}},"5":{"start":{"line":17,"column":4},"end":{"line":17,"column":16}},"6":{"start":{"line":20,"column":2},"end":{"line":20,"column":30}}},"fnMap":{"0":{"name":"isNode","decl":{"start":{"line":3,"column":16},"end":{"line":3,"column":22}},"loc":{"start":{"line":3,"column":51},"end":{"line":5,"column":1}},"line":3},"1":{"name":"(anonymous_1)","decl":{"start":{"line":11,"column":45},"end":{"line":11,"column":46}},"loc":{"start":{"line":11,"column":107},"end":{"line":21,"column":1}},"line":11}},"branchMap":{"0":{"loc":{"start":{"line":12,"column":2},"end":{"line":14,"column":3}},"type":"if","locations":[{"start":{"line":12,"column":2},"end":{"line":14,"column":3}},{"start":{},"end":{}}],"line":12},"1":{"loc":{"start":{"line":12,"column":6},"end":{"line":12,"column":34}},"type":"binary-expr","locations":[{"start":{"line":12,"column":6},"end":{"line":12,"column":19}},{"start":{"line":12,"column":23},"end":{"line":12,"column":34}}],"line":12},"2":{"loc":{"start":{"line":16,"column":2},"end":{"line":18,"column":3}},"type":"if","locations":[{"start":{"line":16,"column":2},"end":{"line":18,"column":3}},{"start":{},"end":{}}],"line":16}},"s":{"0":0,"1":2,"2":0,"3":0,"4":0,"5":0,"6":0},"f":{"0":0,"1":0},"b":{"0":[0,0],"1":[0,0],"2":[0,0]},"_coverageSchema":"1a1c01bbd47fc00a2c39e90264f33305004495a9","hash":"700cf1de1e91eb50c7eeb8d6135587b109050144"}
,"/Users/zeigfreid/Github/edvisor/Brainstorm/brainstorm/src/common/helpers/arrayHelpers.ts": {"path":"/Users/zeigfreid/Github/edvisor/Brainstorm/brainstorm/src/common/helpers/arrayHelpers.ts","statementMap":{"0":{"start":{"line":3,"column":32},"end":{"line":3,"column":64}},"1":{"start":{"line":3,"column":54},"end":{"line":3,"column":64}},"2":{"start":{"line":6,"column":2},"end":{"line":11,"column":4}},"3":{"start":{"line":7,"column":4},"end":{"line":10,"column":17}},"4":{"start":{"line":8,"column":6},"end":{"line":8,"column":17}},"5":{"start":{"line":10,"column":6},"end":{"line":10,"column":17}},"6":{"start":{"line":15,"column":2},"end":{"line":20,"column":4}},"7":{"start":{"line":16,"column":4},"end":{"line":19,"column":17}},"8":{"start":{"line":17,"column":6},"end":{"line":17,"column":18}},"9":{"start":{"line":19,"column":6},"end":{"line":19,"column":17}},"10":{"start":{"line":24,"column":2},"end":{"line":24,"column":38}},"11":{"start":{"line":28,"column":2},"end":{"line":28,"column":30}},"12":{"start":{"line":32,"column":2},"end":{"line":32,"column":47}},"13":{"start":{"line":32,"column":29},"end":{"line":32,"column":34}},"14":{"start":{"line":36,"column":2},"end":{"line":38,"column":3}},"15":{"start":{"line":37,"column":4},"end":{"line":37,"column":15}},"16":{"start":{"line":40,"column":16},"end":{"line":40,"column":41}},"17":{"start":{"line":41,"column":15},"end":{"line":41,"column":26}},"18":{"start":{"line":42,"column":16},"end":{"line":42,"column":29}},"19":{"start":{"line":43,"column":13},"end":{"line":43,"column":23}},"20":{"start":{"line":44,"column":2},"end":{"line":44,"column":23}},"21":{"start":{"line":45,"column":2},"end":{"line":45,"column":22}},"22":{"start":{"line":46,"column":2},"end":{"line":46,"column":14}}},"fnMap":{"0":{"name":"(anonymous_0)","decl":{"start":{"line":3,"column":32},"end":{"line":3,"column":33}},"loc":{"start":{"line":3,"column":54},"end":{"line":3,"column":64}},"line":3},"1":{"name":"immutableReplace","decl":{"start":{"line":5,"column":16},"end":{"line":5,"column":32}},"loc":{"start":{"line":5,"column":80},"end":{"line":12,"column":1}},"line":5},"2":{"name":"(anonymous_2)","decl":{"start":{"line":6,"column":24},"end":{"line":6,"column":25}},"loc":{"start":{"line":6,"column":34},"end":{"line":11,"column":3}},"line":6},"3":{"name":"immutableRemove","decl":{"start":{"line":14,"column":16},"end":{"line":14,"column":31}},"loc":{"start":{"line":14,"column":68},"end":{"line":21,"column":1}},"line":14},"4":{"name":"(anonymous_4)","decl":{"start":{"line":15,"column":27},"end":{"line":15,"column":28}},"loc":{"start":{"line":15,"column":37},"end":{"line":20,"column":3}},"line":15},"5":{"name":"isInBounds","decl":{"start":{"line":23,"column":16},"end":{"line":23,"column":26}},"loc":{"start":{"line":23,"column":63},"end":{"line":25,"column":1}},"line":23},"6":{"name":"lastIndex","decl":{"start":{"line":27,"column":16},"end":{"line":27,"column":25}},"loc":{"start":{"line":27,"column":47},"end":{"line":29,"column":1}},"line":27},"7":{"name":"immutablySet","decl":{"start":{"line":31,"column":16},"end":{"line":31,"column":28}},"loc":{"start":{"line":31,"column":75},"end":{"line":33,"column":1}},"line":31},"8":{"name":"(anonymous_8)","decl":{"start":{"line":32,"column":23},"end":{"line":32,"column":24}},"loc":{"start":{"line":32,"column":29},"end":{"line":32,"column":34}},"line":32},"9":{"name":"adjust","decl":{"start":{"line":35,"column":9},"end":{"line":35,"column":15}},"loc":{"start":{"line":35,"column":83},"end":{"line":47,"column":1}},"line":35}},"branchMap":{"0":{"loc":{"start":{"line":7,"column":4},"end":{"line":10,"column":17}},"type":"if","locations":[{"start":{"line":7,"column":4},"end":{"line":10,"column":17}},{"start":{"line":10,"column":6},"end":{"line":10,"column":17}}],"line":7},"1":{"loc":{"start":{"line":16,"column":4},"end":{"line":19,"column":17}},"type":"if","locations":[{"start":{"line":16,"column":4},"end":{"line":19,"column":17}},{"start":{"line":19,"column":6},"end":{"line":19,"column":17}}],"line":16},"2":{"loc":{"start":{"line":36,"column":2},"end":{"line":38,"column":3}},"type":"if","locations":[{"start":{"line":36,"column":2},"end":{"line":38,"column":3}},{"start":{},"end":{}}],"line":36},"3":{"loc":{"start":{"line":36,"column":6},"end":{"line":36,"column":46}},"type":"binary-expr","locations":[{"start":{"line":36,"column":6},"end":{"line":36,"column":24}},{"start":{"line":36,"column":28},"end":{"line":36,"column":46}}],"line":36},"4":{"loc":{"start":{"line":40,"column":16},"end":{"line":40,"column":41}},"type":"cond-expr","locations":[{"start":{"line":40,"column":26},"end":{"line":40,"column":37}},{"start":{"line":40,"column":40},"end":{"line":40,"column":41}}],"line":40}},"s":{"0":3,"1":0,"2":3,"3":9,"4":2,"5":7,"6":3,"7":9,"8":2,"9":7,"10":0,"11":0,"12":2,"13":2,"14":2,"15":0,"16":2,"17":2,"18":2,"19":2,"20":2,"21":2,"22":2},"f":{"0":0,"1":3,"2":9,"3":3,"4":9,"5":0,"6":0,"7":2,"8":2,"9":2},"b":{"0":[2,7],"1":[2,7],"2":[0,2],"3":[2,2],"4":[0,2]},"_coverageSchema":"1a1c01bbd47fc00a2c39e90264f33305004495a9","hash":"8c7f69bd8d15aede20cccfe7ac67cb61b6967a67"}
,"/Users/zeigfreid/Github/edvisor/Brainstorm/brainstorm/src/common/helpers/index.ts": {"path":"/Users/zeigfreid/Github/edvisor/Brainstorm/brainstorm/src/common/helpers/index.ts","statementMap":{},"fnMap":{},"branchMap":{},"s":{},"f":{},"b":{},"_coverageSchema":"1a1c01bbd47fc00a2c39e90264f33305004495a9","hash":"ac2a9aac0a80e65136ab21adf850abf12eda207b"}
,"/Users/zeigfreid/Github/edvisor/Brainstorm/brainstorm/src/common/helpers/makeMock.ts": {"path":"/Users/zeigfreid/Github/edvisor/Brainstorm/brainstorm/src/common/helpers/makeMock.ts","statementMap":{"0":{"start":{"line":4,"column":2},"end":{"line":10,"column":3}},"1":{"start":{"line":5,"column":4},"end":{"line":9,"column":43}},"2":{"start":{"line":6,"column":6},"end":{"line":8,"column":7}}},"fnMap":{"0":{"name":"makeMock","decl":{"start":{"line":3,"column":16},"end":{"line":3,"column":24}},"loc":{"start":{"line":3,"column":135},"end":{"line":11,"column":1}},"line":3},"1":{"name":"(anonymous_1)","decl":{"start":{"line":4,"column":9},"end":{"line":4,"column":10}},"loc":{"start":{"line":4,"column":23},"end":{"line":10,"column":3}},"line":4},"2":{"name":"(anonymous_2)","decl":{"start":{"line":5,"column":31},"end":{"line":5,"column":32}},"loc":{"start":{"line":5,"column":51},"end":{"line":9,"column":5}},"line":5}},"branchMap":{"0":{"loc":{"start":{"line":7,"column":17},"end":{"line":7,"column":56}},"type":"cond-expr","locations":[{"start":{"line":7,"column":38},"end":{"line":7,"column":42}},{"start":{"line":7,"column":45},"end":{"line":7,"column":56}}],"line":7}},"s":{"0":1,"1":4,"2":11},"f":{"0":1,"1":4,"2":11},"b":{"0":[11,0]},"_coverageSchema":"1a1c01bbd47fc00a2c39e90264f33305004495a9","hash":"5d49286cb944092b71ab7b8051c3d8d2f860d4e3"}
,"/Users/zeigfreid/Github/edvisor/Brainstorm/brainstorm/src/common/helpers/useDebounce.ts": {"path":"/Users/zeigfreid/Github/edvisor/Brainstorm/brainstorm/src/common/helpers/useDebounce.ts","statementMap":{"0":{"start":{"line":6,"column":2},"end":{"line":9,"column":3}},"1":{"start":{"line":7,"column":10},"end":{"line":7,"column":28}}},"fnMap":{"0":{"name":"useDebounce","decl":{"start":{"line":5,"column":16},"end":{"line":5,"column":27}},"loc":{"start":{"line":5,"column":140},"end":{"line":10,"column":1}},"line":5},"1":{"name":"(anonymous_1)","decl":{"start":{"line":7,"column":4},"end":{"line":7,"column":5}},"loc":{"start":{"line":7,"column":10},"end":{"line":7,"column":28}},"line":7}},"branchMap":{},"s":{"0":0,"1":0},"f":{"0":0,"1":0},"b":{},"_coverageSchema":"1a1c01bbd47fc00a2c39e90264f33305004495a9","hash":"92a483a6254fddbff2bb25d10206754cb6207352"}
,"/Users/zeigfreid/Github/edvisor/Brainstorm/brainstorm/src/common/helpers/useDraft.ts": {"path":"/Users/zeigfreid/Github/edvisor/Brainstorm/brainstorm/src/common/helpers/useDraft.ts","statementMap":{"0":{"start":{"line":21,"column":38},"end":{"line":21,"column":53}},"1":{"start":{"line":22,"column":32},"end":{"line":22,"column":37}},"2":{"start":{"line":23,"column":31},"end":{"line":23,"column":50}},"3":{"start":{"line":25,"column":28},"end":{"line":28,"column":3}},"4":{"start":{"line":26,"column":4},"end":{"line":26,"column":23}},"5":{"start":{"line":27,"column":4},"end":{"line":27,"column":23}},"6":{"start":{"line":30,"column":24},"end":{"line":33,"column":3}},"7":{"start":{"line":31,"column":4},"end":{"line":31,"column":24}},"8":{"start":{"line":32,"column":4},"end":{"line":32,"column":23}},"9":{"start":{"line":35,"column":24},"end":{"line":38,"column":3}},"10":{"start":{"line":36,"column":4},"end":{"line":36,"column":24}},"11":{"start":{"line":37,"column":4},"end":{"line":37,"column":20}},"12":{"start":{"line":40,"column":2},"end":{"line":46,"column":3}}},"fnMap":{"0":{"name":"useDraft","decl":{"start":{"line":20,"column":16},"end":{"line":20,"column":24}},"loc":{"start":{"line":20,"column":66},"end":{"line":47,"column":1}},"line":20},"1":{"name":"(anonymous_1)","decl":{"start":{"line":25,"column":28},"end":{"line":25,"column":29}},"loc":{"start":{"line":25,"column":43},"end":{"line":28,"column":3}},"line":25},"2":{"name":"(anonymous_2)","decl":{"start":{"line":30,"column":24},"end":{"line":30,"column":25}},"loc":{"start":{"line":30,"column":30},"end":{"line":33,"column":3}},"line":30},"3":{"name":"(anonymous_3)","decl":{"start":{"line":35,"column":24},"end":{"line":35,"column":25}},"loc":{"start":{"line":35,"column":30},"end":{"line":38,"column":3}},"line":35}},"branchMap":{},"s":{"0":0,"1":0,"2":0,"3":0,"4":0,"5":0,"6":0,"7":0,"8":0,"9":0,"10":0,"11":0,"12":0},"f":{"0":0,"1":0,"2":0,"3":0},"b":{},"_coverageSchema":"1a1c01bbd47fc00a2c39e90264f33305004495a9","hash":"15ff46e6b44482f4af0a9c5d8210a6638936fff0"}
,"/Users/zeigfreid/Github/edvisor/Brainstorm/brainstorm/src/common/helpers/useWeakState.ts": {"path":"/Users/zeigfreid/Github/edvisor/Brainstorm/brainstorm/src/common/helpers/useWeakState.ts","statementMap":{"0":{"start":{"line":17,"column":36},"end":{"line":17,"column":57}},"1":{"start":{"line":19,"column":2},"end":{"line":21,"column":19}},"2":{"start":{"line":20,"column":4},"end":{"line":20,"column":29}},"3":{"start":{"line":23,"column":2},"end":{"line":23,"column":34}}},"fnMap":{"0":{"name":"useWeakState","decl":{"start":{"line":16,"column":16},"end":{"line":16,"column":28}},"loc":{"start":{"line":16,"column":83},"end":{"line":24,"column":1}},"line":16},"1":{"name":"(anonymous_1)","decl":{"start":{"line":19,"column":12},"end":{"line":19,"column":13}},"loc":{"start":{"line":19,"column":18},"end":{"line":21,"column":3}},"line":19}},"branchMap":{},"s":{"0":0,"1":0,"2":0,"3":0},"f":{"0":0,"1":0},"b":{},"_coverageSchema":"1a1c01bbd47fc00a2c39e90264f33305004495a9","hash":"2b23e256fd6f5772a73a47c594bb3599c8c0653c"}
}
