TN:
SF:src/test-utils.tsx
FN:10,(anonymous_0)
FN:19,(anonymous_1)
FN:30,(anonymous_2)
FN:45,(anonymous_3)
FN:49,(anonymous_4)
FN:54,(anonymous_5)
FN:58,(anonymous_6)
FNF:7
FNH:7
FNDA:18,(anonymous_0)
FNDA:1,(anonymous_1)
FNDA:1,(anonymous_2)
FNDA:3,(anonymous_3)
FNDA:18,(anonymous_4)
FNDA:3,(anonymous_5)
FNDA:18,(anonymous_6)
DA:10,3
DA:11,18
DA:18,3
DA:20,1
DA:31,1
DA:43,3
DA:45,3
DA:46,3
DA:49,3
DA:50,18
DA:51,18
DA:54,3
DA:55,3
DA:58,3
DA:59,18
LF:15
LH:15
BRDA:58,0,0,18
BRF:1
BRH:1
end_of_record
TN:
SF:src/atoms/_entry/ApolloProvider.tsx
FN:10,ApolloProvider
FNF:1
FNH:1
FNDA:18,ApolloProvider
DA:11,18
DA:13,18
LF:2
LH:2
BRF:0
BRH:0
end_of_record
TN:
SF:src/atoms/_entry/Brainstorm.tsx
FN:22,(anonymous_0)
FN:28,(anonymous_1)
FN:34,(anonymous_2)
FN:38,(anonymous_3)
FN:51,brainstorm
FN:52,(anonymous_5)
FNF:6
FNH:1
FNDA:0,(anonymous_0)
FNDA:0,(anonymous_1)
FNDA:0,(anonymous_2)
FNDA:0,(anonymous_3)
FNDA:4,brainstorm
FNDA:0,(anonymous_5)
DA:11,2
DA:23,0
DA:24,0
DA:25,0
DA:39,0
DA:41,0
DA:52,4
DA:53,0
DA:58,4
DA:60,4
LF:10
LH:4
BRF:0
BRH:0
end_of_record
TN:
SF:src/atoms/_entry/buildApolloClient.ts
FN:17,(anonymous_0)
FN:22,EdvisorHttpLink
FN:23,(anonymous_2)
FN:46,checkSource
FN:53,isESource
FN:67,_dangerouslyBuildApolloClient
FN:72,(anonymous_6)
FN:78,(anonymous_7)
FN:80,(anonymous_8)
FN:82,(anonymous_9)
FNF:10
FNH:9
FNDA:0,(anonymous_0)
FNDA:6,EdvisorHttpLink
FNDA:15,(anonymous_2)
FNDA:28,checkSource
FNDA:43,isESource
FNDA:21,_dangerouslyBuildApolloClient
FNDA:15,(anonymous_6)
FNDA:15,(anonymous_7)
FNDA:13,(anonymous_8)
FNDA:13,(anonymous_9)
DA:18,0
DA:23,6
DA:24,15
DA:26,15
DA:34,6
DA:42,3
DA:47,28
DA:48,28
DA:50,28
DA:54,43
DA:55,4
DA:56,39
DA:57,0
DA:68,21
DA:69,18
DA:72,3
DA:73,15
DA:74,15
DA:76,15
DA:78,15
DA:80,13
DA:82,13
DA:88,3
DA:93,3
LF:24
LH:22
BRDA:54,0,0,4
BRDA:54,0,1,39
BRDA:54,0,2,0
BRDA:68,1,0,18
BRDA:68,1,1,3
BRF:5
BRH:4
end_of_record
TN:
SF:src/atoms/_entry/buildBrainstormBridge.ts
FN:11,(anonymous_0)
FN:19,_dangerouslyGetBrainstormBridge
FN:23,_dangerouslyUpdateBrainstormBridge
FNF:3
FNH:1
FNDA:55,(anonymous_0)
FNDA:0,_dangerouslyGetBrainstormBridge
FNDA:0,_dangerouslyUpdateBrainstormBridge
DA:10,2
DA:11,55
DA:15,2
DA:20,0
DA:24,0
LF:5
LH:3
BRF:0
BRH:0
end_of_record
TN:
SF:src/atoms/_entry/index.ts
FNF:0
FNH:0
LF:0
LH:0
BRF:0
BRH:0
end_of_record
TN:
SF:src/atoms/components/index.ts
FNF:0
FNH:0
LF:0
LH:0
BRF:0
BRH:0
end_of_record
TN:
SF:src/atoms/components/ClickOutside/ClickOutside.tsx
FN:16,(anonymous_0)
FN:23,(anonymous_1)
FN:28,(anonymous_2)
FN:33,(anonymous_3)
FN:40,(anonymous_4)
FN:51,(anonymous_5)
FNF:6
FNH:4
FNDA:22,(anonymous_0)
FNDA:22,(anonymous_1)
FNDA:22,(anonymous_2)
FNDA:0,(anonymous_3)
FNDA:0,(anonymous_4)
FNDA:35,(anonymous_5)
DA:17,22
DA:19,22
DA:20,22
DA:25,22
DA:30,22
DA:34,0
DA:35,0
DA:41,0
DA:42,0
DA:44,0
DA:45,0
DA:48,0
DA:52,35
LF:13
LH:6
BRDA:34,0,0,0
BRDA:34,0,1,0
BRDA:44,1,0,0
BRDA:44,1,1,0
BRF:4
BRH:0
end_of_record
TN:
SF:src/atoms/components/ClickOutside/index.ts
FNF:0
FNH:0
LF:0
LH:0
BRF:0
BRH:0
end_of_record
TN:
SF:src/atoms/components/Nothing/Nothing.tsx
FN:3,Nothing
FNF:1
FNH:1
FNDA:40,Nothing
DA:4,40
LF:1
LH:1
BRF:0
BRH:0
end_of_record
TN:
SF:src/atoms/components/Nothing/index.ts
FNF:0
FNH:0
LF:0
LH:0
BRF:0
BRH:0
end_of_record
TN:
SF:src/atoms/components/Typography/Typography.tsx
FN:12,isReactText
FN:20,TranslatedText
FNF:2
FNH:2
FNDA:55,isReactText
FNDA:55,TranslatedText
DA:13,55
DA:21,55
DA:23,55
DA:25,55
DA:28,2
LF:5
LH:5
BRDA:13,0,0,55
BRDA:13,0,1,0
BRDA:25,1,0,0
BRDA:25,1,1,55
BRF:4
BRH:2
end_of_record
TN:
SF:src/atoms/components/Typography/index.ts
FNF:0
FNH:0
LF:0
LH:0
BRF:0
BRH:0
end_of_record
TN:
SF:src/atoms/helpers/assert.ts
FN:1,assert
FNF:1
FNH:1
FNDA:258,assert
DA:2,258
DA:3,0
LF:2
LH:1
BRDA:1,0,0,158
BRDA:2,1,0,0
BRDA:2,1,1,258
BRF:3
BRH:2
end_of_record
TN:
SF:src/atoms/helpers/assertNever.ts
FN:1,assertNever
FNF:1
FNH:0
FNDA:0,assertNever
DA:2,0
LF:1
LH:0
BRF:0
BRH:0
end_of_record
TN:
SF:src/atoms/helpers/index.ts
FNF:0
FNH:0
LF:0
LH:0
BRF:0
BRH:0
end_of_record
TN:
SF:src/atoms/helpers/safeNavigation.ts
FN:7,isDefined
FN:13,isNil
FN:18,isEmpty
FN:39,safelyCallEffect
FN:46,safelyCallEffect0
FN:52,hasFirstElement
FNF:6
FNH:5
FNDA:913,isDefined
FNDA:478,isNil
FNDA:102,isEmpty
FNDA:11,safelyCallEffect
FNDA:0,safelyCallEffect0
FNDA:36,hasFirstElement
DA:9,913
DA:14,478
DA:19,102
DA:40,11
DA:41,0
DA:47,0
DA:48,0
DA:53,36
LF:8
LH:5
BRDA:9,0,0,913
BRDA:9,0,1,520
BRDA:19,1,0,102
BRDA:19,1,1,102
BRDA:19,1,2,21
BRDA:40,2,0,0
BRDA:40,2,1,11
BRDA:47,3,0,0
BRDA:47,3,1,0
BRF:9
BRH:6
end_of_record
TN:
SF:src/atoms/helpers/toString.ts
FN:3,stringify
FNF:1
FNH:0
FNDA:0,stringify
DA:4,0
LF:1
LH:0
BRF:0
BRH:0
end_of_record
TN:
SF:src/atoms/helpers/type-safety/index.ts
FNF:0
FNH:0
LF:0
LH:0
BRF:0
BRH:0
end_of_record
TN:
SF:src/atoms/helpers/type-safety/type-guard.ts
FN:6,isString
FN:10,isBoolean
FN:15,isNumber
FN:20,isActuallyNumber
FN:24,isObject
FN:28,isDate
FN:35,isFunction
FN:45,(anonymous_7)
FN:48,(anonymous_8)
FN:49,(anonymous_9)
FN:51,(anonymous_10)
FN:53,array
FN:56,(anonymous_12)
FN:69,optional
FN:72,(anonymous_14)
FN:97,(anonymous_15)
FN:118,(anonymous_16)
FN:118,(anonymous_17)
FN:124,recoverRule
FN:132,(anonymous_19)
FN:148,typeGuard
FN:150,(anonymous_21)
FN:157,(anonymous_22)
FN:172,buildTypeGuard
FNF:24
FNH:8
FNDA:0,isString
FNDA:0,isBoolean
FNDA:0,isNumber
FNDA:0,isActuallyNumber
FNDA:0,isObject
FNDA:0,isDate
FNDA:86,isFunction
FNDA:0,(anonymous_7)
FNDA:0,(anonymous_8)
FNDA:0,(anonymous_9)
FNDA:0,(anonymous_10)
FNDA:0,array
FNDA:0,(anonymous_12)
FNDA:0,optional
FNDA:0,(anonymous_14)
FNDA:0,(anonymous_15)
FNDA:43,(anonymous_16)
FNDA:43,(anonymous_17)
FNDA:86,recoverRule
FNDA:0,(anonymous_19)
FNDA:3,typeGuard
FNDA:43,(anonymous_21)
FNDA:43,(anonymous_22)
FNDA:3,buildTypeGuard
DA:7,0
DA:11,0
DA:16,0
DA:21,0
DA:25,0
DA:29,0
DA:32,5
DA:36,86
DA:45,5
DA:48,0
DA:49,0
DA:51,5
DA:56,0
DA:57,0
DA:58,0
DA:61,0
DA:62,0
DA:65,0
DA:72,0
DA:73,0
DA:74,0
DA:77,0
DA:78,0
DA:81,0
DA:82,0
DA:83,0
DA:86,0
DA:89,0
DA:90,0
DA:93,0
DA:97,5
DA:98,0
DA:100,0
DA:102,0
DA:105,0
DA:107,0
DA:111,0
DA:118,43
DA:119,43
DA:120,43
DA:121,43
DA:125,86
DA:126,86
DA:129,0
DA:130,0
DA:132,0
DA:133,0
DA:134,0
DA:137,0
DA:141,0
DA:142,0
DA:145,0
DA:150,3
DA:151,43
DA:152,0
DA:155,43
DA:157,43
DA:159,43
DA:160,43
DA:161,43
DA:163,43
DA:164,0
DA:167,43
DA:173,3
LF:64
LH:21
BRDA:21,0,0,0
BRDA:21,0,1,0
BRDA:49,1,0,0
BRDA:49,1,1,0
BRDA:57,2,0,0
BRDA:57,2,1,0
BRDA:61,3,0,0
BRDA:61,3,1,0
BRDA:73,4,0,0
BRDA:73,4,1,0
BRDA:77,5,0,0
BRDA:77,5,1,0
BRDA:78,6,0,0
BRDA:78,6,1,0
BRDA:81,7,0,0
BRDA:81,7,1,0
BRDA:82,8,0,0
BRDA:82,8,1,0
BRDA:89,9,0,0
BRDA:89,9,1,0
BRDA:90,10,0,0
BRDA:90,10,1,0
BRDA:98,11,0,0
BRDA:98,11,1,0
BRDA:100,12,0,0
BRDA:100,12,1,0
BRDA:105,13,0,0
BRDA:105,13,1,0
BRDA:125,14,0,86
BRDA:125,14,1,0
BRDA:129,15,0,0
BRDA:129,15,1,0
BRDA:133,16,0,0
BRDA:133,16,1,0
BRDA:141,17,0,0
BRDA:141,17,1,0
BRDA:151,18,0,0
BRDA:151,18,1,43
BRDA:163,19,0,0
BRDA:163,19,1,43
BRF:40
BRH:3
end_of_record
TN:
SF:src/atoms/hooks/index.ts
FNF:0
FNH:0
LF:0
LH:0
BRF:0
BRH:0
end_of_record
TN:
SF:src/atoms/hooks/useAppContext.ts
FN:4,useAppContext
FNF:1
FNH:1
FNDA:55,useAppContext
DA:5,55
LF:1
LH:1
BRF:0
BRH:0
end_of_record
TN:
SF:src/atoms/hooks/useQuery.ts
FN:4,useQuery
FNF:1
FNH:1
FNDA:23,useQuery
DA:9,23
LF:1
LH:1
BRF:0
BRH:0
end_of_record
TN:
SF:src/clients/el-agents/components/MultiSelectCourseCategoryByTaxonomy/MultiSelectCourseCategoryByTaxonomy.tsx
FN:34,MultiSelectCourseCategoryByTaxonomy
FN:38,(anonymous_1)
FN:40,(anonymous_2)
FN:46,(anonymous_3)
FN:51,(anonymous_4)
FN:56,(anonymous_5)
FN:59,(anonymous_6)
FN:65,(anonymous_7)
FN:72,(anonymous_8)
FN:81,(anonymous_9)
FN:84,(anonymous_10)
FN:92,(anonymous_11)
FN:120,(anonymous_12)
FN:121,(anonymous_13)
FN:121,(anonymous_14)
FN:137,(anonymous_15)
FN:149,toSelectedCategories
FN:151,(anonymous_17)
FN:151,(anonymous_18)
FN:163,uniqByContentId
FN:164,(anonymous_20)
FNF:21
FNH:20
FNDA:23,MultiSelectCourseCategoryByTaxonomy
FNDA:46,(anonymous_1)
FNDA:220,(anonymous_2)
FNDA:95,(anonymous_3)
FNDA:55,(anonymous_4)
FNDA:2,(anonymous_5)
FNDA:4,(anonymous_6)
FNDA:3,(anonymous_7)
FNDA:46,(anonymous_8)
FNDA:7,(anonymous_9)
FNDA:7,(anonymous_10)
FNDA:0,(anonymous_11)
FNDA:43,(anonymous_12)
FNDA:38,(anonymous_13)
FNDA:19,(anonymous_14)
FNDA:2,(anonymous_15)
FNDA:2,toSelectedCategories
FNDA:5,(anonymous_17)
FNDA:5,(anonymous_18)
FNDA:56,uniqByContentId
FNDA:38,(anonymous_20)
DA:35,23
DA:37,23
DA:38,23
DA:39,46
DA:41,220
DA:42,201
DA:46,95
DA:48,19
DA:51,55
DA:55,23
DA:58,2
DA:60,4
DA:61,4
DA:63,4
DA:65,3
DA:72,23
DA:73,46
DA:74,46
DA:76,46
DA:77,46
DA:79,46
DA:80,46
DA:81,7
DA:83,46
DA:84,7
DA:86,46
DA:87,18
DA:117,28
DA:119,28
DA:120,43
DA:121,38
DA:123,28
DA:125,28
DA:126,28
DA:127,28
DA:130,28
DA:132,28
DA:139,2
DA:141,2
DA:150,2
DA:151,5
DA:152,2
DA:156,23
DA:164,56
LF:44
LH:44
BRDA:41,0,0,201
BRDA:41,0,1,19
BRDA:48,1,0,19
BRDA:48,1,1,10
BRDA:48,1,2,10
BRDA:86,2,0,18
BRDA:86,2,1,28
BRDA:86,3,0,46
BRDA:86,3,1,23
BRDA:95,4,0,0
BRDA:95,4,1,18
BRDA:120,5,0,43
BRDA:120,5,1,11
BRDA:126,6,0,5
BRDA:126,6,1,23
BRDA:145,7,0,0
BRDA:145,7,1,28
BRDA:158,8,0,12
BRDA:158,8,1,11
BRF:19
BRH:17
end_of_record
TN:
SF:src/clients/el-agents/components/MultiSelectCourseCategoryByTaxonomy/helpers/NestedSetModelHelpers.ts
FN:9,isDescendentOf
FN:13,isDescendentOfSome
FN:14,(anonymous_2)
FN:19,isLeaf
FN:20,(anonymous_4)
FN:23,isChildOf
FNF:6
FNH:6
FNDA:22,isDescendentOf
FNDA:11,isDescendentOfSome
FNDA:11,(anonymous_2)
FNDA:14,isLeaf
FNDA:22,(anonymous_4)
FNDA:22,isChildOf
DA:10,22
DA:14,11
DA:20,22
DA:24,22
LF:4
LH:4
BRDA:10,0,0,22
BRDA:10,0,1,16
BRDA:24,1,0,22
BRDA:24,1,1,4
BRDA:24,1,2,0
BRF:5
BRH:4
end_of_record
TN:
SF:src/clients/el-agents/components/MultiSelectCourseCategoryByTaxonomy/helpers/createMenuItemsFromNestedOptions.ts
FN:6,(anonymous_0)
FN:7,(anonymous_1)
FN:48,(anonymous_2)
FN:52,(anonymous_3)
FN:53,(anonymous_4)
FNF:5
FNH:5
FNDA:28,(anonymous_0)
FNDA:21,(anonymous_1)
FNDA:18,(anonymous_2)
FNDA:5,(anonymous_3)
FNDA:5,(anonymous_4)
DA:6,1
DA:7,28
DA:8,21
DA:9,21
DA:11,0
DA:17,28
DA:28,1
DA:48,1
DA:49,18
DA:50,18
DA:52,5
DA:53,1
DA:54,5
LF:13
LH:12
BRDA:8,0,0,21
BRDA:8,0,1,0
BRDA:8,1,0,21
BRDA:8,1,1,21
BRF:4
BRH:3
end_of_record
TN:
SF:src/clients/el-agents/components/MultiSelectCourseCategoryByTaxonomy/helpers/index.ts
FNF:0
FNH:0
LF:0
LH:0
BRF:0
BRH:0
end_of_record
TN:
SF:src/clients/el-agents/components/MultiSelectCourseCategoryByTaxonomy/helpers/leftRightTreeParser.ts
FN:16,mapLeftRightChildrenToTree
FN:18,(anonymous_1)
FN:22,(anonymous_2)
FN:32,hasSingleTopParentWithChildren
FN:43,(anonymous_4)
FN:44,(anonymous_5)
FN:45,findParentNode
FN:46,(anonymous_7)
FN:48,isRootNode
FN:51,(anonymous_9)
FN:53,(anonymous_10)
FN:64,(anonymous_11)
FN:73,(anonymous_12)
FNF:13
FNH:13
FNDA:30,mapLeftRightChildrenToTree
FNDA:72,(anonymous_1)
FNDA:13,(anonymous_2)
FNDA:36,hasSingleTopParentWithChildren
FNDA:28,(anonymous_4)
FNDA:47,(anonymous_5)
FNDA:30,findParentNode
FNDA:47,(anonymous_7)
FNDA:30,isRootNode
FNDA:30,(anonymous_9)
FNDA:17,(anonymous_10)
FNDA:28,(anonymous_11)
FNDA:28,(anonymous_12)
DA:18,30
DA:19,72
DA:22,30
DA:33,36
DA:34,12
DA:37,24
DA:44,47
DA:46,47
DA:49,30
DA:51,30
DA:52,28
DA:53,17
DA:61,28
DA:65,28
DA:68,28
DA:69,8
DA:74,28
LF:17
LH:17
BRDA:19,0,0,72
BRDA:19,0,1,21
BRDA:19,0,2,13
BRDA:33,1,0,12
BRDA:33,1,1,24
BRDA:33,2,0,36
BRDA:33,2,1,36
BRDA:37,3,0,24
BRDA:37,3,1,24
BRDA:44,4,0,47
BRDA:44,4,1,16
BRDA:44,4,2,13
BRF:12
BRH:12
end_of_record
TN:
SF:src/clients/el-agents/components/MultiSelectCourseCategoryByTaxonomy/helpers/toSelectOption.ts
FN:4,toSelectOption
FNF:1
FNH:1
FNDA:28,toSelectOption
DA:5,28
LF:1
LH:1
BRF:0
BRH:0
end_of_record
TN:
SF:src/clients/el-agents/components/MultiSelectCourseCategoryByTaxonomy/hooks/index.ts
FNF:0
FNH:0
LF:0
LH:0
BRF:0
BRH:0
end_of_record
TN:
SF:src/clients/el-agents/components/MultiSelectCourseCategoryByTaxonomy/hooks/useNestedSetModelByTaxonomy.ts
FN:16,useNestedSetModelByTaxonomy
FN:17,(anonymous_1)
FN:17,(anonymous_2)
FN:24,(anonymous_3)
FN:42,stratify
FN:45,(anonymous_5)
FN:120,rectify
FN:121,(anonymous_7)
FN:131,(anonymous_8)
FN:137,partition
FN:138,(anonymous_10)
FNF:11
FNH:11
FNDA:23,useNestedSetModelByTaxonomy
FNDA:58,(anonymous_1)
FNDA:84,(anonymous_2)
FNDA:2,(anonymous_3)
FNDA:25,stratify
FNDA:10,(anonymous_5)
FNDA:25,rectify
FNDA:8,(anonymous_7)
FNDA:1,(anonymous_8)
FNDA:48,partition
FNDA:96,(anonymous_10)
DA:17,84
DA:18,23
DA:19,23
DA:21,23
DA:22,23
DA:24,23
DA:25,2
DA:26,2
DA:27,2
DA:28,2
DA:30,2
DA:33,23
DA:43,25
DA:45,25
DA:46,10
DA:47,8
DA:50,10
DA:52,10
DA:55,25
DA:121,25
DA:124,8
DA:125,7
DA:130,1
DA:131,1
DA:138,48
DA:139,96
LF:26
LH:26
BRDA:46,0,0,8
BRDA:46,0,1,2
BRDA:124,1,0,7
BRDA:124,1,1,1
BRF:4
BRH:4
end_of_record
TN:
SF:src/clients/el-agents/components/MultiSelectCourseCategoryByTaxonomy/hooks/useQueryCourseCategories.ts
FN:74,useQueryCourseCategoriesByTaxonomy
FN:81,(anonymous_1)
FN:88,(anonymous_2)
FN:105,toCourseCategory
FNF:4
FNH:4
FNDA:23,useQueryCourseCategoriesByTaxonomy
FNDA:11,(anonymous_1)
FNDA:23,(anonymous_2)
FNDA:116,toCourseCategory
DA:42,1
DA:75,23
DA:82,11
DA:84,11
DA:88,23
DA:89,23
DA:90,0
DA:93,23
DA:94,12
DA:97,11
DA:103,1
DA:106,116
DA:117,1
LF:13
LH:12
BRDA:89,0,0,0
BRDA:89,0,1,23
BRDA:93,1,0,12
BRDA:93,1,1,11
BRDA:93,2,0,23
BRDA:93,2,1,11
BRF:6
BRH:5
end_of_record
TN:
SF:src/common/components/Button.tsx
FN:29,Button
FN:32,(anonymous_1)
FNF:2
FNH:0
FNDA:0,Button
FNDA:0,(anonymous_1)
DA:5,1
DA:30,0
DA:32,0
DA:33,0
DA:36,0
LF:5
LH:1
BRDA:38,0,0,0
BRDA:38,0,1,0
BRF:2
BRH:0
end_of_record
TN:
SF:src/common/components/Fetch.tsx
FN:19,greetingReducer
FN:38,Fetch
FN:45,(anonymous_2)
FN:48,(anonymous_3)
FN:54,(anonymous_4)
FN:62,(anonymous_5)
FNF:6
FNH:6
FNDA:2,greetingReducer
FNDA:5,Fetch
FNDA:2,(anonymous_2)
FNDA:1,(anonymous_3)
FNDA:1,(anonymous_4)
FNDA:2,(anonymous_5)
DA:15,2
DA:20,2
DA:22,1
DA:27,1
DA:33,0
DA:39,5
DA:43,5
DA:45,5
DA:46,2
DA:49,1
DA:50,1
DA:51,1
DA:52,1
DA:55,1
DA:58,5
DA:60,5
DA:62,2
LF:17
LH:16
BRDA:20,0,0,1
BRDA:20,0,1,1
BRDA:20,0,2,0
BRDA:58,1,0,1
BRDA:58,1,1,4
BRDA:65,2,0,5
BRDA:65,2,1,2
BRDA:66,3,0,5
BRDA:66,3,1,1
BRF:9
BRH:8
end_of_record
TN:
SF:src/common/components/PostsList.tsx
FN:14,PostsList
FN:20,(anonymous_1)
FN:22,(anonymous_2)
FNF:3
FNH:0
FNDA:0,PostsList
FNDA:0,(anonymous_1)
FNDA:0,(anonymous_2)
DA:15,0
DA:21,0
DA:22,0
LF:3
LH:0
BRF:0
BRH:0
end_of_record
TN:
SF:src/common/components/index.ts
FNF:0
FNH:0
LF:0
LH:0
BRF:0
BRH:0
end_of_record
TN:
SF:src/common/components/AgencyCompanyInfo/AgencyCompanyInfo.tsx
FN:10,AgencyCompanyInfo
FN:14,(anonymous_1)
FNF:2
FNH:0
FNDA:0,AgencyCompanyInfo
FNDA:0,(anonymous_1)
DA:11,0
DA:13,0
DA:14,0
DA:16,0
LF:4
LH:0
BRF:0
BRH:0
end_of_record
TN:
SF:src/common/components/AgencyCompanyInfo/index.ts
FNF:0
FNH:0
DA:3,1
LF:1
LH:1
BRF:0
BRH:0
end_of_record
TN:
SF:src/common/components/AgencyCompanyInfo/useQueryAgencyCompany.ts
FN:34,useQueryAgencyCompany
FNF:1
FNH:0
FNDA:0,useQueryAgencyCompany
DA:6,1
DA:35,0
DA:37,0
DA:38,0
DA:41,0
LF:5
LH:1
BRDA:37,0,0,0
BRDA:37,0,1,0
BRDA:42,1,0,0
BRDA:42,1,1,0
BRF:4
BRH:0
end_of_record
TN:
SF:src/common/components/BrainstormBridge/BrainstormBridge.tsx
FN:15,(anonymous_0)
FN:20,(anonymous_1)
FN:28,(anonymous_2)
FNF:3
FNH:0
FNDA:0,(anonymous_0)
FNDA:0,(anonymous_1)
FNDA:0,(anonymous_2)
DA:4,1
DA:20,0
DA:21,0
DA:29,0
LF:4
LH:1
BRF:0
BRH:0
end_of_record
TN:
SF:src/common/components/BrainstormBridge/index.ts
FNF:0
FNH:0
LF:0
LH:0
BRF:0
BRH:0
end_of_record
TN:
SF:src/common/components/Countries/Countries.tsx
FN:34,Countries
FN:52,(anonymous_1)
FNF:2
FNH:2
FNDA:8,Countries
FNDA:2,(anonymous_1)
DA:11,2
DA:20,2
DA:35,8
DA:37,8
DA:43,8
DA:44,4
DA:46,2
DA:48,2
DA:50,2
DA:53,2
LF:10
LH:10
BRDA:35,0,0,4
BRDA:35,0,1,4
BRDA:43,1,0,4
BRDA:43,1,1,4
BRDA:44,2,0,2
BRDA:44,2,1,2
BRDA:48,3,0,1
BRDA:48,3,1,1
BRF:8
BRH:8
end_of_record
TN:
SF:src/common/components/Countries/index.tsx
FNF:0
FNH:0
DA:3,1
LF:1
LH:1
BRF:0
BRH:0
end_of_record
TN:
SF:src/common/components/Input/index.ts
FNF:0
FNH:0
LF:0
LH:0
BRF:0
BRH:0
end_of_record
TN:
SF:src/common/components/Input/LayeredMenu/LayeredMultiSelect.tsx
FN:18,LayeredMultiSelect
FN:19,(anonymous_1)
FN:25,(anonymous_2)
FN:36,(anonymous_3)
FN:48,alreadyExists
FN:49,(anonymous_5)
FNF:6
FNH:4
FNDA:22,LayeredMultiSelect
FNDA:2,(anonymous_1)
FNDA:0,(anonymous_2)
FNDA:35,(anonymous_3)
FNDA:2,alreadyExists
FNDA:0,(anonymous_5)
DA:18,1
DA:19,22
DA:20,2
DA:22,2
DA:25,22
DA:26,0
DA:28,0
DA:31,22
DA:37,35
DA:49,2
LF:10
LH:8
BRDA:20,0,0,0
BRDA:20,0,1,2
BRF:2
BRH:1
end_of_record
TN:
SF:src/common/components/Input/LayeredMenu/LayeredSelect.tsx
FN:19,LayeredSelect
FN:20,(anonymous_1)
FN:34,(anonymous_2)
FN:47,alreadySelected
FNF:4
FNH:0
FNDA:0,LayeredSelect
FNDA:0,(anonymous_1)
FNDA:0,(anonymous_2)
FNDA:0,alreadySelected
DA:19,1
DA:20,0
DA:21,0
DA:23,0
DA:26,0
DA:28,0
DA:35,0
DA:48,0
LF:8
LH:1
BRDA:21,0,0,0
BRDA:21,0,1,0
BRDA:26,1,0,0
BRDA:26,1,1,0
BRDA:48,2,0,0
BRDA:48,2,1,0
BRF:6
BRH:0
end_of_record
TN:
SF:src/common/components/Input/LayeredMenu/StackedMenu.tsx
FN:25,StackedMenu
FN:27,(anonymous_1)
FN:27,(anonymous_2)
FN:29,(anonymous_3)
FN:36,(anonymous_4)
FNF:5
FNH:0
FNDA:0,StackedMenu
FNDA:0,(anonymous_1)
FNDA:0,(anonymous_2)
FNDA:0,(anonymous_3)
FNDA:0,(anonymous_4)
DA:11,1
DA:26,0
DA:27,0
DA:28,0
DA:29,0
DA:37,0
DA:38,0
LF:7
LH:1
BRDA:33,0,0,0
BRDA:33,0,1,0
BRF:2
BRH:0
end_of_record
TN:
SF:src/common/components/Input/LayeredMenu/index.ts
FNF:0
FNH:0
LF:0
LH:0
BRF:0
BRH:0
end_of_record
TN:
SF:src/common/components/Input/LayeredMenu/metadata.ts
FNF:0
FNH:0
LF:0
LH:0
BRF:0
BRH:0
end_of_record
TN:
SF:src/common/components/Input/LayeredMenu/components/LayeredMenu.tsx
FN:25,LayeredMenu
FN:28,(anonymous_1)
FN:28,(anonymous_2)
FN:31,(anonymous_3)
FN:39,(anonymous_4)
FNF:5
FNH:4
FNDA:35,LayeredMenu
FNDA:11,(anonymous_1)
FNDA:11,(anonymous_2)
FNDA:0,(anonymous_3)
FNDA:2,(anonymous_4)
DA:11,1
DA:26,35
DA:28,35
DA:30,35
DA:31,0
DA:40,2
DA:41,2
LF:7
LH:6
BRDA:35,0,0,11
BRDA:35,0,1,24
BRF:2
BRH:2
end_of_record
TN:
SF:src/common/components/Input/LayeredMenu/components/LayeredMenuDropdown.tsx
FN:19,LayeredMenuDropdown
FN:32,(anonymous_1)
FN:51,(anonymous_2)
FN:54,(anonymous_3)
FN:61,(anonymous_4)
FN:71,isNotRoot
FN:76,isBranch
FNF:7
FNH:5
FNDA:11,LayeredMenuDropdown
FNDA:0,(anonymous_1)
FNDA:16,(anonymous_2)
FNDA:0,(anonymous_3)
FNDA:2,(anonymous_4)
FNDA:11,isNotRoot
FNDA:16,isBranch
DA:11,1
DA:12,1
DA:19,1
DA:21,11
DA:27,11
DA:30,11
DA:32,11
DA:33,0
DA:35,0
DA:37,0
DA:40,11
DA:52,16
DA:53,0
DA:54,0
DA:60,16
DA:61,2
DA:72,11
DA:77,16
LF:18
LH:13
BRDA:30,0,0,0
BRDA:30,0,1,11
BRDA:35,1,0,0
BRDA:35,1,1,0
BRDA:43,2,0,0
BRDA:43,2,1,11
BRDA:52,3,0,0
BRDA:52,3,1,16
BRF:8
BRH:3
end_of_record
TN:
SF:src/common/components/Input/LayeredMenu/components/LayeredMenuDropdownHelper.ts
FN:12,(anonymous_0)
FN:23,(anonymous_1)
FNF:2
FNH:2
FNDA:9,(anonymous_0)
FNDA:11,(anonymous_1)
DA:12,2
DA:13,9
DA:16,9
DA:18,15
DA:19,15
DA:21,15
DA:23,15
DA:25,11
DA:28,5
LF:9
LH:9
BRDA:23,0,0,4
BRDA:23,0,1,11
BRF:2
BRH:2
end_of_record
TN:
SF:src/common/components/Input/LayeredMenu/components/StackedMenuDropdown.tsx
FN:50,StackedMenuDropDown
FN:53,(anonymous_1)
FN:58,(anonymous_2)
FN:67,(anonymous_3)
FN:70,(anonymous_4)
FN:73,(anonymous_5)
FN:80,(anonymous_6)
FN:94,isBranch
FNF:8
FNH:0
FNDA:0,StackedMenuDropDown
FNDA:0,(anonymous_1)
FNDA:0,(anonymous_2)
FNDA:0,(anonymous_3)
FNDA:0,(anonymous_4)
FNDA:0,(anonymous_5)
FNDA:0,(anonymous_6)
FNDA:0,isBranch
DA:10,1
DA:20,1
DA:24,1
DA:28,1
DA:35,1
DA:51,0
DA:53,0
DA:54,0
DA:55,0
DA:58,0
DA:59,0
DA:60,0
DA:61,0
DA:64,0
DA:68,0
DA:71,0
DA:72,0
DA:73,0
DA:79,0
DA:80,0
DA:95,0
LF:21
LH:5
BRDA:71,0,0,0
BRDA:71,0,1,0
BRF:2
BRH:0
end_of_record
TN:
SF:src/common/components/Input/LayeredMenu/components/index.ts
FNF:0
FNH:0
LF:0
LH:0
BRF:0
BRH:0
end_of_record
TN:
SF:src/common/components/Input/LayeredMenu/components/styled.tsx
FNF:0
FNH:0
DA:3,1
DA:22,1
DA:39,1
DA:58,1
DA:69,1
LF:5
LH:5
BRF:0
BRH:0
end_of_record
TN:
SF:src/common/components/Input/MultiSelectBar/MultiSelectBar.tsx
FN:15,LayeredMenuBar
FN:25,(anonymous_1)
FNF:2
FNH:2
FNDA:35,LayeredMenuBar
FNDA:7,(anonymous_1)
DA:15,1
DA:16,35
DA:26,7
LF:3
LH:3
BRDA:20,0,0,30
BRDA:20,0,1,5
BRF:2
BRH:2
end_of_record
TN:
SF:src/common/components/Input/MultiSelectBar/index.ts
FNF:0
FNH:0
LF:0
LH:0
BRF:0
BRH:0
end_of_record
TN:
SF:src/common/components/Input/MultiSelectBar/styled.ts
FNF:0
FNH:0
DA:3,1
DA:9,1
DA:21,1
DA:28,1
DA:35,1
LF:5
LH:5
BRF:0
BRH:0
end_of_record
TN:
SF:src/common/components/Input/MultiSelectBar/components/MultiSelectBarPill.tsx
FN:12,MultiSelectBarPill
FN:21,suppressClickEvent
FN:25,handleCloseClick
FNF:3
FNH:1
FNDA:7,MultiSelectBarPill
FNDA:0,suppressClickEvent
FNDA:0,handleCloseClick
DA:14,7
DA:22,0
DA:26,0
DA:27,0
LF:4
LH:1
BRF:0
BRH:0
end_of_record
TN:
SF:src/common/components/Input/MultiSelectBar/components/index.ts
FNF:0
FNH:0
LF:0
LH:0
BRF:0
BRH:0
end_of_record
TN:
SF:src/common/components/Input/MultiSelectBar/components/styled.tsx
FN:13,IconCloseClickable
FNF:1
FNH:1
FNDA:7,IconCloseClickable
DA:4,1
DA:8,1
DA:14,7
DA:21,1
LF:4
LH:4
BRF:0
BRH:0
end_of_record
TN:
SF:src/common/components/Recruit/index.ts
FNF:0
FNH:0
LF:0
LH:0
BRF:0
BRH:0
end_of_record
TN:
SF:src/common/components/Recruit/ElementWrapper/ElementWrapper.tsx
FN:8,ElementWrapper
FNF:1
FNH:0
FNDA:0,ElementWrapper
DA:9,0
LF:1
LH:0
BRF:0
BRH:0
end_of_record
TN:
SF:src/common/components/Recruit/ElementWrapper/index.ts
FNF:0
FNH:0
DA:3,1
LF:1
LH:1
BRF:0
BRH:0
end_of_record
TN:
SF:src/common/components/StudentInfoCard/StudentInfoCard.tsx
FN:29,StudentInfoCard
FN:40,(anonymous_1)
FN:40,(anonymous_2)
FNF:3
FNH:0
FNDA:0,StudentInfoCard
FNDA:0,(anonymous_1)
FNDA:0,(anonymous_2)
DA:5,1
DA:21,1
DA:30,0
DA:32,0
DA:40,0
LF:5
LH:2
BRF:0
BRH:0
end_of_record
TN:
SF:src/common/components/StudentInfoCard/index.ts
FNF:0
FNH:0
DA:3,1
LF:1
LH:1
BRF:0
BRH:0
end_of_record
TN:
SF:src/common/helpers/DOMHelpers.ts
FN:3,isNode
FN:11,(anonymous_1)
FNF:2
FNH:0
FNDA:0,isNode
FNDA:0,(anonymous_1)
DA:4,0
DA:11,2
DA:12,0
DA:13,0
DA:16,0
DA:17,0
DA:20,0
LF:7
LH:1
BRDA:12,0,0,0
BRDA:12,0,1,0
BRDA:12,1,0,0
BRDA:12,1,1,0
BRDA:16,2,0,0
BRDA:16,2,1,0
BRF:6
BRH:0
end_of_record
TN:
SF:src/common/helpers/arrayHelpers.ts
FN:3,(anonymous_0)
FN:5,immutableReplace
FN:6,(anonymous_2)
FN:14,immutableRemove
FN:15,(anonymous_4)
FN:23,isInBounds
FN:27,lastIndex
FN:31,immutablySet
FN:32,(anonymous_8)
FN:35,adjust
FNF:10
FNH:7
FNDA:0,(anonymous_0)
FNDA:3,immutableReplace
FNDA:9,(anonymous_2)
FNDA:3,immutableRemove
FNDA:9,(anonymous_4)
FNDA:0,isInBounds
FNDA:0,lastIndex
FNDA:2,immutablySet
FNDA:2,(anonymous_8)
FNDA:2,adjust
DA:3,3
DA:6,3
DA:7,9
DA:8,2
DA:10,7
DA:15,3
DA:16,9
DA:17,2
DA:19,7
DA:24,0
DA:28,0
DA:32,2
DA:36,2
DA:37,0
DA:40,2
DA:41,2
DA:42,2
DA:43,2
DA:44,2
DA:45,2
DA:46,2
LF:21
LH:18
BRDA:7,0,0,2
BRDA:7,0,1,7
BRDA:16,1,0,2
BRDA:16,1,1,7
BRDA:36,2,0,0
BRDA:36,2,1,2
BRDA:36,3,0,2
BRDA:36,3,1,2
BRDA:40,4,0,0
BRDA:40,4,1,2
BRF:10
BRH:8
end_of_record
TN:
SF:src/common/helpers/index.ts
FNF:0
FNH:0
LF:0
LH:0
BRF:0
BRH:0
end_of_record
TN:
SF:src/common/helpers/makeMock.ts
FN:3,makeMock
FN:4,(anonymous_1)
FN:5,(anonymous_2)
FNF:3
FNH:3
FNDA:1,makeMock
FNDA:4,(anonymous_1)
FNDA:11,(anonymous_2)
DA:4,1
DA:5,4
DA:6,11
LF:3
LH:3
BRDA:7,0,0,11
BRDA:7,0,1,0
BRF:2
BRH:1
end_of_record
TN:
SF:src/common/helpers/useDebounce.ts
FN:5,useDebounce
FN:7,(anonymous_1)
FNF:2
FNH:0
FNDA:0,useDebounce
FNDA:0,(anonymous_1)
DA:6,0
DA:7,0
LF:2
LH:0
BRF:0
BRH:0
end_of_record
TN:
SF:src/common/helpers/useDraft.ts
FN:20,useDraft
FN:25,(anonymous_1)
FN:30,(anonymous_2)
FN:35,(anonymous_3)
FNF:4
FNH:0
FNDA:0,useDraft
FNDA:0,(anonymous_1)
FNDA:0,(anonymous_2)
FNDA:0,(anonymous_3)
DA:21,0
DA:22,0
DA:23,0
DA:25,0
DA:26,0
DA:27,0
DA:30,0
DA:31,0
DA:32,0
DA:35,0
DA:36,0
DA:37,0
DA:40,0
LF:13
LH:0
BRF:0
BRH:0
end_of_record
TN:
SF:src/common/helpers/useWeakState.ts
FN:16,useWeakState
FN:19,(anonymous_1)
FNF:2
FNH:0
FNDA:0,useWeakState
FNDA:0,(anonymous_1)
DA:17,0
DA:19,0
DA:20,0
DA:23,0
LF:4
LH:0
BRF:0
BRH:0
end_of_record
